[0.158s] DEBUG:colcon:Command line arguments: ['/usr/bin/colcon', 'build']
[0.158s] DEBUG:colcon:Parsed command line arguments: Namespace(allow_overriding=[], ament_cmake_args=None, base_paths=['.'], build_base='build', catkin_cmake_args=None, catkin_skip_building_tests=False, cmake_args=None, cmake_clean_cache=False, cmake_clean_first=False, cmake_force_configure=False, cmake_target=None, cmake_target_skip_unavailable=False, continue_on_error=False, event_handlers=None, executor='parallel', ignore_user_meta=False, install_base='install', log_base=None, log_level=None, main=<bound method BuildVerb.main of <colcon_core.verb.build.BuildVerb object at 0x7efdf20c10a0>>, merge_install=False, metas=['./colcon.meta'], mixin=None, mixin_files=None, mixin_verb=('build',), packages_above=None, packages_above_and_dependencies=None, packages_above_depth=None, packages_end=None, packages_ignore=None, packages_ignore_regex=None, packages_select=None, packages_select_build_failed=False, packages_select_by_dep=None, packages_select_regex=None, packages_select_test_failures=False, packages_skip=None, packages_skip_build_finished=False, packages_skip_by_dep=None, packages_skip_regex=None, packages_skip_test_passed=False, packages_skip_up_to=None, packages_start=None, packages_up_to=None, packages_up_to_regex=None, parallel_workers=16, paths=None, symlink_install=False, test_result_base=None, verb_extension=<colcon_core.verb.build.BuildVerb object at 0x7efdf20c10a0>, verb_name='build', verb_parser=<colcon_mixin.mixin.mixin_argument.MixinArgumentDecorator object at 0x7efdf2010760>)
[0.188s] Level 1:colcon.colcon_core.package_discovery:discover_packages(colcon_meta) check parameters
[0.188s] Level 1:colcon.colcon_core.package_discovery:discover_packages(recursive) check parameters
[0.188s] Level 1:colcon.colcon_core.package_discovery:discover_packages(ignore) check parameters
[0.188s] Level 1:colcon.colcon_core.package_discovery:discover_packages(path) check parameters
[0.188s] Level 1:colcon.colcon_core.package_discovery:discover_packages(colcon_meta) discover
[0.188s] Level 1:colcon.colcon_core.package_discovery:discover_packages(recursive) discover
[0.188s] INFO:colcon.colcon_core.package_discovery:Crawling recursively for packages in '/home/dylan/xytron/xycar_ws'
[0.188s] Level 1:colcon.colcon_core.package_identification:_identify(.) by extensions ['ignore', 'ignore_ament_install']
[0.188s] Level 1:colcon.colcon_core.package_identification:_identify(.) by extension 'ignore'
[0.188s] Level 1:colcon.colcon_core.package_identification:_identify(.) by extension 'ignore_ament_install'
[0.188s] Level 1:colcon.colcon_core.package_identification:_identify(.) by extensions ['colcon_pkg']
[0.188s] Level 1:colcon.colcon_core.package_identification:_identify(.) by extension 'colcon_pkg'
[0.188s] Level 1:colcon.colcon_core.package_identification:_identify(.) by extensions ['colcon_meta']
[0.189s] Level 1:colcon.colcon_core.package_identification:_identify(.) by extension 'colcon_meta'
[0.189s] Level 1:colcon.colcon_core.package_identification:_identify(.) by extensions ['ros']
[0.189s] Level 1:colcon.colcon_core.package_identification:_identify(.) by extension 'ros'
[0.205s] Level 1:colcon.colcon_core.package_identification:_identify(.) by extensions ['cmake', 'python']
[0.205s] Level 1:colcon.colcon_core.package_identification:_identify(.) by extension 'cmake'
[0.205s] Level 1:colcon.colcon_core.package_identification:_identify(.) by extension 'python'
[0.205s] Level 1:colcon.colcon_core.package_identification:_identify(.) by extensions ['python_setup_py']
[0.205s] Level 1:colcon.colcon_core.package_identification:_identify(.) by extension 'python_setup_py'
[0.205s] Level 1:colcon.colcon_core.package_identification:_identify(build) by extensions ['ignore', 'ignore_ament_install']
[0.205s] Level 1:colcon.colcon_core.package_identification:_identify(build) by extension 'ignore'
[0.205s] Level 1:colcon.colcon_core.package_identification:_identify(build) ignored
[0.205s] Level 1:colcon.colcon_core.package_identification:_identify(install) by extensions ['ignore', 'ignore_ament_install']
[0.205s] Level 1:colcon.colcon_core.package_identification:_identify(install) by extension 'ignore'
[0.205s] Level 1:colcon.colcon_core.package_identification:_identify(install) ignored
[0.205s] Level 1:colcon.colcon_core.package_identification:_identify(log) by extensions ['ignore', 'ignore_ament_install']
[0.206s] Level 1:colcon.colcon_core.package_identification:_identify(log) by extension 'ignore'
[0.206s] Level 1:colcon.colcon_core.package_identification:_identify(log) ignored
[0.206s] Level 1:colcon.colcon_core.package_identification:_identify(src) by extensions ['ignore', 'ignore_ament_install']
[0.206s] Level 1:colcon.colcon_core.package_identification:_identify(src) by extension 'ignore'
[0.206s] Level 1:colcon.colcon_core.package_identification:_identify(src) by extension 'ignore_ament_install'
[0.206s] Level 1:colcon.colcon_core.package_identification:_identify(src) by extensions ['colcon_pkg']
[0.206s] Level 1:colcon.colcon_core.package_identification:_identify(src) by extension 'colcon_pkg'
[0.206s] Level 1:colcon.colcon_core.package_identification:_identify(src) by extensions ['colcon_meta']
[0.206s] Level 1:colcon.colcon_core.package_identification:_identify(src) by extension 'colcon_meta'
[0.206s] Level 1:colcon.colcon_core.package_identification:_identify(src) by extensions ['ros']
[0.206s] Level 1:colcon.colcon_core.package_identification:_identify(src) by extension 'ros'
[0.206s] Level 1:colcon.colcon_core.package_identification:_identify(src) by extensions ['cmake', 'python']
[0.206s] Level 1:colcon.colcon_core.package_identification:_identify(src) by extension 'cmake'
[0.207s] WARNING:colcon.colcon_cmake.package_identification.cmake:Ignoring 'src/CMakeLists.txt' since it seems to be a toplevel CMake file generated by 'catkin_make'
[0.207s] Level 1:colcon.colcon_core.package_identification:_identify(src) by extension 'python'
[0.207s] Level 1:colcon.colcon_core.package_identification:_identify(src) by extensions ['python_setup_py']
[0.207s] Level 1:colcon.colcon_core.package_identification:_identify(src) by extension 'python_setup_py'
[0.208s] Level 1:colcon.colcon_core.package_identification:_identify(src/kookmin) by extensions ['ignore', 'ignore_ament_install']
[0.208s] Level 1:colcon.colcon_core.package_identification:_identify(src/kookmin) by extension 'ignore'
[0.208s] Level 1:colcon.colcon_core.package_identification:_identify(src/kookmin) by extension 'ignore_ament_install'
[0.208s] Level 1:colcon.colcon_core.package_identification:_identify(src/kookmin) by extensions ['colcon_pkg']
[0.208s] Level 1:colcon.colcon_core.package_identification:_identify(src/kookmin) by extension 'colcon_pkg'
[0.208s] Level 1:colcon.colcon_core.package_identification:_identify(src/kookmin) by extensions ['colcon_meta']
[0.208s] Level 1:colcon.colcon_core.package_identification:_identify(src/kookmin) by extension 'colcon_meta'
[0.208s] Level 1:colcon.colcon_core.package_identification:_identify(src/kookmin) by extensions ['ros']
[0.208s] Level 1:colcon.colcon_core.package_identification:_identify(src/kookmin) by extension 'ros'
[0.208s] Level 1:colcon.colcon_core.package_identification:_identify(src/kookmin) by extensions ['cmake', 'python']
[0.208s] Level 1:colcon.colcon_core.package_identification:_identify(src/kookmin) by extension 'cmake'
[0.208s] Level 1:colcon.colcon_core.package_identification:_identify(src/kookmin) by extension 'python'
[0.208s] Level 1:colcon.colcon_core.package_identification:_identify(src/kookmin) by extensions ['python_setup_py']
[0.208s] Level 1:colcon.colcon_core.package_identification:_identify(src/kookmin) by extension 'python_setup_py'
[0.208s] Level 1:colcon.colcon_core.package_identification:_identify(src/kookmin/D3D12) by extensions ['ignore', 'ignore_ament_install']
[0.208s] Level 1:colcon.colcon_core.package_identification:_identify(src/kookmin/D3D12) by extension 'ignore'
[0.208s] Level 1:colcon.colcon_core.package_identification:_identify(src/kookmin/D3D12) by extension 'ignore_ament_install'
[0.208s] Level 1:colcon.colcon_core.package_identification:_identify(src/kookmin/D3D12) by extensions ['colcon_pkg']
[0.208s] Level 1:colcon.colcon_core.package_identification:_identify(src/kookmin/D3D12) by extension 'colcon_pkg'
[0.208s] Level 1:colcon.colcon_core.package_identification:_identify(src/kookmin/D3D12) by extensions ['colcon_meta']
[0.208s] Level 1:colcon.colcon_core.package_identification:_identify(src/kookmin/D3D12) by extension 'colcon_meta'
[0.208s] Level 1:colcon.colcon_core.package_identification:_identify(src/kookmin/D3D12) by extensions ['ros']
[0.208s] Level 1:colcon.colcon_core.package_identification:_identify(src/kookmin/D3D12) by extension 'ros'
[0.208s] Level 1:colcon.colcon_core.package_identification:_identify(src/kookmin/D3D12) by extensions ['cmake', 'python']
[0.208s] Level 1:colcon.colcon_core.package_identification:_identify(src/kookmin/D3D12) by extension 'cmake'
[0.208s] Level 1:colcon.colcon_core.package_identification:_identify(src/kookmin/D3D12) by extension 'python'
[0.208s] Level 1:colcon.colcon_core.package_identification:_identify(src/kookmin/D3D12) by extensions ['python_setup_py']
[0.208s] Level 1:colcon.colcon_core.package_identification:_identify(src/kookmin/D3D12) by extension 'python_setup_py'
[0.208s] Level 1:colcon.colcon_core.package_identification:_identify(src/kookmin/Drive_Data) by extensions ['ignore', 'ignore_ament_install']
[0.208s] Level 1:colcon.colcon_core.package_identification:_identify(src/kookmin/Drive_Data) by extension 'ignore'
[0.208s] Level 1:colcon.colcon_core.package_identification:_identify(src/kookmin/Drive_Data) by extension 'ignore_ament_install'
[0.208s] Level 1:colcon.colcon_core.package_identification:_identify(src/kookmin/Drive_Data) by extensions ['colcon_pkg']
[0.208s] Level 1:colcon.colcon_core.package_identification:_identify(src/kookmin/Drive_Data) by extension 'colcon_pkg'
[0.208s] Level 1:colcon.colcon_core.package_identification:_identify(src/kookmin/Drive_Data) by extensions ['colcon_meta']
[0.208s] Level 1:colcon.colcon_core.package_identification:_identify(src/kookmin/Drive_Data) by extension 'colcon_meta'
[0.208s] Level 1:colcon.colcon_core.package_identification:_identify(src/kookmin/Drive_Data) by extensions ['ros']
[0.208s] Level 1:colcon.colcon_core.package_identification:_identify(src/kookmin/Drive_Data) by extension 'ros'
[0.209s] Level 1:colcon.colcon_core.package_identification:_identify(src/kookmin/Drive_Data) by extensions ['cmake', 'python']
[0.209s] Level 1:colcon.colcon_core.package_identification:_identify(src/kookmin/Drive_Data) by extension 'cmake'
[0.209s] Level 1:colcon.colcon_core.package_identification:_identify(src/kookmin/Drive_Data) by extension 'python'
[0.209s] Level 1:colcon.colcon_core.package_identification:_identify(src/kookmin/Drive_Data) by extensions ['python_setup_py']
[0.209s] Level 1:colcon.colcon_core.package_identification:_identify(src/kookmin/Drive_Data) by extension 'python_setup_py'
[0.209s] Level 1:colcon.colcon_core.package_identification:_identify(src/kookmin/Drive_Data/Managed) by extensions ['ignore', 'ignore_ament_install']
[0.209s] Level 1:colcon.colcon_core.package_identification:_identify(src/kookmin/Drive_Data/Managed) by extension 'ignore'
[0.209s] Level 1:colcon.colcon_core.package_identification:_identify(src/kookmin/Drive_Data/Managed) by extension 'ignore_ament_install'
[0.209s] Level 1:colcon.colcon_core.package_identification:_identify(src/kookmin/Drive_Data/Managed) by extensions ['colcon_pkg']
[0.209s] Level 1:colcon.colcon_core.package_identification:_identify(src/kookmin/Drive_Data/Managed) by extension 'colcon_pkg'
[0.209s] Level 1:colcon.colcon_core.package_identification:_identify(src/kookmin/Drive_Data/Managed) by extensions ['colcon_meta']
[0.209s] Level 1:colcon.colcon_core.package_identification:_identify(src/kookmin/Drive_Data/Managed) by extension 'colcon_meta'
[0.209s] Level 1:colcon.colcon_core.package_identification:_identify(src/kookmin/Drive_Data/Managed) by extensions ['ros']
[0.209s] Level 1:colcon.colcon_core.package_identification:_identify(src/kookmin/Drive_Data/Managed) by extension 'ros'
[0.209s] Level 1:colcon.colcon_core.package_identification:_identify(src/kookmin/Drive_Data/Managed) by extensions ['cmake', 'python']
[0.209s] Level 1:colcon.colcon_core.package_identification:_identify(src/kookmin/Drive_Data/Managed) by extension 'cmake'
[0.209s] Level 1:colcon.colcon_core.package_identification:_identify(src/kookmin/Drive_Data/Managed) by extension 'python'
[0.209s] Level 1:colcon.colcon_core.package_identification:_identify(src/kookmin/Drive_Data/Managed) by extensions ['python_setup_py']
[0.209s] Level 1:colcon.colcon_core.package_identification:_identify(src/kookmin/Drive_Data/Managed) by extension 'python_setup_py'
[0.209s] Level 1:colcon.colcon_core.package_identification:_identify(src/kookmin/Drive_Data/Plugins) by extensions ['ignore', 'ignore_ament_install']
[0.209s] Level 1:colcon.colcon_core.package_identification:_identify(src/kookmin/Drive_Data/Plugins) by extension 'ignore'
[0.209s] Level 1:colcon.colcon_core.package_identification:_identify(src/kookmin/Drive_Data/Plugins) by extension 'ignore_ament_install'
[0.209s] Level 1:colcon.colcon_core.package_identification:_identify(src/kookmin/Drive_Data/Plugins) by extensions ['colcon_pkg']
[0.209s] Level 1:colcon.colcon_core.package_identification:_identify(src/kookmin/Drive_Data/Plugins) by extension 'colcon_pkg'
[0.209s] Level 1:colcon.colcon_core.package_identification:_identify(src/kookmin/Drive_Data/Plugins) by extensions ['colcon_meta']
[0.209s] Level 1:colcon.colcon_core.package_identification:_identify(src/kookmin/Drive_Data/Plugins) by extension 'colcon_meta'
[0.209s] Level 1:colcon.colcon_core.package_identification:_identify(src/kookmin/Drive_Data/Plugins) by extensions ['ros']
[0.209s] Level 1:colcon.colcon_core.package_identification:_identify(src/kookmin/Drive_Data/Plugins) by extension 'ros'
[0.209s] Level 1:colcon.colcon_core.package_identification:_identify(src/kookmin/Drive_Data/Plugins) by extensions ['cmake', 'python']
[0.209s] Level 1:colcon.colcon_core.package_identification:_identify(src/kookmin/Drive_Data/Plugins) by extension 'cmake'
[0.209s] Level 1:colcon.colcon_core.package_identification:_identify(src/kookmin/Drive_Data/Plugins) by extension 'python'
[0.209s] Level 1:colcon.colcon_core.package_identification:_identify(src/kookmin/Drive_Data/Plugins) by extensions ['python_setup_py']
[0.209s] Level 1:colcon.colcon_core.package_identification:_identify(src/kookmin/Drive_Data/Plugins) by extension 'python_setup_py'
[0.209s] Level 1:colcon.colcon_core.package_identification:_identify(src/kookmin/Drive_Data/Plugins/x86_64) by extensions ['ignore', 'ignore_ament_install']
[0.209s] Level 1:colcon.colcon_core.package_identification:_identify(src/kookmin/Drive_Data/Plugins/x86_64) by extension 'ignore'
[0.209s] Level 1:colcon.colcon_core.package_identification:_identify(src/kookmin/Drive_Data/Plugins/x86_64) by extension 'ignore_ament_install'
[0.210s] Level 1:colcon.colcon_core.package_identification:_identify(src/kookmin/Drive_Data/Plugins/x86_64) by extensions ['colcon_pkg']
[0.210s] Level 1:colcon.colcon_core.package_identification:_identify(src/kookmin/Drive_Data/Plugins/x86_64) by extension 'colcon_pkg'
[0.210s] Level 1:colcon.colcon_core.package_identification:_identify(src/kookmin/Drive_Data/Plugins/x86_64) by extensions ['colcon_meta']
[0.210s] Level 1:colcon.colcon_core.package_identification:_identify(src/kookmin/Drive_Data/Plugins/x86_64) by extension 'colcon_meta'
[0.210s] Level 1:colcon.colcon_core.package_identification:_identify(src/kookmin/Drive_Data/Plugins/x86_64) by extensions ['ros']
[0.210s] Level 1:colcon.colcon_core.package_identification:_identify(src/kookmin/Drive_Data/Plugins/x86_64) by extension 'ros'
[0.210s] Level 1:colcon.colcon_core.package_identification:_identify(src/kookmin/Drive_Data/Plugins/x86_64) by extensions ['cmake', 'python']
[0.210s] Level 1:colcon.colcon_core.package_identification:_identify(src/kookmin/Drive_Data/Plugins/x86_64) by extension 'cmake'
[0.210s] Level 1:colcon.colcon_core.package_identification:_identify(src/kookmin/Drive_Data/Plugins/x86_64) by extension 'python'
[0.210s] Level 1:colcon.colcon_core.package_identification:_identify(src/kookmin/Drive_Data/Plugins/x86_64) by extensions ['python_setup_py']
[0.210s] Level 1:colcon.colcon_core.package_identification:_identify(src/kookmin/Drive_Data/Plugins/x86_64) by extension 'python_setup_py'
[0.210s] Level 1:colcon.colcon_core.package_identification:_identify(src/kookmin/Drive_Data/Resources) by extensions ['ignore', 'ignore_ament_install']
[0.210s] Level 1:colcon.colcon_core.package_identification:_identify(src/kookmin/Drive_Data/Resources) by extension 'ignore'
[0.210s] Level 1:colcon.colcon_core.package_identification:_identify(src/kookmin/Drive_Data/Resources) by extension 'ignore_ament_install'
[0.210s] Level 1:colcon.colcon_core.package_identification:_identify(src/kookmin/Drive_Data/Resources) by extensions ['colcon_pkg']
[0.210s] Level 1:colcon.colcon_core.package_identification:_identify(src/kookmin/Drive_Data/Resources) by extension 'colcon_pkg'
[0.210s] Level 1:colcon.colcon_core.package_identification:_identify(src/kookmin/Drive_Data/Resources) by extensions ['colcon_meta']
[0.210s] Level 1:colcon.colcon_core.package_identification:_identify(src/kookmin/Drive_Data/Resources) by extension 'colcon_meta'
[0.210s] Level 1:colcon.colcon_core.package_identification:_identify(src/kookmin/Drive_Data/Resources) by extensions ['ros']
[0.210s] Level 1:colcon.colcon_core.package_identification:_identify(src/kookmin/Drive_Data/Resources) by extension 'ros'
[0.210s] Level 1:colcon.colcon_core.package_identification:_identify(src/kookmin/Drive_Data/Resources) by extensions ['cmake', 'python']
[0.210s] Level 1:colcon.colcon_core.package_identification:_identify(src/kookmin/Drive_Data/Resources) by extension 'cmake'
[0.210s] Level 1:colcon.colcon_core.package_identification:_identify(src/kookmin/Drive_Data/Resources) by extension 'python'
[0.210s] Level 1:colcon.colcon_core.package_identification:_identify(src/kookmin/Drive_Data/Resources) by extensions ['python_setup_py']
[0.210s] Level 1:colcon.colcon_core.package_identification:_identify(src/kookmin/Drive_Data/Resources) by extension 'python_setup_py'
[0.210s] Level 1:colcon.colcon_core.package_identification:_identify(src/kookmin/MonoBleedingEdge) by extensions ['ignore', 'ignore_ament_install']
[0.210s] Level 1:colcon.colcon_core.package_identification:_identify(src/kookmin/MonoBleedingEdge) by extension 'ignore'
[0.210s] Level 1:colcon.colcon_core.package_identification:_identify(src/kookmin/MonoBleedingEdge) by extension 'ignore_ament_install'
[0.210s] Level 1:colcon.colcon_core.package_identification:_identify(src/kookmin/MonoBleedingEdge) by extensions ['colcon_pkg']
[0.210s] Level 1:colcon.colcon_core.package_identification:_identify(src/kookmin/MonoBleedingEdge) by extension 'colcon_pkg'
[0.210s] Level 1:colcon.colcon_core.package_identification:_identify(src/kookmin/MonoBleedingEdge) by extensions ['colcon_meta']
[0.210s] Level 1:colcon.colcon_core.package_identification:_identify(src/kookmin/MonoBleedingEdge) by extension 'colcon_meta'
[0.210s] Level 1:colcon.colcon_core.package_identification:_identify(src/kookmin/MonoBleedingEdge) by extensions ['ros']
[0.210s] Level 1:colcon.colcon_core.package_identification:_identify(src/kookmin/MonoBleedingEdge) by extension 'ros'
[0.210s] Level 1:colcon.colcon_core.package_identification:_identify(src/kookmin/MonoBleedingEdge) by extensions ['cmake', 'python']
[0.210s] Level 1:colcon.colcon_core.package_identification:_identify(src/kookmin/MonoBleedingEdge) by extension 'cmake'
[0.210s] Level 1:colcon.colcon_core.package_identification:_identify(src/kookmin/MonoBleedingEdge) by extension 'python'
[0.210s] Level 1:colcon.colcon_core.package_identification:_identify(src/kookmin/MonoBleedingEdge) by extensions ['python_setup_py']
[0.210s] Level 1:colcon.colcon_core.package_identification:_identify(src/kookmin/MonoBleedingEdge) by extension 'python_setup_py'
[0.210s] Level 1:colcon.colcon_core.package_identification:_identify(src/kookmin/MonoBleedingEdge/EmbedRuntime) by extensions ['ignore', 'ignore_ament_install']
[0.210s] Level 1:colcon.colcon_core.package_identification:_identify(src/kookmin/MonoBleedingEdge/EmbedRuntime) by extension 'ignore'
[0.210s] Level 1:colcon.colcon_core.package_identification:_identify(src/kookmin/MonoBleedingEdge/EmbedRuntime) by extension 'ignore_ament_install'
[0.211s] Level 1:colcon.colcon_core.package_identification:_identify(src/kookmin/MonoBleedingEdge/EmbedRuntime) by extensions ['colcon_pkg']
[0.211s] Level 1:colcon.colcon_core.package_identification:_identify(src/kookmin/MonoBleedingEdge/EmbedRuntime) by extension 'colcon_pkg'
[0.211s] Level 1:colcon.colcon_core.package_identification:_identify(src/kookmin/MonoBleedingEdge/EmbedRuntime) by extensions ['colcon_meta']
[0.211s] Level 1:colcon.colcon_core.package_identification:_identify(src/kookmin/MonoBleedingEdge/EmbedRuntime) by extension 'colcon_meta'
[0.211s] Level 1:colcon.colcon_core.package_identification:_identify(src/kookmin/MonoBleedingEdge/EmbedRuntime) by extensions ['ros']
[0.211s] Level 1:colcon.colcon_core.package_identification:_identify(src/kookmin/MonoBleedingEdge/EmbedRuntime) by extension 'ros'
[0.211s] Level 1:colcon.colcon_core.package_identification:_identify(src/kookmin/MonoBleedingEdge/EmbedRuntime) by extensions ['cmake', 'python']
[0.211s] Level 1:colcon.colcon_core.package_identification:_identify(src/kookmin/MonoBleedingEdge/EmbedRuntime) by extension 'cmake'
[0.211s] Level 1:colcon.colcon_core.package_identification:_identify(src/kookmin/MonoBleedingEdge/EmbedRuntime) by extension 'python'
[0.211s] Level 1:colcon.colcon_core.package_identification:_identify(src/kookmin/MonoBleedingEdge/EmbedRuntime) by extensions ['python_setup_py']
[0.211s] Level 1:colcon.colcon_core.package_identification:_identify(src/kookmin/MonoBleedingEdge/EmbedRuntime) by extension 'python_setup_py'
[0.211s] Level 1:colcon.colcon_core.package_identification:_identify(src/kookmin/MonoBleedingEdge/etc) by extensions ['ignore', 'ignore_ament_install']
[0.211s] Level 1:colcon.colcon_core.package_identification:_identify(src/kookmin/MonoBleedingEdge/etc) by extension 'ignore'
[0.211s] Level 1:colcon.colcon_core.package_identification:_identify(src/kookmin/MonoBleedingEdge/etc) by extension 'ignore_ament_install'
[0.211s] Level 1:colcon.colcon_core.package_identification:_identify(src/kookmin/MonoBleedingEdge/etc) by extensions ['colcon_pkg']
[0.211s] Level 1:colcon.colcon_core.package_identification:_identify(src/kookmin/MonoBleedingEdge/etc) by extension 'colcon_pkg'
[0.211s] Level 1:colcon.colcon_core.package_identification:_identify(src/kookmin/MonoBleedingEdge/etc) by extensions ['colcon_meta']
[0.211s] Level 1:colcon.colcon_core.package_identification:_identify(src/kookmin/MonoBleedingEdge/etc) by extension 'colcon_meta'
[0.211s] Level 1:colcon.colcon_core.package_identification:_identify(src/kookmin/MonoBleedingEdge/etc) by extensions ['ros']
[0.211s] Level 1:colcon.colcon_core.package_identification:_identify(src/kookmin/MonoBleedingEdge/etc) by extension 'ros'
[0.211s] Level 1:colcon.colcon_core.package_identification:_identify(src/kookmin/MonoBleedingEdge/etc) by extensions ['cmake', 'python']
[0.211s] Level 1:colcon.colcon_core.package_identification:_identify(src/kookmin/MonoBleedingEdge/etc) by extension 'cmake'
[0.211s] Level 1:colcon.colcon_core.package_identification:_identify(src/kookmin/MonoBleedingEdge/etc) by extension 'python'
[0.211s] Level 1:colcon.colcon_core.package_identification:_identify(src/kookmin/MonoBleedingEdge/etc) by extensions ['python_setup_py']
[0.211s] Level 1:colcon.colcon_core.package_identification:_identify(src/kookmin/MonoBleedingEdge/etc) by extension 'python_setup_py'
[0.211s] Level 1:colcon.colcon_core.package_identification:_identify(src/kookmin/MonoBleedingEdge/etc/mono) by extensions ['ignore', 'ignore_ament_install']
[0.211s] Level 1:colcon.colcon_core.package_identification:_identify(src/kookmin/MonoBleedingEdge/etc/mono) by extension 'ignore'
[0.211s] Level 1:colcon.colcon_core.package_identification:_identify(src/kookmin/MonoBleedingEdge/etc/mono) by extension 'ignore_ament_install'
[0.211s] Level 1:colcon.colcon_core.package_identification:_identify(src/kookmin/MonoBleedingEdge/etc/mono) by extensions ['colcon_pkg']
[0.211s] Level 1:colcon.colcon_core.package_identification:_identify(src/kookmin/MonoBleedingEdge/etc/mono) by extension 'colcon_pkg'
[0.211s] Level 1:colcon.colcon_core.package_identification:_identify(src/kookmin/MonoBleedingEdge/etc/mono) by extensions ['colcon_meta']
[0.211s] Level 1:colcon.colcon_core.package_identification:_identify(src/kookmin/MonoBleedingEdge/etc/mono) by extension 'colcon_meta'
[0.211s] Level 1:colcon.colcon_core.package_identification:_identify(src/kookmin/MonoBleedingEdge/etc/mono) by extensions ['ros']
[0.211s] Level 1:colcon.colcon_core.package_identification:_identify(src/kookmin/MonoBleedingEdge/etc/mono) by extension 'ros'
[0.211s] Level 1:colcon.colcon_core.package_identification:_identify(src/kookmin/MonoBleedingEdge/etc/mono) by extensions ['cmake', 'python']
[0.211s] Level 1:colcon.colcon_core.package_identification:_identify(src/kookmin/MonoBleedingEdge/etc/mono) by extension 'cmake'
[0.211s] Level 1:colcon.colcon_core.package_identification:_identify(src/kookmin/MonoBleedingEdge/etc/mono) by extension 'python'
[0.211s] Level 1:colcon.colcon_core.package_identification:_identify(src/kookmin/MonoBleedingEdge/etc/mono) by extensions ['python_setup_py']
[0.211s] Level 1:colcon.colcon_core.package_identification:_identify(src/kookmin/MonoBleedingEdge/etc/mono) by extension 'python_setup_py'
[0.211s] Level 1:colcon.colcon_core.package_identification:_identify(src/kookmin/MonoBleedingEdge/etc/mono/2.0) by extensions ['ignore', 'ignore_ament_install']
[0.212s] Level 1:colcon.colcon_core.package_identification:_identify(src/kookmin/MonoBleedingEdge/etc/mono/2.0) by extension 'ignore'
[0.212s] Level 1:colcon.colcon_core.package_identification:_identify(src/kookmin/MonoBleedingEdge/etc/mono/2.0) by extension 'ignore_ament_install'
[0.212s] Level 1:colcon.colcon_core.package_identification:_identify(src/kookmin/MonoBleedingEdge/etc/mono/2.0) by extensions ['colcon_pkg']
[0.212s] Level 1:colcon.colcon_core.package_identification:_identify(src/kookmin/MonoBleedingEdge/etc/mono/2.0) by extension 'colcon_pkg'
[0.212s] Level 1:colcon.colcon_core.package_identification:_identify(src/kookmin/MonoBleedingEdge/etc/mono/2.0) by extensions ['colcon_meta']
[0.212s] Level 1:colcon.colcon_core.package_identification:_identify(src/kookmin/MonoBleedingEdge/etc/mono/2.0) by extension 'colcon_meta'
[0.212s] Level 1:colcon.colcon_core.package_identification:_identify(src/kookmin/MonoBleedingEdge/etc/mono/2.0) by extensions ['ros']
[0.212s] Level 1:colcon.colcon_core.package_identification:_identify(src/kookmin/MonoBleedingEdge/etc/mono/2.0) by extension 'ros'
[0.212s] Level 1:colcon.colcon_core.package_identification:_identify(src/kookmin/MonoBleedingEdge/etc/mono/2.0) by extensions ['cmake', 'python']
[0.212s] Level 1:colcon.colcon_core.package_identification:_identify(src/kookmin/MonoBleedingEdge/etc/mono/2.0) by extension 'cmake'
[0.212s] Level 1:colcon.colcon_core.package_identification:_identify(src/kookmin/MonoBleedingEdge/etc/mono/2.0) by extension 'python'
[0.212s] Level 1:colcon.colcon_core.package_identification:_identify(src/kookmin/MonoBleedingEdge/etc/mono/2.0) by extensions ['python_setup_py']
[0.212s] Level 1:colcon.colcon_core.package_identification:_identify(src/kookmin/MonoBleedingEdge/etc/mono/2.0) by extension 'python_setup_py'
[0.212s] Level 1:colcon.colcon_core.package_identification:_identify(src/kookmin/MonoBleedingEdge/etc/mono/2.0/Browsers) by extensions ['ignore', 'ignore_ament_install']
[0.212s] Level 1:colcon.colcon_core.package_identification:_identify(src/kookmin/MonoBleedingEdge/etc/mono/2.0/Browsers) by extension 'ignore'
[0.212s] Level 1:colcon.colcon_core.package_identification:_identify(src/kookmin/MonoBleedingEdge/etc/mono/2.0/Browsers) by extension 'ignore_ament_install'
[0.212s] Level 1:colcon.colcon_core.package_identification:_identify(src/kookmin/MonoBleedingEdge/etc/mono/2.0/Browsers) by extensions ['colcon_pkg']
[0.212s] Level 1:colcon.colcon_core.package_identification:_identify(src/kookmin/MonoBleedingEdge/etc/mono/2.0/Browsers) by extension 'colcon_pkg'
[0.212s] Level 1:colcon.colcon_core.package_identification:_identify(src/kookmin/MonoBleedingEdge/etc/mono/2.0/Browsers) by extensions ['colcon_meta']
[0.212s] Level 1:colcon.colcon_core.package_identification:_identify(src/kookmin/MonoBleedingEdge/etc/mono/2.0/Browsers) by extension 'colcon_meta'
[0.212s] Level 1:colcon.colcon_core.package_identification:_identify(src/kookmin/MonoBleedingEdge/etc/mono/2.0/Browsers) by extensions ['ros']
[0.212s] Level 1:colcon.colcon_core.package_identification:_identify(src/kookmin/MonoBleedingEdge/etc/mono/2.0/Browsers) by extension 'ros'
[0.212s] Level 1:colcon.colcon_core.package_identification:_identify(src/kookmin/MonoBleedingEdge/etc/mono/2.0/Browsers) by extensions ['cmake', 'python']
[0.212s] Level 1:colcon.colcon_core.package_identification:_identify(src/kookmin/MonoBleedingEdge/etc/mono/2.0/Browsers) by extension 'cmake'
[0.212s] Level 1:colcon.colcon_core.package_identification:_identify(src/kookmin/MonoBleedingEdge/etc/mono/2.0/Browsers) by extension 'python'
[0.212s] Level 1:colcon.colcon_core.package_identification:_identify(src/kookmin/MonoBleedingEdge/etc/mono/2.0/Browsers) by extensions ['python_setup_py']
[0.212s] Level 1:colcon.colcon_core.package_identification:_identify(src/kookmin/MonoBleedingEdge/etc/mono/2.0/Browsers) by extension 'python_setup_py'
[0.212s] Level 1:colcon.colcon_core.package_identification:_identify(src/kookmin/MonoBleedingEdge/etc/mono/4.0) by extensions ['ignore', 'ignore_ament_install']
[0.212s] Level 1:colcon.colcon_core.package_identification:_identify(src/kookmin/MonoBleedingEdge/etc/mono/4.0) by extension 'ignore'
[0.212s] Level 1:colcon.colcon_core.package_identification:_identify(src/kookmin/MonoBleedingEdge/etc/mono/4.0) by extension 'ignore_ament_install'
[0.212s] Level 1:colcon.colcon_core.package_identification:_identify(src/kookmin/MonoBleedingEdge/etc/mono/4.0) by extensions ['colcon_pkg']
[0.212s] Level 1:colcon.colcon_core.package_identification:_identify(src/kookmin/MonoBleedingEdge/etc/mono/4.0) by extension 'colcon_pkg'
[0.212s] Level 1:colcon.colcon_core.package_identification:_identify(src/kookmin/MonoBleedingEdge/etc/mono/4.0) by extensions ['colcon_meta']
[0.212s] Level 1:colcon.colcon_core.package_identification:_identify(src/kookmin/MonoBleedingEdge/etc/mono/4.0) by extension 'colcon_meta'
[0.212s] Level 1:colcon.colcon_core.package_identification:_identify(src/kookmin/MonoBleedingEdge/etc/mono/4.0) by extensions ['ros']
[0.212s] Level 1:colcon.colcon_core.package_identification:_identify(src/kookmin/MonoBleedingEdge/etc/mono/4.0) by extension 'ros'
[0.212s] Level 1:colcon.colcon_core.package_identification:_identify(src/kookmin/MonoBleedingEdge/etc/mono/4.0) by extensions ['cmake', 'python']
[0.212s] Level 1:colcon.colcon_core.package_identification:_identify(src/kookmin/MonoBleedingEdge/etc/mono/4.0) by extension 'cmake'
[0.212s] Level 1:colcon.colcon_core.package_identification:_identify(src/kookmin/MonoBleedingEdge/etc/mono/4.0) by extension 'python'
[0.212s] Level 1:colcon.colcon_core.package_identification:_identify(src/kookmin/MonoBleedingEdge/etc/mono/4.0) by extensions ['python_setup_py']
[0.212s] Level 1:colcon.colcon_core.package_identification:_identify(src/kookmin/MonoBleedingEdge/etc/mono/4.0) by extension 'python_setup_py'
[0.212s] Level 1:colcon.colcon_core.package_identification:_identify(src/kookmin/MonoBleedingEdge/etc/mono/4.0/Browsers) by extensions ['ignore', 'ignore_ament_install']
[0.213s] Level 1:colcon.colcon_core.package_identification:_identify(src/kookmin/MonoBleedingEdge/etc/mono/4.0/Browsers) by extension 'ignore'
[0.213s] Level 1:colcon.colcon_core.package_identification:_identify(src/kookmin/MonoBleedingEdge/etc/mono/4.0/Browsers) by extension 'ignore_ament_install'
[0.213s] Level 1:colcon.colcon_core.package_identification:_identify(src/kookmin/MonoBleedingEdge/etc/mono/4.0/Browsers) by extensions ['colcon_pkg']
[0.213s] Level 1:colcon.colcon_core.package_identification:_identify(src/kookmin/MonoBleedingEdge/etc/mono/4.0/Browsers) by extension 'colcon_pkg'
[0.213s] Level 1:colcon.colcon_core.package_identification:_identify(src/kookmin/MonoBleedingEdge/etc/mono/4.0/Browsers) by extensions ['colcon_meta']
[0.213s] Level 1:colcon.colcon_core.package_identification:_identify(src/kookmin/MonoBleedingEdge/etc/mono/4.0/Browsers) by extension 'colcon_meta'
[0.213s] Level 1:colcon.colcon_core.package_identification:_identify(src/kookmin/MonoBleedingEdge/etc/mono/4.0/Browsers) by extensions ['ros']
[0.213s] Level 1:colcon.colcon_core.package_identification:_identify(src/kookmin/MonoBleedingEdge/etc/mono/4.0/Browsers) by extension 'ros'
[0.213s] Level 1:colcon.colcon_core.package_identification:_identify(src/kookmin/MonoBleedingEdge/etc/mono/4.0/Browsers) by extensions ['cmake', 'python']
[0.213s] Level 1:colcon.colcon_core.package_identification:_identify(src/kookmin/MonoBleedingEdge/etc/mono/4.0/Browsers) by extension 'cmake'
[0.213s] Level 1:colcon.colcon_core.package_identification:_identify(src/kookmin/MonoBleedingEdge/etc/mono/4.0/Browsers) by extension 'python'
[0.213s] Level 1:colcon.colcon_core.package_identification:_identify(src/kookmin/MonoBleedingEdge/etc/mono/4.0/Browsers) by extensions ['python_setup_py']
[0.213s] Level 1:colcon.colcon_core.package_identification:_identify(src/kookmin/MonoBleedingEdge/etc/mono/4.0/Browsers) by extension 'python_setup_py'
[0.213s] Level 1:colcon.colcon_core.package_identification:_identify(src/kookmin/MonoBleedingEdge/etc/mono/4.5) by extensions ['ignore', 'ignore_ament_install']
[0.213s] Level 1:colcon.colcon_core.package_identification:_identify(src/kookmin/MonoBleedingEdge/etc/mono/4.5) by extension 'ignore'
[0.213s] Level 1:colcon.colcon_core.package_identification:_identify(src/kookmin/MonoBleedingEdge/etc/mono/4.5) by extension 'ignore_ament_install'
[0.213s] Level 1:colcon.colcon_core.package_identification:_identify(src/kookmin/MonoBleedingEdge/etc/mono/4.5) by extensions ['colcon_pkg']
[0.213s] Level 1:colcon.colcon_core.package_identification:_identify(src/kookmin/MonoBleedingEdge/etc/mono/4.5) by extension 'colcon_pkg'
[0.213s] Level 1:colcon.colcon_core.package_identification:_identify(src/kookmin/MonoBleedingEdge/etc/mono/4.5) by extensions ['colcon_meta']
[0.213s] Level 1:colcon.colcon_core.package_identification:_identify(src/kookmin/MonoBleedingEdge/etc/mono/4.5) by extension 'colcon_meta'
[0.213s] Level 1:colcon.colcon_core.package_identification:_identify(src/kookmin/MonoBleedingEdge/etc/mono/4.5) by extensions ['ros']
[0.213s] Level 1:colcon.colcon_core.package_identification:_identify(src/kookmin/MonoBleedingEdge/etc/mono/4.5) by extension 'ros'
[0.213s] Level 1:colcon.colcon_core.package_identification:_identify(src/kookmin/MonoBleedingEdge/etc/mono/4.5) by extensions ['cmake', 'python']
[0.213s] Level 1:colcon.colcon_core.package_identification:_identify(src/kookmin/MonoBleedingEdge/etc/mono/4.5) by extension 'cmake'
[0.213s] Level 1:colcon.colcon_core.package_identification:_identify(src/kookmin/MonoBleedingEdge/etc/mono/4.5) by extension 'python'
[0.213s] Level 1:colcon.colcon_core.package_identification:_identify(src/kookmin/MonoBleedingEdge/etc/mono/4.5) by extensions ['python_setup_py']
[0.213s] Level 1:colcon.colcon_core.package_identification:_identify(src/kookmin/MonoBleedingEdge/etc/mono/4.5) by extension 'python_setup_py'
[0.213s] Level 1:colcon.colcon_core.package_identification:_identify(src/kookmin/MonoBleedingEdge/etc/mono/4.5/Browsers) by extensions ['ignore', 'ignore_ament_install']
[0.213s] Level 1:colcon.colcon_core.package_identification:_identify(src/kookmin/MonoBleedingEdge/etc/mono/4.5/Browsers) by extension 'ignore'
[0.213s] Level 1:colcon.colcon_core.package_identification:_identify(src/kookmin/MonoBleedingEdge/etc/mono/4.5/Browsers) by extension 'ignore_ament_install'
[0.213s] Level 1:colcon.colcon_core.package_identification:_identify(src/kookmin/MonoBleedingEdge/etc/mono/4.5/Browsers) by extensions ['colcon_pkg']
[0.213s] Level 1:colcon.colcon_core.package_identification:_identify(src/kookmin/MonoBleedingEdge/etc/mono/4.5/Browsers) by extension 'colcon_pkg'
[0.213s] Level 1:colcon.colcon_core.package_identification:_identify(src/kookmin/MonoBleedingEdge/etc/mono/4.5/Browsers) by extensions ['colcon_meta']
[0.213s] Level 1:colcon.colcon_core.package_identification:_identify(src/kookmin/MonoBleedingEdge/etc/mono/4.5/Browsers) by extension 'colcon_meta'
[0.213s] Level 1:colcon.colcon_core.package_identification:_identify(src/kookmin/MonoBleedingEdge/etc/mono/4.5/Browsers) by extensions ['ros']
[0.213s] Level 1:colcon.colcon_core.package_identification:_identify(src/kookmin/MonoBleedingEdge/etc/mono/4.5/Browsers) by extension 'ros'
[0.213s] Level 1:colcon.colcon_core.package_identification:_identify(src/kookmin/MonoBleedingEdge/etc/mono/4.5/Browsers) by extensions ['cmake', 'python']
[0.213s] Level 1:colcon.colcon_core.package_identification:_identify(src/kookmin/MonoBleedingEdge/etc/mono/4.5/Browsers) by extension 'cmake'
[0.213s] Level 1:colcon.colcon_core.package_identification:_identify(src/kookmin/MonoBleedingEdge/etc/mono/4.5/Browsers) by extension 'python'
[0.214s] Level 1:colcon.colcon_core.package_identification:_identify(src/kookmin/MonoBleedingEdge/etc/mono/4.5/Browsers) by extensions ['python_setup_py']
[0.214s] Level 1:colcon.colcon_core.package_identification:_identify(src/kookmin/MonoBleedingEdge/etc/mono/4.5/Browsers) by extension 'python_setup_py'
[0.214s] Level 1:colcon.colcon_core.package_identification:_identify(src/kookmin/MonoBleedingEdge/etc/mono/mconfig) by extensions ['ignore', 'ignore_ament_install']
[0.214s] Level 1:colcon.colcon_core.package_identification:_identify(src/kookmin/MonoBleedingEdge/etc/mono/mconfig) by extension 'ignore'
[0.214s] Level 1:colcon.colcon_core.package_identification:_identify(src/kookmin/MonoBleedingEdge/etc/mono/mconfig) by extension 'ignore_ament_install'
[0.214s] Level 1:colcon.colcon_core.package_identification:_identify(src/kookmin/MonoBleedingEdge/etc/mono/mconfig) by extensions ['colcon_pkg']
[0.214s] Level 1:colcon.colcon_core.package_identification:_identify(src/kookmin/MonoBleedingEdge/etc/mono/mconfig) by extension 'colcon_pkg'
[0.214s] Level 1:colcon.colcon_core.package_identification:_identify(src/kookmin/MonoBleedingEdge/etc/mono/mconfig) by extensions ['colcon_meta']
[0.214s] Level 1:colcon.colcon_core.package_identification:_identify(src/kookmin/MonoBleedingEdge/etc/mono/mconfig) by extension 'colcon_meta'
[0.214s] Level 1:colcon.colcon_core.package_identification:_identify(src/kookmin/MonoBleedingEdge/etc/mono/mconfig) by extensions ['ros']
[0.214s] Level 1:colcon.colcon_core.package_identification:_identify(src/kookmin/MonoBleedingEdge/etc/mono/mconfig) by extension 'ros'
[0.214s] Level 1:colcon.colcon_core.package_identification:_identify(src/kookmin/MonoBleedingEdge/etc/mono/mconfig) by extensions ['cmake', 'python']
[0.214s] Level 1:colcon.colcon_core.package_identification:_identify(src/kookmin/MonoBleedingEdge/etc/mono/mconfig) by extension 'cmake'
[0.214s] Level 1:colcon.colcon_core.package_identification:_identify(src/kookmin/MonoBleedingEdge/etc/mono/mconfig) by extension 'python'
[0.214s] Level 1:colcon.colcon_core.package_identification:_identify(src/kookmin/MonoBleedingEdge/etc/mono/mconfig) by extensions ['python_setup_py']
[0.214s] Level 1:colcon.colcon_core.package_identification:_identify(src/kookmin/MonoBleedingEdge/etc/mono/mconfig) by extension 'python_setup_py'
[0.214s] Level 1:colcon.colcon_core.package_identification:_identify(src/kookmin/Park Simulator_Data) by extensions ['ignore', 'ignore_ament_install']
[0.214s] Level 1:colcon.colcon_core.package_identification:_identify(src/kookmin/Park Simulator_Data) by extension 'ignore'
[0.214s] Level 1:colcon.colcon_core.package_identification:_identify(src/kookmin/Park Simulator_Data) by extension 'ignore_ament_install'
[0.214s] Level 1:colcon.colcon_core.package_identification:_identify(src/kookmin/Park Simulator_Data) by extensions ['colcon_pkg']
[0.214s] Level 1:colcon.colcon_core.package_identification:_identify(src/kookmin/Park Simulator_Data) by extension 'colcon_pkg'
[0.214s] Level 1:colcon.colcon_core.package_identification:_identify(src/kookmin/Park Simulator_Data) by extensions ['colcon_meta']
[0.214s] Level 1:colcon.colcon_core.package_identification:_identify(src/kookmin/Park Simulator_Data) by extension 'colcon_meta'
[0.214s] Level 1:colcon.colcon_core.package_identification:_identify(src/kookmin/Park Simulator_Data) by extensions ['ros']
[0.214s] Level 1:colcon.colcon_core.package_identification:_identify(src/kookmin/Park Simulator_Data) by extension 'ros'
[0.214s] Level 1:colcon.colcon_core.package_identification:_identify(src/kookmin/Park Simulator_Data) by extensions ['cmake', 'python']
[0.214s] Level 1:colcon.colcon_core.package_identification:_identify(src/kookmin/Park Simulator_Data) by extension 'cmake'
[0.214s] Level 1:colcon.colcon_core.package_identification:_identify(src/kookmin/Park Simulator_Data) by extension 'python'
[0.214s] Level 1:colcon.colcon_core.package_identification:_identify(src/kookmin/Park Simulator_Data) by extensions ['python_setup_py']
[0.214s] Level 1:colcon.colcon_core.package_identification:_identify(src/kookmin/Park Simulator_Data) by extension 'python_setup_py'
[0.214s] Level 1:colcon.colcon_core.package_identification:_identify(src/kookmin/Park Simulator_Data/Managed) by extensions ['ignore', 'ignore_ament_install']
[0.214s] Level 1:colcon.colcon_core.package_identification:_identify(src/kookmin/Park Simulator_Data/Managed) by extension 'ignore'
[0.214s] Level 1:colcon.colcon_core.package_identification:_identify(src/kookmin/Park Simulator_Data/Managed) by extension 'ignore_ament_install'
[0.214s] Level 1:colcon.colcon_core.package_identification:_identify(src/kookmin/Park Simulator_Data/Managed) by extensions ['colcon_pkg']
[0.215s] Level 1:colcon.colcon_core.package_identification:_identify(src/kookmin/Park Simulator_Data/Managed) by extension 'colcon_pkg'
[0.215s] Level 1:colcon.colcon_core.package_identification:_identify(src/kookmin/Park Simulator_Data/Managed) by extensions ['colcon_meta']
[0.215s] Level 1:colcon.colcon_core.package_identification:_identify(src/kookmin/Park Simulator_Data/Managed) by extension 'colcon_meta'
[0.215s] Level 1:colcon.colcon_core.package_identification:_identify(src/kookmin/Park Simulator_Data/Managed) by extensions ['ros']
[0.215s] Level 1:colcon.colcon_core.package_identification:_identify(src/kookmin/Park Simulator_Data/Managed) by extension 'ros'
[0.215s] Level 1:colcon.colcon_core.package_identification:_identify(src/kookmin/Park Simulator_Data/Managed) by extensions ['cmake', 'python']
[0.215s] Level 1:colcon.colcon_core.package_identification:_identify(src/kookmin/Park Simulator_Data/Managed) by extension 'cmake'
[0.215s] Level 1:colcon.colcon_core.package_identification:_identify(src/kookmin/Park Simulator_Data/Managed) by extension 'python'
[0.215s] Level 1:colcon.colcon_core.package_identification:_identify(src/kookmin/Park Simulator_Data/Managed) by extensions ['python_setup_py']
[0.215s] Level 1:colcon.colcon_core.package_identification:_identify(src/kookmin/Park Simulator_Data/Managed) by extension 'python_setup_py'
[0.215s] Level 1:colcon.colcon_core.package_identification:_identify(src/kookmin/Park Simulator_Data/Plugins) by extensions ['ignore', 'ignore_ament_install']
[0.215s] Level 1:colcon.colcon_core.package_identification:_identify(src/kookmin/Park Simulator_Data/Plugins) by extension 'ignore'
[0.215s] Level 1:colcon.colcon_core.package_identification:_identify(src/kookmin/Park Simulator_Data/Plugins) by extension 'ignore_ament_install'
[0.215s] Level 1:colcon.colcon_core.package_identification:_identify(src/kookmin/Park Simulator_Data/Plugins) by extensions ['colcon_pkg']
[0.215s] Level 1:colcon.colcon_core.package_identification:_identify(src/kookmin/Park Simulator_Data/Plugins) by extension 'colcon_pkg'
[0.215s] Level 1:colcon.colcon_core.package_identification:_identify(src/kookmin/Park Simulator_Data/Plugins) by extensions ['colcon_meta']
[0.215s] Level 1:colcon.colcon_core.package_identification:_identify(src/kookmin/Park Simulator_Data/Plugins) by extension 'colcon_meta'
[0.215s] Level 1:colcon.colcon_core.package_identification:_identify(src/kookmin/Park Simulator_Data/Plugins) by extensions ['ros']
[0.215s] Level 1:colcon.colcon_core.package_identification:_identify(src/kookmin/Park Simulator_Data/Plugins) by extension 'ros'
[0.215s] Level 1:colcon.colcon_core.package_identification:_identify(src/kookmin/Park Simulator_Data/Plugins) by extensions ['cmake', 'python']
[0.215s] Level 1:colcon.colcon_core.package_identification:_identify(src/kookmin/Park Simulator_Data/Plugins) by extension 'cmake'
[0.215s] Level 1:colcon.colcon_core.package_identification:_identify(src/kookmin/Park Simulator_Data/Plugins) by extension 'python'
[0.215s] Level 1:colcon.colcon_core.package_identification:_identify(src/kookmin/Park Simulator_Data/Plugins) by extensions ['python_setup_py']
[0.215s] Level 1:colcon.colcon_core.package_identification:_identify(src/kookmin/Park Simulator_Data/Plugins) by extension 'python_setup_py'
[0.215s] Level 1:colcon.colcon_core.package_identification:_identify(src/kookmin/Park Simulator_Data/Plugins/x86_64) by extensions ['ignore', 'ignore_ament_install']
[0.215s] Level 1:colcon.colcon_core.package_identification:_identify(src/kookmin/Park Simulator_Data/Plugins/x86_64) by extension 'ignore'
[0.215s] Level 1:colcon.colcon_core.package_identification:_identify(src/kookmin/Park Simulator_Data/Plugins/x86_64) by extension 'ignore_ament_install'
[0.215s] Level 1:colcon.colcon_core.package_identification:_identify(src/kookmin/Park Simulator_Data/Plugins/x86_64) by extensions ['colcon_pkg']
[0.215s] Level 1:colcon.colcon_core.package_identification:_identify(src/kookmin/Park Simulator_Data/Plugins/x86_64) by extension 'colcon_pkg'
[0.215s] Level 1:colcon.colcon_core.package_identification:_identify(src/kookmin/Park Simulator_Data/Plugins/x86_64) by extensions ['colcon_meta']
[0.215s] Level 1:colcon.colcon_core.package_identification:_identify(src/kookmin/Park Simulator_Data/Plugins/x86_64) by extension 'colcon_meta'
[0.215s] Level 1:colcon.colcon_core.package_identification:_identify(src/kookmin/Park Simulator_Data/Plugins/x86_64) by extensions ['ros']
[0.215s] Level 1:colcon.colcon_core.package_identification:_identify(src/kookmin/Park Simulator_Data/Plugins/x86_64) by extension 'ros'
[0.215s] Level 1:colcon.colcon_core.package_identification:_identify(src/kookmin/Park Simulator_Data/Plugins/x86_64) by extensions ['cmake', 'python']
[0.215s] Level 1:colcon.colcon_core.package_identification:_identify(src/kookmin/Park Simulator_Data/Plugins/x86_64) by extension 'cmake'
[0.215s] Level 1:colcon.colcon_core.package_identification:_identify(src/kookmin/Park Simulator_Data/Plugins/x86_64) by extension 'python'
[0.215s] Level 1:colcon.colcon_core.package_identification:_identify(src/kookmin/Park Simulator_Data/Plugins/x86_64) by extensions ['python_setup_py']
[0.215s] Level 1:colcon.colcon_core.package_identification:_identify(src/kookmin/Park Simulator_Data/Plugins/x86_64) by extension 'python_setup_py'
[0.216s] Level 1:colcon.colcon_core.package_identification:_identify(src/kookmin/Park Simulator_Data/Resources) by extensions ['ignore', 'ignore_ament_install']
[0.216s] Level 1:colcon.colcon_core.package_identification:_identify(src/kookmin/Park Simulator_Data/Resources) by extension 'ignore'
[0.216s] Level 1:colcon.colcon_core.package_identification:_identify(src/kookmin/Park Simulator_Data/Resources) by extension 'ignore_ament_install'
[0.216s] Level 1:colcon.colcon_core.package_identification:_identify(src/kookmin/Park Simulator_Data/Resources) by extensions ['colcon_pkg']
[0.216s] Level 1:colcon.colcon_core.package_identification:_identify(src/kookmin/Park Simulator_Data/Resources) by extension 'colcon_pkg'
[0.216s] Level 1:colcon.colcon_core.package_identification:_identify(src/kookmin/Park Simulator_Data/Resources) by extensions ['colcon_meta']
[0.216s] Level 1:colcon.colcon_core.package_identification:_identify(src/kookmin/Park Simulator_Data/Resources) by extension 'colcon_meta'
[0.216s] Level 1:colcon.colcon_core.package_identification:_identify(src/kookmin/Park Simulator_Data/Resources) by extensions ['ros']
[0.216s] Level 1:colcon.colcon_core.package_identification:_identify(src/kookmin/Park Simulator_Data/Resources) by extension 'ros'
[0.216s] Level 1:colcon.colcon_core.package_identification:_identify(src/kookmin/Park Simulator_Data/Resources) by extensions ['cmake', 'python']
[0.216s] Level 1:colcon.colcon_core.package_identification:_identify(src/kookmin/Park Simulator_Data/Resources) by extension 'cmake'
[0.216s] Level 1:colcon.colcon_core.package_identification:_identify(src/kookmin/Park Simulator_Data/Resources) by extension 'python'
[0.216s] Level 1:colcon.colcon_core.package_identification:_identify(src/kookmin/Park Simulator_Data/Resources) by extensions ['python_setup_py']
[0.216s] Level 1:colcon.colcon_core.package_identification:_identify(src/kookmin/Park Simulator_Data/Resources) by extension 'python_setup_py'
[0.216s] Level 1:colcon.colcon_core.package_identification:_identify(src/kookmin/ROS-TCP-Endpoint) by extensions ['ignore', 'ignore_ament_install']
[0.216s] Level 1:colcon.colcon_core.package_identification:_identify(src/kookmin/ROS-TCP-Endpoint) by extension 'ignore'
[0.216s] Level 1:colcon.colcon_core.package_identification:_identify(src/kookmin/ROS-TCP-Endpoint) by extension 'ignore_ament_install'
[0.216s] Level 1:colcon.colcon_core.package_identification:_identify(src/kookmin/ROS-TCP-Endpoint) by extensions ['colcon_pkg']
[0.216s] Level 1:colcon.colcon_core.package_identification:_identify(src/kookmin/ROS-TCP-Endpoint) by extension 'colcon_pkg'
[0.216s] Level 1:colcon.colcon_core.package_identification:_identify(src/kookmin/ROS-TCP-Endpoint) by extensions ['colcon_meta']
[0.216s] Level 1:colcon.colcon_core.package_identification:_identify(src/kookmin/ROS-TCP-Endpoint) by extension 'colcon_meta'
[0.216s] Level 1:colcon.colcon_core.package_identification:_identify(src/kookmin/ROS-TCP-Endpoint) by extensions ['ros']
[0.216s] Level 1:colcon.colcon_core.package_identification:_identify(src/kookmin/ROS-TCP-Endpoint) by extension 'ros'
[0.218s] DEBUG:colcon.colcon_core.package_identification:Package 'src/kookmin/ROS-TCP-Endpoint' with type 'ros.catkin' and name 'ros_tcp_endpoint'
[0.218s] Level 1:colcon.colcon_core.package_identification:_identify(src/kookmin/driver) by extensions ['ignore', 'ignore_ament_install']
[0.218s] Level 1:colcon.colcon_core.package_identification:_identify(src/kookmin/driver) by extension 'ignore'
[0.218s] Level 1:colcon.colcon_core.package_identification:_identify(src/kookmin/driver) by extension 'ignore_ament_install'
[0.218s] Level 1:colcon.colcon_core.package_identification:_identify(src/kookmin/driver) by extensions ['colcon_pkg']
[0.218s] Level 1:colcon.colcon_core.package_identification:_identify(src/kookmin/driver) by extension 'colcon_pkg'
[0.218s] Level 1:colcon.colcon_core.package_identification:_identify(src/kookmin/driver) by extensions ['colcon_meta']
[0.218s] Level 1:colcon.colcon_core.package_identification:_identify(src/kookmin/driver) by extension 'colcon_meta'
[0.218s] Level 1:colcon.colcon_core.package_identification:_identify(src/kookmin/driver) by extensions ['ros']
[0.218s] Level 1:colcon.colcon_core.package_identification:_identify(src/kookmin/driver) by extension 'ros'
[0.218s] Level 1:colcon.colcon_core.package_identification:_identify(src/kookmin/driver) by extensions ['cmake', 'python']
[0.218s] Level 1:colcon.colcon_core.package_identification:_identify(src/kookmin/driver) by extension 'cmake'
[0.218s] Level 1:colcon.colcon_core.package_identification:_identify(src/kookmin/driver) by extension 'python'
[0.218s] Level 1:colcon.colcon_core.package_identification:_identify(src/kookmin/driver) by extensions ['python_setup_py']
[0.218s] Level 1:colcon.colcon_core.package_identification:_identify(src/kookmin/driver) by extension 'python_setup_py'
[0.219s] Level 1:colcon.colcon_core.package_identification:_identify(src/kookmin/xycar_msgs) by extensions ['ignore', 'ignore_ament_install']
[0.219s] Level 1:colcon.colcon_core.package_identification:_identify(src/kookmin/xycar_msgs) by extension 'ignore'
[0.219s] Level 1:colcon.colcon_core.package_identification:_identify(src/kookmin/xycar_msgs) by extension 'ignore_ament_install'
[0.219s] Level 1:colcon.colcon_core.package_identification:_identify(src/kookmin/xycar_msgs) by extensions ['colcon_pkg']
[0.219s] Level 1:colcon.colcon_core.package_identification:_identify(src/kookmin/xycar_msgs) by extension 'colcon_pkg'
[0.219s] Level 1:colcon.colcon_core.package_identification:_identify(src/kookmin/xycar_msgs) by extensions ['colcon_meta']
[0.219s] Level 1:colcon.colcon_core.package_identification:_identify(src/kookmin/xycar_msgs) by extension 'colcon_meta'
[0.219s] Level 1:colcon.colcon_core.package_identification:_identify(src/kookmin/xycar_msgs) by extensions ['ros']
[0.219s] Level 1:colcon.colcon_core.package_identification:_identify(src/kookmin/xycar_msgs) by extension 'ros'
[0.219s] DEBUG:colcon.colcon_core.package_identification:Package 'src/kookmin/xycar_msgs' with type 'ros.catkin' and name 'xycar_msgs'
[0.219s] Level 1:colcon.colcon_core.package_discovery:discover_packages(recursive) using defaults
[0.219s] Level 1:colcon.colcon_core.package_discovery:discover_packages(ignore) discover
[0.219s] Level 1:colcon.colcon_core.package_discovery:discover_packages(ignore) using defaults
[0.219s] Level 1:colcon.colcon_core.package_discovery:discover_packages(path) discover
[0.219s] Level 1:colcon.colcon_core.package_discovery:discover_packages(path) using defaults
[0.233s] Level 1:colcon.colcon_core.package_discovery:discover_packages(prefix_path) check parameters
[0.233s] Level 1:colcon.colcon_core.package_discovery:discover_packages(prefix_path) discover
[0.241s] Level 1:colcon.colcon_core.package_discovery:discover_packages(prefix_path) using defaults
[0.242s] Level 5:colcon.colcon_core.verb:set package 'ros_tcp_endpoint' build argument 'cmake_args' from command line to 'None'
[0.242s] Level 5:colcon.colcon_core.verb:set package 'ros_tcp_endpoint' build argument 'cmake_target' from command line to 'None'
[0.242s] Level 5:colcon.colcon_core.verb:set package 'ros_tcp_endpoint' build argument 'cmake_target_skip_unavailable' from command line to 'False'
[0.242s] Level 5:colcon.colcon_core.verb:set package 'ros_tcp_endpoint' build argument 'cmake_clean_cache' from command line to 'False'
[0.242s] Level 5:colcon.colcon_core.verb:set package 'ros_tcp_endpoint' build argument 'cmake_clean_first' from command line to 'False'
[0.242s] Level 5:colcon.colcon_core.verb:set package 'ros_tcp_endpoint' build argument 'cmake_force_configure' from command line to 'False'
[0.242s] Level 5:colcon.colcon_core.verb:set package 'ros_tcp_endpoint' build argument 'ament_cmake_args' from command line to 'None'
[0.242s] Level 5:colcon.colcon_core.verb:set package 'ros_tcp_endpoint' build argument 'catkin_cmake_args' from command line to 'None'
[0.242s] Level 5:colcon.colcon_core.verb:set package 'ros_tcp_endpoint' build argument 'catkin_skip_building_tests' from command line to 'False'
[0.242s] DEBUG:colcon.colcon_core.verb:Building package 'ros_tcp_endpoint' with the following arguments: {'ament_cmake_args': None, 'build_base': '/home/dylan/xytron/xycar_ws/build/ros_tcp_endpoint', 'catkin_cmake_args': None, 'catkin_skip_building_tests': False, 'cmake_args': None, 'cmake_clean_cache': False, 'cmake_clean_first': False, 'cmake_force_configure': False, 'cmake_target': None, 'cmake_target_skip_unavailable': False, 'install_base': '/home/dylan/xytron/xycar_ws/install/ros_tcp_endpoint', 'merge_install': False, 'path': '/home/dylan/xytron/xycar_ws/src/kookmin/ROS-TCP-Endpoint', 'symlink_install': False, 'test_result_base': None}
[0.242s] Level 5:colcon.colcon_core.verb:set package 'xycar_msgs' build argument 'cmake_args' from command line to 'None'
[0.242s] Level 5:colcon.colcon_core.verb:set package 'xycar_msgs' build argument 'cmake_target' from command line to 'None'
[0.242s] Level 5:colcon.colcon_core.verb:set package 'xycar_msgs' build argument 'cmake_target_skip_unavailable' from command line to 'False'
[0.242s] Level 5:colcon.colcon_core.verb:set package 'xycar_msgs' build argument 'cmake_clean_cache' from command line to 'False'
[0.242s] Level 5:colcon.colcon_core.verb:set package 'xycar_msgs' build argument 'cmake_clean_first' from command line to 'False'
[0.242s] Level 5:colcon.colcon_core.verb:set package 'xycar_msgs' build argument 'cmake_force_configure' from command line to 'False'
[0.242s] Level 5:colcon.colcon_core.verb:set package 'xycar_msgs' build argument 'ament_cmake_args' from command line to 'None'
[0.242s] Level 5:colcon.colcon_core.verb:set package 'xycar_msgs' build argument 'catkin_cmake_args' from command line to 'None'
[0.242s] Level 5:colcon.colcon_core.verb:set package 'xycar_msgs' build argument 'catkin_skip_building_tests' from command line to 'False'
[0.242s] DEBUG:colcon.colcon_core.verb:Building package 'xycar_msgs' with the following arguments: {'ament_cmake_args': None, 'build_base': '/home/dylan/xytron/xycar_ws/build/xycar_msgs', 'catkin_cmake_args': None, 'catkin_skip_building_tests': False, 'cmake_args': None, 'cmake_clean_cache': False, 'cmake_clean_first': False, 'cmake_force_configure': False, 'cmake_target': None, 'cmake_target_skip_unavailable': False, 'install_base': '/home/dylan/xytron/xycar_ws/install/xycar_msgs', 'merge_install': False, 'path': '/home/dylan/xytron/xycar_ws/src/kookmin/xycar_msgs', 'symlink_install': False, 'test_result_base': None}
[0.242s] INFO:colcon.colcon_core.executor:Executing jobs using 'parallel' executor
[0.243s] DEBUG:colcon.colcon_parallel_executor.executor.parallel:run_until_complete
[0.244s] INFO:colcon.colcon_ros.task.catkin.build:Building ROS package in '/home/dylan/xytron/xycar_ws/src/kookmin/ROS-TCP-Endpoint' with build type 'catkin'
[0.244s] INFO:colcon.colcon_cmake.task.cmake.build:Building CMake package in '/home/dylan/xytron/xycar_ws/src/kookmin/ROS-TCP-Endpoint'
[0.245s] INFO:colcon.colcon_core.plugin_system:Skipping extension 'colcon_core.shell.bat': Not used on non-Windows systems
[0.245s] INFO:colcon.colcon_core.shell:Skip shell extension 'powershell' for command environment: Not usable outside of PowerShell
[0.245s] DEBUG:colcon.colcon_core.shell:Skip shell extension 'dsv' for command environment
[0.246s] DEBUG:colcon.colcon_core.shell:Ignoring prefix path '/opt/ros/noetic'
[0.248s] INFO:colcon.colcon_ros.task.catkin.build:Building ROS package in '/home/dylan/xytron/xycar_ws/src/kookmin/xycar_msgs' with build type 'catkin'
[0.248s] INFO:colcon.colcon_cmake.task.cmake.build:Building CMake package in '/home/dylan/xytron/xycar_ws/src/kookmin/xycar_msgs'
[0.248s] INFO:colcon.colcon_core.shell:Skip shell extension 'powershell' for command environment: Not usable outside of PowerShell
[0.248s] DEBUG:colcon.colcon_core.shell:Skip shell extension 'dsv' for command environment
[0.249s] DEBUG:colcon.colcon_core.shell:Ignoring prefix path '/opt/ros/noetic'
[0.253s] DEBUG:colcon.colcon_core.event_handler.log_command:Invoking command in '/home/dylan/xytron/xycar_ws/build/ros_tcp_endpoint': /usr/bin/cmake /home/dylan/xytron/xycar_ws/src/kookmin/ROS-TCP-Endpoint -DCATKIN_INSTALL_INTO_PREFIX_ROOT=0 -DCMAKE_INSTALL_PREFIX=/home/dylan/xytron/xycar_ws/install/ros_tcp_endpoint
[0.262s] DEBUG:colcon.colcon_core.event_handler.log_command:Invoking command in '/home/dylan/xytron/xycar_ws/build/xycar_msgs': /usr/bin/cmake /home/dylan/xytron/xycar_ws/src/kookmin/xycar_msgs -DCATKIN_INSTALL_INTO_PREFIX_ROOT=0 -DCMAKE_INSTALL_PREFIX=/home/dylan/xytron/xycar_ws/install/xycar_msgs
[1.306s] DEBUG:colcon.colcon_core.event_handler.log_command:Invoked command in '/home/dylan/xytron/xycar_ws/build/xycar_msgs' returned '0': /usr/bin/cmake /home/dylan/xytron/xycar_ws/src/kookmin/xycar_msgs -DCATKIN_INSTALL_INTO_PREFIX_ROOT=0 -DCMAKE_INSTALL_PREFIX=/home/dylan/xytron/xycar_ws/install/xycar_msgs
[1.309s] DEBUG:colcon.colcon_core.event_handler.log_command:Invoking command in '/home/dylan/xytron/xycar_ws/build/xycar_msgs': /usr/bin/cmake --build /home/dylan/xytron/xycar_ws/build/xycar_msgs -- -j16 -l16
[1.814s] DEBUG:colcon.colcon_core.event_handler.log_command:Invoked command in '/home/dylan/xytron/xycar_ws/build/ros_tcp_endpoint' returned '0': /usr/bin/cmake /home/dylan/xytron/xycar_ws/src/kookmin/ROS-TCP-Endpoint -DCATKIN_INSTALL_INTO_PREFIX_ROOT=0 -DCMAKE_INSTALL_PREFIX=/home/dylan/xytron/xycar_ws/install/ros_tcp_endpoint
[1.815s] DEBUG:colcon.colcon_core.event_handler.log_command:Invoking command in '/home/dylan/xytron/xycar_ws/build/ros_tcp_endpoint': /usr/bin/cmake --build /home/dylan/xytron/xycar_ws/build/ros_tcp_endpoint -- -j16 -l16
[1.989s] DEBUG:colcon.colcon_core.event_handler.log_command:Invoked command in '/home/dylan/xytron/xycar_ws/build/ros_tcp_endpoint' returned '0': /usr/bin/cmake --build /home/dylan/xytron/xycar_ws/build/ros_tcp_endpoint -- -j16 -l16
[1.993s] DEBUG:colcon.colcon_core.event_handler.log_command:Invoking command in '/home/dylan/xytron/xycar_ws/build/ros_tcp_endpoint': /usr/bin/cmake --build /home/dylan/xytron/xycar_ws/build/ros_tcp_endpoint --target tests -- -j16 -l16
[2.129s] DEBUG:colcon.colcon_core.event_handler.log_command:Invoked command in '/home/dylan/xytron/xycar_ws/build/ros_tcp_endpoint' returned '0': /usr/bin/cmake --build /home/dylan/xytron/xycar_ws/build/ros_tcp_endpoint --target tests -- -j16 -l16
[2.150s] DEBUG:colcon.colcon_core.event_handler.log_command:Invoking command in '/home/dylan/xytron/xycar_ws/build/ros_tcp_endpoint': /usr/bin/cmake --install /home/dylan/xytron/xycar_ws/build/ros_tcp_endpoint
[2.244s] DEBUG:colcon.colcon_core.event_handler.log_command:Invoked command in '/home/dylan/xytron/xycar_ws/build/xycar_msgs' returned '0': /usr/bin/cmake --build /home/dylan/xytron/xycar_ws/build/xycar_msgs -- -j16 -l16
[2.248s] DEBUG:colcon.colcon_core.event_handler.log_command:Invoking command in '/home/dylan/xytron/xycar_ws/build/xycar_msgs': /usr/bin/cmake --build /home/dylan/xytron/xycar_ws/build/xycar_msgs --target tests -- -j16 -l16
[2.328s] DEBUG:colcon.colcon_core.event_handler.log_command:Invoked command in '/home/dylan/xytron/xycar_ws/build/xycar_msgs' returned '0': /usr/bin/cmake --build /home/dylan/xytron/xycar_ws/build/xycar_msgs --target tests -- -j16 -l16
[2.331s] DEBUG:colcon.colcon_core.event_handler.log_command:Invoking command in '/home/dylan/xytron/xycar_ws/build/xycar_msgs': /usr/bin/cmake --install /home/dylan/xytron/xycar_ws/build/xycar_msgs
[2.386s] DEBUG:colcon.colcon_core.event_handler.log_command:Invoked command in '/home/dylan/xytron/xycar_ws/build/xycar_msgs' returned '0': /usr/bin/cmake --install /home/dylan/xytron/xycar_ws/build/xycar_msgs
[2.387s] Level 1:colcon.colcon_core.shell:create_environment_hook('xycar_msgs', 'ros_package_path')
[2.387s] INFO:colcon.colcon_core.shell:Creating environment hook '/home/dylan/xytron/xycar_ws/install/xycar_msgs/share/xycar_msgs/hook/ros_package_path.ps1'
[2.388s] INFO:colcon.colcon_core.shell:Creating environment descriptor '/home/dylan/xytron/xycar_ws/install/xycar_msgs/share/xycar_msgs/hook/ros_package_path.dsv'
[2.389s] INFO:colcon.colcon_core.shell:Creating environment hook '/home/dylan/xytron/xycar_ws/install/xycar_msgs/share/xycar_msgs/hook/ros_package_path.sh'
[2.389s] Level 1:colcon.colcon_ros.task.catkin:checking '/home/dylan/xytron/xycar_ws/install/xycar_msgs/lib/python3/dist-packages'
[2.390s] Level 1:colcon.colcon_core.shell:create_environment_hook('xycar_msgs', 'catkin_pythonpath')
[2.390s] INFO:colcon.colcon_core.shell:Creating environment hook '/home/dylan/xytron/xycar_ws/install/xycar_msgs/share/xycar_msgs/hook/catkin_pythonpath.ps1'
[2.390s] INFO:colcon.colcon_core.shell:Creating environment descriptor '/home/dylan/xytron/xycar_ws/install/xycar_msgs/share/xycar_msgs/hook/catkin_pythonpath.dsv'
[2.390s] INFO:colcon.colcon_core.shell:Creating environment hook '/home/dylan/xytron/xycar_ws/install/xycar_msgs/share/xycar_msgs/hook/catkin_pythonpath.sh'
[2.391s] Level 1:colcon.colcon_core.shell:create_environment_hook('xycar_msgs', 'pkg_config_path')
[2.391s] INFO:colcon.colcon_core.shell:Creating environment hook '/home/dylan/xytron/xycar_ws/install/xycar_msgs/share/xycar_msgs/hook/pkg_config_path.ps1'
[2.391s] INFO:colcon.colcon_core.shell:Creating environment descriptor '/home/dylan/xytron/xycar_ws/install/xycar_msgs/share/xycar_msgs/hook/pkg_config_path.dsv'
[2.392s] INFO:colcon.colcon_core.shell:Creating environment hook '/home/dylan/xytron/xycar_ws/install/xycar_msgs/share/xycar_msgs/hook/pkg_config_path.sh'
[2.395s] Level 1:colcon.colcon_core.shell:create_environment_hook('xycar_msgs', 'pkg_config_path_multiarch')
[2.396s] INFO:colcon.colcon_core.shell:Creating environment hook '/home/dylan/xytron/xycar_ws/install/xycar_msgs/share/xycar_msgs/hook/pkg_config_path_multiarch.ps1'
[2.396s] INFO:colcon.colcon_core.shell:Creating environment descriptor '/home/dylan/xytron/xycar_ws/install/xycar_msgs/share/xycar_msgs/hook/pkg_config_path_multiarch.dsv'
[2.396s] INFO:colcon.colcon_core.shell:Creating environment hook '/home/dylan/xytron/xycar_ws/install/xycar_msgs/share/xycar_msgs/hook/pkg_config_path_multiarch.sh'
[2.397s] Level 1:colcon.colcon_core.environment:create_environment_scripts_only(xycar_msgs)
[2.399s] Level 1:colcon.colcon_core.environment:checking '/home/dylan/xytron/xycar_ws/install/xycar_msgs' for CMake module files
[2.399s] Level 1:colcon.colcon_core.environment:checking '/home/dylan/xytron/xycar_ws/install/xycar_msgs' for CMake config files
[2.399s] Level 1:colcon.colcon_core.shell:create_environment_hook('xycar_msgs', 'cmake_prefix_path')
[2.399s] INFO:colcon.colcon_core.shell:Creating environment hook '/home/dylan/xytron/xycar_ws/install/xycar_msgs/share/xycar_msgs/hook/cmake_prefix_path.ps1'
[2.399s] INFO:colcon.colcon_core.shell:Creating environment descriptor '/home/dylan/xytron/xycar_ws/install/xycar_msgs/share/xycar_msgs/hook/cmake_prefix_path.dsv'
[2.400s] INFO:colcon.colcon_core.shell:Creating environment hook '/home/dylan/xytron/xycar_ws/install/xycar_msgs/share/xycar_msgs/hook/cmake_prefix_path.sh'
[2.400s] Level 1:colcon.colcon_core.environment:checking '/home/dylan/xytron/xycar_ws/install/xycar_msgs/lib'
[2.400s] Level 1:colcon.colcon_core.environment:checking '/home/dylan/xytron/xycar_ws/install/xycar_msgs/bin'
[2.400s] Level 1:colcon.colcon_core.environment:checking '/home/dylan/xytron/xycar_ws/install/xycar_msgs/lib/pkgconfig/xycar_msgs.pc'
[2.400s] Level 1:colcon.colcon_core.shell:create_environment_hook('xycar_msgs', 'pkg_config')
[2.400s] INFO:colcon.colcon_core.shell:Creating environment hook '/home/dylan/xytron/xycar_ws/install/xycar_msgs/share/xycar_msgs/hook/pkg_config.ps1'
[2.401s] INFO:colcon.colcon_core.shell:Creating environment descriptor '/home/dylan/xytron/xycar_ws/install/xycar_msgs/share/xycar_msgs/hook/pkg_config.dsv'
[2.401s] INFO:colcon.colcon_core.shell:Creating environment hook '/home/dylan/xytron/xycar_ws/install/xycar_msgs/share/xycar_msgs/hook/pkg_config.sh'
[2.402s] Level 1:colcon.colcon_core.environment:checking '/home/dylan/xytron/xycar_ws/install/xycar_msgs/lib/python3.8/site-packages'
[2.402s] Level 1:colcon.colcon_core.environment:checking '/home/dylan/xytron/xycar_ws/install/xycar_msgs/bin'
[2.403s] INFO:colcon.colcon_core.shell:Creating package script '/home/dylan/xytron/xycar_ws/install/xycar_msgs/share/xycar_msgs/package.ps1'
[2.404s] INFO:colcon.colcon_core.shell:Creating package descriptor '/home/dylan/xytron/xycar_ws/install/xycar_msgs/share/xycar_msgs/package.dsv'
[2.404s] INFO:colcon.colcon_core.shell:Creating package script '/home/dylan/xytron/xycar_ws/install/xycar_msgs/share/xycar_msgs/package.sh'
[2.405s] INFO:colcon.colcon_core.shell:Creating package script '/home/dylan/xytron/xycar_ws/install/xycar_msgs/share/xycar_msgs/package.bash'
[2.406s] INFO:colcon.colcon_core.shell:Creating package script '/home/dylan/xytron/xycar_ws/install/xycar_msgs/share/xycar_msgs/package.zsh'
[2.406s] Level 1:colcon.colcon_core.environment:create_file_with_runtime_dependencies(/home/dylan/xytron/xycar_ws/install/xycar_msgs/share/colcon-core/packages/xycar_msgs)
[2.433s] DEBUG:colcon.colcon_core.event_handler.log_command:Invoked command in '/home/dylan/xytron/xycar_ws/build/ros_tcp_endpoint' returned '1': /usr/bin/cmake --install /home/dylan/xytron/xycar_ws/build/ros_tcp_endpoint
[2.433s] Level 1:colcon.colcon_core.shell:create_environment_hook('ros_tcp_endpoint', 'ros_package_path')
[2.433s] INFO:colcon.colcon_core.shell:Creating environment hook '/home/dylan/xytron/xycar_ws/install/ros_tcp_endpoint/share/ros_tcp_endpoint/hook/ros_package_path.ps1'
[2.434s] INFO:colcon.colcon_core.shell:Creating environment descriptor '/home/dylan/xytron/xycar_ws/install/ros_tcp_endpoint/share/ros_tcp_endpoint/hook/ros_package_path.dsv'
[2.434s] INFO:colcon.colcon_core.shell:Creating environment hook '/home/dylan/xytron/xycar_ws/install/ros_tcp_endpoint/share/ros_tcp_endpoint/hook/ros_package_path.sh'
[2.434s] Level 1:colcon.colcon_ros.task.catkin:checking '/home/dylan/xytron/xycar_ws/install/ros_tcp_endpoint/lib/python3/dist-packages'
[2.434s] Level 1:colcon.colcon_core.shell:create_environment_hook('ros_tcp_endpoint', 'catkin_pythonpath')
[2.435s] INFO:colcon.colcon_core.shell:Creating environment hook '/home/dylan/xytron/xycar_ws/install/ros_tcp_endpoint/share/ros_tcp_endpoint/hook/catkin_pythonpath.ps1'
[2.435s] INFO:colcon.colcon_core.shell:Creating environment descriptor '/home/dylan/xytron/xycar_ws/install/ros_tcp_endpoint/share/ros_tcp_endpoint/hook/catkin_pythonpath.dsv'
[2.435s] INFO:colcon.colcon_core.shell:Creating environment hook '/home/dylan/xytron/xycar_ws/install/ros_tcp_endpoint/share/ros_tcp_endpoint/hook/catkin_pythonpath.sh'
[2.435s] Level 1:colcon.colcon_core.shell:create_environment_hook('ros_tcp_endpoint', 'pkg_config_path')
[2.436s] INFO:colcon.colcon_core.shell:Creating environment hook '/home/dylan/xytron/xycar_ws/install/ros_tcp_endpoint/share/ros_tcp_endpoint/hook/pkg_config_path.ps1'
[2.436s] INFO:colcon.colcon_core.shell:Creating environment descriptor '/home/dylan/xytron/xycar_ws/install/ros_tcp_endpoint/share/ros_tcp_endpoint/hook/pkg_config_path.dsv'
[2.436s] INFO:colcon.colcon_core.shell:Creating environment hook '/home/dylan/xytron/xycar_ws/install/ros_tcp_endpoint/share/ros_tcp_endpoint/hook/pkg_config_path.sh'
[2.436s] Level 1:colcon.colcon_core.shell:create_environment_hook('ros_tcp_endpoint', 'pkg_config_path_multiarch')
[2.436s] INFO:colcon.colcon_core.shell:Creating environment hook '/home/dylan/xytron/xycar_ws/install/ros_tcp_endpoint/share/ros_tcp_endpoint/hook/pkg_config_path_multiarch.ps1'
[2.437s] INFO:colcon.colcon_core.shell:Creating environment descriptor '/home/dylan/xytron/xycar_ws/install/ros_tcp_endpoint/share/ros_tcp_endpoint/hook/pkg_config_path_multiarch.dsv'
[2.437s] INFO:colcon.colcon_core.shell:Creating environment hook '/home/dylan/xytron/xycar_ws/install/ros_tcp_endpoint/share/ros_tcp_endpoint/hook/pkg_config_path_multiarch.sh'
[2.437s] Level 1:colcon.colcon_core.environment:create_environment_scripts_only(ros_tcp_endpoint)
[2.437s] Level 1:colcon.colcon_core.environment:checking '/home/dylan/xytron/xycar_ws/install/ros_tcp_endpoint' for CMake module files
[2.437s] Level 1:colcon.colcon_core.environment:checking '/home/dylan/xytron/xycar_ws/install/ros_tcp_endpoint' for CMake config files
[2.438s] Level 1:colcon.colcon_core.environment:checking '/home/dylan/xytron/xycar_ws/install/ros_tcp_endpoint/lib'
[2.438s] Level 1:colcon.colcon_core.environment:checking '/home/dylan/xytron/xycar_ws/install/ros_tcp_endpoint/bin'
[2.438s] Level 1:colcon.colcon_core.environment:checking '/home/dylan/xytron/xycar_ws/install/ros_tcp_endpoint/lib/pkgconfig/ros_tcp_endpoint.pc'
[2.438s] Level 1:colcon.colcon_core.environment:checking '/home/dylan/xytron/xycar_ws/install/ros_tcp_endpoint/lib/python3.8/site-packages'
[2.438s] Level 1:colcon.colcon_core.environment:checking '/home/dylan/xytron/xycar_ws/install/ros_tcp_endpoint/bin'
[2.438s] INFO:colcon.colcon_core.shell:Creating package script '/home/dylan/xytron/xycar_ws/install/ros_tcp_endpoint/share/ros_tcp_endpoint/package.ps1'
[2.439s] INFO:colcon.colcon_core.shell:Creating package descriptor '/home/dylan/xytron/xycar_ws/install/ros_tcp_endpoint/share/ros_tcp_endpoint/package.dsv'
[2.439s] INFO:colcon.colcon_core.shell:Creating package script '/home/dylan/xytron/xycar_ws/install/ros_tcp_endpoint/share/ros_tcp_endpoint/package.sh'
[2.439s] INFO:colcon.colcon_core.shell:Creating package script '/home/dylan/xytron/xycar_ws/install/ros_tcp_endpoint/share/ros_tcp_endpoint/package.bash'
[2.440s] INFO:colcon.colcon_core.shell:Creating package script '/home/dylan/xytron/xycar_ws/install/ros_tcp_endpoint/share/ros_tcp_endpoint/package.zsh'
[2.440s] Level 1:colcon.colcon_core.environment:create_file_with_runtime_dependencies(/home/dylan/xytron/xycar_ws/install/ros_tcp_endpoint/share/colcon-core/packages/ros_tcp_endpoint)
[2.440s] DEBUG:colcon.colcon_parallel_executor.executor.parallel:closing loop
[2.441s] DEBUG:colcon.colcon_parallel_executor.executor.parallel:loop closed
[2.441s] DEBUG:colcon.colcon_parallel_executor.executor.parallel:run_until_complete finished with '1'
[2.441s] DEBUG:colcon.colcon_core.event_reactor:joining thread
[2.446s] INFO:colcon.colcon_core.plugin_system:Skipping extension 'colcon_notification.desktop_notification.terminal_notifier': Not used on non-Darwin systems
[2.446s] INFO:colcon.colcon_core.plugin_system:Skipping extension 'colcon_notification.desktop_notification.win32': Not used on non-Windows systems
[2.446s] INFO:colcon.colcon_notification.desktop_notification:Sending desktop notification using 'notify2'
[2.459s] DEBUG:colcon.colcon_core.event_reactor:joined thread
[2.459s] INFO:colcon.colcon_core.shell:Creating prefix script '/home/dylan/xytron/xycar_ws/install/local_setup.ps1'
[2.460s] INFO:colcon.colcon_core.shell:Creating prefix util module '/home/dylan/xytron/xycar_ws/install/_local_setup_util_ps1.py'
[2.461s] INFO:colcon.colcon_core.shell:Creating prefix chain script '/home/dylan/xytron/xycar_ws/install/setup.ps1'
[2.462s] INFO:colcon.colcon_core.shell:Creating prefix script '/home/dylan/xytron/xycar_ws/install/local_setup.sh'
[2.462s] INFO:colcon.colcon_core.shell:Creating prefix util module '/home/dylan/xytron/xycar_ws/install/_local_setup_util_sh.py'
[2.463s] INFO:colcon.colcon_core.shell:Creating prefix chain script '/home/dylan/xytron/xycar_ws/install/setup.sh'
[2.463s] INFO:colcon.colcon_core.shell:Creating prefix script '/home/dylan/xytron/xycar_ws/install/local_setup.bash'
[2.464s] INFO:colcon.colcon_core.shell:Creating prefix chain script '/home/dylan/xytron/xycar_ws/install/setup.bash'
[2.464s] INFO:colcon.colcon_core.shell:Creating prefix script '/home/dylan/xytron/xycar_ws/install/local_setup.zsh'
[2.465s] INFO:colcon.colcon_core.shell:Creating prefix chain script '/home/dylan/xytron/xycar_ws/install/setup.zsh'
