[0.134s] DEBUG:colcon:Command line arguments: ['/usr/bin/colcon', 'build']
[0.134s] DEBUG:colcon:Parsed command line arguments: Namespace(allow_overriding=[], ament_cmake_args=None, base_paths=['.'], build_base='build', catkin_cmake_args=None, catkin_skip_building_tests=False, cmake_args=None, cmake_clean_cache=False, cmake_clean_first=False, cmake_force_configure=False, cmake_target=None, cmake_target_skip_unavailable=False, continue_on_error=False, event_handlers=None, executor='parallel', ignore_user_meta=False, install_base='install', log_base=None, log_level=None, main=<bound method BuildVerb.main of <colcon_core.verb.build.BuildVerb object at 0x7fa49e530ca0>>, merge_install=False, metas=['./colcon.meta'], mixin=None, mixin_files=None, mixin_verb=('build',), packages_above=None, packages_above_and_dependencies=None, packages_above_depth=None, packages_end=None, packages_ignore=None, packages_ignore_regex=None, packages_select=None, packages_select_build_failed=False, packages_select_by_dep=None, packages_select_regex=None, packages_select_test_failures=False, packages_skip=None, packages_skip_build_finished=False, packages_skip_by_dep=None, packages_skip_regex=None, packages_skip_test_passed=False, packages_skip_up_to=None, packages_start=None, packages_up_to=None, packages_up_to_regex=None, parallel_workers=16, paths=None, symlink_install=False, test_result_base=None, verb_extension=<colcon_core.verb.build.BuildVerb object at 0x7fa49e530ca0>, verb_name='build', verb_parser=<colcon_mixin.mixin.mixin_argument.MixinArgumentDecorator object at 0x7fa49e48d520>)
[0.170s] Level 1:colcon.colcon_core.package_discovery:discover_packages(colcon_meta) check parameters
[0.170s] Level 1:colcon.colcon_core.package_discovery:discover_packages(recursive) check parameters
[0.170s] Level 1:colcon.colcon_core.package_discovery:discover_packages(ignore) check parameters
[0.170s] Level 1:colcon.colcon_core.package_discovery:discover_packages(path) check parameters
[0.170s] Level 1:colcon.colcon_core.package_discovery:discover_packages(colcon_meta) discover
[0.171s] Level 1:colcon.colcon_core.package_discovery:discover_packages(recursive) discover
[0.171s] INFO:colcon.colcon_core.package_discovery:Crawling recursively for packages in '/home/dylan/xytron/xycar_ws'
[0.171s] Level 1:colcon.colcon_core.package_identification:_identify(.) by extensions ['ignore', 'ignore_ament_install']
[0.171s] Level 1:colcon.colcon_core.package_identification:_identify(.) by extension 'ignore'
[0.171s] Level 1:colcon.colcon_core.package_identification:_identify(.) by extension 'ignore_ament_install'
[0.171s] Level 1:colcon.colcon_core.package_identification:_identify(.) by extensions ['colcon_pkg']
[0.171s] Level 1:colcon.colcon_core.package_identification:_identify(.) by extension 'colcon_pkg'
[0.171s] Level 1:colcon.colcon_core.package_identification:_identify(.) by extensions ['colcon_meta']
[0.171s] Level 1:colcon.colcon_core.package_identification:_identify(.) by extension 'colcon_meta'
[0.171s] Level 1:colcon.colcon_core.package_identification:_identify(.) by extensions ['ros']
[0.171s] Level 1:colcon.colcon_core.package_identification:_identify(.) by extension 'ros'
[0.187s] Level 1:colcon.colcon_core.package_identification:_identify(.) by extensions ['cmake', 'python']
[0.187s] Level 1:colcon.colcon_core.package_identification:_identify(.) by extension 'cmake'
[0.187s] Level 1:colcon.colcon_core.package_identification:_identify(.) by extension 'python'
[0.187s] Level 1:colcon.colcon_core.package_identification:_identify(.) by extensions ['python_setup_py']
[0.187s] Level 1:colcon.colcon_core.package_identification:_identify(.) by extension 'python_setup_py'
[0.187s] Level 1:colcon.colcon_core.package_identification:_identify(build) by extensions ['ignore', 'ignore_ament_install']
[0.187s] Level 1:colcon.colcon_core.package_identification:_identify(build) by extension 'ignore'
[0.187s] Level 1:colcon.colcon_core.package_identification:_identify(build) ignored
[0.187s] Level 1:colcon.colcon_core.package_identification:_identify(install) by extensions ['ignore', 'ignore_ament_install']
[0.187s] Level 1:colcon.colcon_core.package_identification:_identify(install) by extension 'ignore'
[0.187s] Level 1:colcon.colcon_core.package_identification:_identify(install) ignored
[0.187s] Level 1:colcon.colcon_core.package_identification:_identify(log) by extensions ['ignore', 'ignore_ament_install']
[0.187s] Level 1:colcon.colcon_core.package_identification:_identify(log) by extension 'ignore'
[0.187s] Level 1:colcon.colcon_core.package_identification:_identify(log) ignored
[0.187s] Level 1:colcon.colcon_core.package_identification:_identify(src) by extensions ['ignore', 'ignore_ament_install']
[0.187s] Level 1:colcon.colcon_core.package_identification:_identify(src) by extension 'ignore'
[0.187s] Level 1:colcon.colcon_core.package_identification:_identify(src) by extension 'ignore_ament_install'
[0.187s] Level 1:colcon.colcon_core.package_identification:_identify(src) by extensions ['colcon_pkg']
[0.187s] Level 1:colcon.colcon_core.package_identification:_identify(src) by extension 'colcon_pkg'
[0.187s] Level 1:colcon.colcon_core.package_identification:_identify(src) by extensions ['colcon_meta']
[0.187s] Level 1:colcon.colcon_core.package_identification:_identify(src) by extension 'colcon_meta'
[0.187s] Level 1:colcon.colcon_core.package_identification:_identify(src) by extensions ['ros']
[0.187s] Level 1:colcon.colcon_core.package_identification:_identify(src) by extension 'ros'
[0.187s] Level 1:colcon.colcon_core.package_identification:_identify(src) by extensions ['cmake', 'python']
[0.187s] Level 1:colcon.colcon_core.package_identification:_identify(src) by extension 'cmake'
[0.189s] WARNING:colcon.colcon_cmake.package_identification.cmake:Ignoring 'src/CMakeLists.txt' since it seems to be a toplevel CMake file generated by 'catkin_make'
[0.189s] Level 1:colcon.colcon_core.package_identification:_identify(src) by extension 'python'
[0.189s] Level 1:colcon.colcon_core.package_identification:_identify(src) by extensions ['python_setup_py']
[0.189s] Level 1:colcon.colcon_core.package_identification:_identify(src) by extension 'python_setup_py'
[0.189s] Level 1:colcon.colcon_core.package_identification:_identify(src/kookmin) by extensions ['ignore', 'ignore_ament_install']
[0.189s] Level 1:colcon.colcon_core.package_identification:_identify(src/kookmin) by extension 'ignore'
[0.189s] Level 1:colcon.colcon_core.package_identification:_identify(src/kookmin) by extension 'ignore_ament_install'
[0.189s] Level 1:colcon.colcon_core.package_identification:_identify(src/kookmin) by extensions ['colcon_pkg']
[0.189s] Level 1:colcon.colcon_core.package_identification:_identify(src/kookmin) by extension 'colcon_pkg'
[0.189s] Level 1:colcon.colcon_core.package_identification:_identify(src/kookmin) by extensions ['colcon_meta']
[0.189s] Level 1:colcon.colcon_core.package_identification:_identify(src/kookmin) by extension 'colcon_meta'
[0.189s] Level 1:colcon.colcon_core.package_identification:_identify(src/kookmin) by extensions ['ros']
[0.189s] Level 1:colcon.colcon_core.package_identification:_identify(src/kookmin) by extension 'ros'
[0.189s] Level 1:colcon.colcon_core.package_identification:_identify(src/kookmin) by extensions ['cmake', 'python']
[0.189s] Level 1:colcon.colcon_core.package_identification:_identify(src/kookmin) by extension 'cmake'
[0.189s] Level 1:colcon.colcon_core.package_identification:_identify(src/kookmin) by extension 'python'
[0.189s] Level 1:colcon.colcon_core.package_identification:_identify(src/kookmin) by extensions ['python_setup_py']
[0.189s] Level 1:colcon.colcon_core.package_identification:_identify(src/kookmin) by extension 'python_setup_py'
[0.190s] Level 1:colcon.colcon_core.package_identification:_identify(src/kookmin/D3D12) by extensions ['ignore', 'ignore_ament_install']
[0.190s] Level 1:colcon.colcon_core.package_identification:_identify(src/kookmin/D3D12) by extension 'ignore'
[0.190s] Level 1:colcon.colcon_core.package_identification:_identify(src/kookmin/D3D12) by extension 'ignore_ament_install'
[0.190s] Level 1:colcon.colcon_core.package_identification:_identify(src/kookmin/D3D12) by extensions ['colcon_pkg']
[0.190s] Level 1:colcon.colcon_core.package_identification:_identify(src/kookmin/D3D12) by extension 'colcon_pkg'
[0.190s] Level 1:colcon.colcon_core.package_identification:_identify(src/kookmin/D3D12) by extensions ['colcon_meta']
[0.190s] Level 1:colcon.colcon_core.package_identification:_identify(src/kookmin/D3D12) by extension 'colcon_meta'
[0.190s] Level 1:colcon.colcon_core.package_identification:_identify(src/kookmin/D3D12) by extensions ['ros']
[0.190s] Level 1:colcon.colcon_core.package_identification:_identify(src/kookmin/D3D12) by extension 'ros'
[0.190s] Level 1:colcon.colcon_core.package_identification:_identify(src/kookmin/D3D12) by extensions ['cmake', 'python']
[0.190s] Level 1:colcon.colcon_core.package_identification:_identify(src/kookmin/D3D12) by extension 'cmake'
[0.190s] Level 1:colcon.colcon_core.package_identification:_identify(src/kookmin/D3D12) by extension 'python'
[0.190s] Level 1:colcon.colcon_core.package_identification:_identify(src/kookmin/D3D12) by extensions ['python_setup_py']
[0.190s] Level 1:colcon.colcon_core.package_identification:_identify(src/kookmin/D3D12) by extension 'python_setup_py'
[0.190s] Level 1:colcon.colcon_core.package_identification:_identify(src/kookmin/Drive_Data) by extensions ['ignore', 'ignore_ament_install']
[0.190s] Level 1:colcon.colcon_core.package_identification:_identify(src/kookmin/Drive_Data) by extension 'ignore'
[0.190s] Level 1:colcon.colcon_core.package_identification:_identify(src/kookmin/Drive_Data) by extension 'ignore_ament_install'
[0.190s] Level 1:colcon.colcon_core.package_identification:_identify(src/kookmin/Drive_Data) by extensions ['colcon_pkg']
[0.190s] Level 1:colcon.colcon_core.package_identification:_identify(src/kookmin/Drive_Data) by extension 'colcon_pkg'
[0.190s] Level 1:colcon.colcon_core.package_identification:_identify(src/kookmin/Drive_Data) by extensions ['colcon_meta']
[0.190s] Level 1:colcon.colcon_core.package_identification:_identify(src/kookmin/Drive_Data) by extension 'colcon_meta'
[0.190s] Level 1:colcon.colcon_core.package_identification:_identify(src/kookmin/Drive_Data) by extensions ['ros']
[0.190s] Level 1:colcon.colcon_core.package_identification:_identify(src/kookmin/Drive_Data) by extension 'ros'
[0.190s] Level 1:colcon.colcon_core.package_identification:_identify(src/kookmin/Drive_Data) by extensions ['cmake', 'python']
[0.190s] Level 1:colcon.colcon_core.package_identification:_identify(src/kookmin/Drive_Data) by extension 'cmake'
[0.190s] Level 1:colcon.colcon_core.package_identification:_identify(src/kookmin/Drive_Data) by extension 'python'
[0.190s] Level 1:colcon.colcon_core.package_identification:_identify(src/kookmin/Drive_Data) by extensions ['python_setup_py']
[0.190s] Level 1:colcon.colcon_core.package_identification:_identify(src/kookmin/Drive_Data) by extension 'python_setup_py'
[0.190s] Level 1:colcon.colcon_core.package_identification:_identify(src/kookmin/Drive_Data/Managed) by extensions ['ignore', 'ignore_ament_install']
[0.190s] Level 1:colcon.colcon_core.package_identification:_identify(src/kookmin/Drive_Data/Managed) by extension 'ignore'
[0.190s] Level 1:colcon.colcon_core.package_identification:_identify(src/kookmin/Drive_Data/Managed) by extension 'ignore_ament_install'
[0.190s] Level 1:colcon.colcon_core.package_identification:_identify(src/kookmin/Drive_Data/Managed) by extensions ['colcon_pkg']
[0.190s] Level 1:colcon.colcon_core.package_identification:_identify(src/kookmin/Drive_Data/Managed) by extension 'colcon_pkg'
[0.190s] Level 1:colcon.colcon_core.package_identification:_identify(src/kookmin/Drive_Data/Managed) by extensions ['colcon_meta']
[0.190s] Level 1:colcon.colcon_core.package_identification:_identify(src/kookmin/Drive_Data/Managed) by extension 'colcon_meta'
[0.190s] Level 1:colcon.colcon_core.package_identification:_identify(src/kookmin/Drive_Data/Managed) by extensions ['ros']
[0.190s] Level 1:colcon.colcon_core.package_identification:_identify(src/kookmin/Drive_Data/Managed) by extension 'ros'
[0.190s] Level 1:colcon.colcon_core.package_identification:_identify(src/kookmin/Drive_Data/Managed) by extensions ['cmake', 'python']
[0.191s] Level 1:colcon.colcon_core.package_identification:_identify(src/kookmin/Drive_Data/Managed) by extension 'cmake'
[0.191s] Level 1:colcon.colcon_core.package_identification:_identify(src/kookmin/Drive_Data/Managed) by extension 'python'
[0.191s] Level 1:colcon.colcon_core.package_identification:_identify(src/kookmin/Drive_Data/Managed) by extensions ['python_setup_py']
[0.191s] Level 1:colcon.colcon_core.package_identification:_identify(src/kookmin/Drive_Data/Managed) by extension 'python_setup_py'
[0.191s] Level 1:colcon.colcon_core.package_identification:_identify(src/kookmin/Drive_Data/Plugins) by extensions ['ignore', 'ignore_ament_install']
[0.191s] Level 1:colcon.colcon_core.package_identification:_identify(src/kookmin/Drive_Data/Plugins) by extension 'ignore'
[0.191s] Level 1:colcon.colcon_core.package_identification:_identify(src/kookmin/Drive_Data/Plugins) by extension 'ignore_ament_install'
[0.191s] Level 1:colcon.colcon_core.package_identification:_identify(src/kookmin/Drive_Data/Plugins) by extensions ['colcon_pkg']
[0.191s] Level 1:colcon.colcon_core.package_identification:_identify(src/kookmin/Drive_Data/Plugins) by extension 'colcon_pkg'
[0.191s] Level 1:colcon.colcon_core.package_identification:_identify(src/kookmin/Drive_Data/Plugins) by extensions ['colcon_meta']
[0.191s] Level 1:colcon.colcon_core.package_identification:_identify(src/kookmin/Drive_Data/Plugins) by extension 'colcon_meta'
[0.191s] Level 1:colcon.colcon_core.package_identification:_identify(src/kookmin/Drive_Data/Plugins) by extensions ['ros']
[0.191s] Level 1:colcon.colcon_core.package_identification:_identify(src/kookmin/Drive_Data/Plugins) by extension 'ros'
[0.191s] Level 1:colcon.colcon_core.package_identification:_identify(src/kookmin/Drive_Data/Plugins) by extensions ['cmake', 'python']
[0.191s] Level 1:colcon.colcon_core.package_identification:_identify(src/kookmin/Drive_Data/Plugins) by extension 'cmake'
[0.191s] Level 1:colcon.colcon_core.package_identification:_identify(src/kookmin/Drive_Data/Plugins) by extension 'python'
[0.191s] Level 1:colcon.colcon_core.package_identification:_identify(src/kookmin/Drive_Data/Plugins) by extensions ['python_setup_py']
[0.191s] Level 1:colcon.colcon_core.package_identification:_identify(src/kookmin/Drive_Data/Plugins) by extension 'python_setup_py'
[0.191s] Level 1:colcon.colcon_core.package_identification:_identify(src/kookmin/Drive_Data/Plugins/x86_64) by extensions ['ignore', 'ignore_ament_install']
[0.191s] Level 1:colcon.colcon_core.package_identification:_identify(src/kookmin/Drive_Data/Plugins/x86_64) by extension 'ignore'
[0.191s] Level 1:colcon.colcon_core.package_identification:_identify(src/kookmin/Drive_Data/Plugins/x86_64) by extension 'ignore_ament_install'
[0.191s] Level 1:colcon.colcon_core.package_identification:_identify(src/kookmin/Drive_Data/Plugins/x86_64) by extensions ['colcon_pkg']
[0.191s] Level 1:colcon.colcon_core.package_identification:_identify(src/kookmin/Drive_Data/Plugins/x86_64) by extension 'colcon_pkg'
[0.191s] Level 1:colcon.colcon_core.package_identification:_identify(src/kookmin/Drive_Data/Plugins/x86_64) by extensions ['colcon_meta']
[0.191s] Level 1:colcon.colcon_core.package_identification:_identify(src/kookmin/Drive_Data/Plugins/x86_64) by extension 'colcon_meta'
[0.191s] Level 1:colcon.colcon_core.package_identification:_identify(src/kookmin/Drive_Data/Plugins/x86_64) by extensions ['ros']
[0.191s] Level 1:colcon.colcon_core.package_identification:_identify(src/kookmin/Drive_Data/Plugins/x86_64) by extension 'ros'
[0.191s] Level 1:colcon.colcon_core.package_identification:_identify(src/kookmin/Drive_Data/Plugins/x86_64) by extensions ['cmake', 'python']
[0.191s] Level 1:colcon.colcon_core.package_identification:_identify(src/kookmin/Drive_Data/Plugins/x86_64) by extension 'cmake'
[0.191s] Level 1:colcon.colcon_core.package_identification:_identify(src/kookmin/Drive_Data/Plugins/x86_64) by extension 'python'
[0.191s] Level 1:colcon.colcon_core.package_identification:_identify(src/kookmin/Drive_Data/Plugins/x86_64) by extensions ['python_setup_py']
[0.191s] Level 1:colcon.colcon_core.package_identification:_identify(src/kookmin/Drive_Data/Plugins/x86_64) by extension 'python_setup_py'
[0.191s] Level 1:colcon.colcon_core.package_identification:_identify(src/kookmin/Drive_Data/Resources) by extensions ['ignore', 'ignore_ament_install']
[0.191s] Level 1:colcon.colcon_core.package_identification:_identify(src/kookmin/Drive_Data/Resources) by extension 'ignore'
[0.191s] Level 1:colcon.colcon_core.package_identification:_identify(src/kookmin/Drive_Data/Resources) by extension 'ignore_ament_install'
[0.191s] Level 1:colcon.colcon_core.package_identification:_identify(src/kookmin/Drive_Data/Resources) by extensions ['colcon_pkg']
[0.191s] Level 1:colcon.colcon_core.package_identification:_identify(src/kookmin/Drive_Data/Resources) by extension 'colcon_pkg'
[0.191s] Level 1:colcon.colcon_core.package_identification:_identify(src/kookmin/Drive_Data/Resources) by extensions ['colcon_meta']
[0.191s] Level 1:colcon.colcon_core.package_identification:_identify(src/kookmin/Drive_Data/Resources) by extension 'colcon_meta'
[0.191s] Level 1:colcon.colcon_core.package_identification:_identify(src/kookmin/Drive_Data/Resources) by extensions ['ros']
[0.191s] Level 1:colcon.colcon_core.package_identification:_identify(src/kookmin/Drive_Data/Resources) by extension 'ros'
[0.191s] Level 1:colcon.colcon_core.package_identification:_identify(src/kookmin/Drive_Data/Resources) by extensions ['cmake', 'python']
[0.191s] Level 1:colcon.colcon_core.package_identification:_identify(src/kookmin/Drive_Data/Resources) by extension 'cmake'
[0.192s] Level 1:colcon.colcon_core.package_identification:_identify(src/kookmin/Drive_Data/Resources) by extension 'python'
[0.192s] Level 1:colcon.colcon_core.package_identification:_identify(src/kookmin/Drive_Data/Resources) by extensions ['python_setup_py']
[0.192s] Level 1:colcon.colcon_core.package_identification:_identify(src/kookmin/Drive_Data/Resources) by extension 'python_setup_py'
[0.192s] Level 1:colcon.colcon_core.package_identification:_identify(src/kookmin/MonoBleedingEdge) by extensions ['ignore', 'ignore_ament_install']
[0.192s] Level 1:colcon.colcon_core.package_identification:_identify(src/kookmin/MonoBleedingEdge) by extension 'ignore'
[0.192s] Level 1:colcon.colcon_core.package_identification:_identify(src/kookmin/MonoBleedingEdge) by extension 'ignore_ament_install'
[0.192s] Level 1:colcon.colcon_core.package_identification:_identify(src/kookmin/MonoBleedingEdge) by extensions ['colcon_pkg']
[0.192s] Level 1:colcon.colcon_core.package_identification:_identify(src/kookmin/MonoBleedingEdge) by extension 'colcon_pkg'
[0.192s] Level 1:colcon.colcon_core.package_identification:_identify(src/kookmin/MonoBleedingEdge) by extensions ['colcon_meta']
[0.192s] Level 1:colcon.colcon_core.package_identification:_identify(src/kookmin/MonoBleedingEdge) by extension 'colcon_meta'
[0.192s] Level 1:colcon.colcon_core.package_identification:_identify(src/kookmin/MonoBleedingEdge) by extensions ['ros']
[0.192s] Level 1:colcon.colcon_core.package_identification:_identify(src/kookmin/MonoBleedingEdge) by extension 'ros'
[0.192s] Level 1:colcon.colcon_core.package_identification:_identify(src/kookmin/MonoBleedingEdge) by extensions ['cmake', 'python']
[0.192s] Level 1:colcon.colcon_core.package_identification:_identify(src/kookmin/MonoBleedingEdge) by extension 'cmake'
[0.192s] Level 1:colcon.colcon_core.package_identification:_identify(src/kookmin/MonoBleedingEdge) by extension 'python'
[0.192s] Level 1:colcon.colcon_core.package_identification:_identify(src/kookmin/MonoBleedingEdge) by extensions ['python_setup_py']
[0.192s] Level 1:colcon.colcon_core.package_identification:_identify(src/kookmin/MonoBleedingEdge) by extension 'python_setup_py'
[0.192s] Level 1:colcon.colcon_core.package_identification:_identify(src/kookmin/MonoBleedingEdge/EmbedRuntime) by extensions ['ignore', 'ignore_ament_install']
[0.192s] Level 1:colcon.colcon_core.package_identification:_identify(src/kookmin/MonoBleedingEdge/EmbedRuntime) by extension 'ignore'
[0.192s] Level 1:colcon.colcon_core.package_identification:_identify(src/kookmin/MonoBleedingEdge/EmbedRuntime) by extension 'ignore_ament_install'
[0.192s] Level 1:colcon.colcon_core.package_identification:_identify(src/kookmin/MonoBleedingEdge/EmbedRuntime) by extensions ['colcon_pkg']
[0.192s] Level 1:colcon.colcon_core.package_identification:_identify(src/kookmin/MonoBleedingEdge/EmbedRuntime) by extension 'colcon_pkg'
[0.192s] Level 1:colcon.colcon_core.package_identification:_identify(src/kookmin/MonoBleedingEdge/EmbedRuntime) by extensions ['colcon_meta']
[0.192s] Level 1:colcon.colcon_core.package_identification:_identify(src/kookmin/MonoBleedingEdge/EmbedRuntime) by extension 'colcon_meta'
[0.192s] Level 1:colcon.colcon_core.package_identification:_identify(src/kookmin/MonoBleedingEdge/EmbedRuntime) by extensions ['ros']
[0.192s] Level 1:colcon.colcon_core.package_identification:_identify(src/kookmin/MonoBleedingEdge/EmbedRuntime) by extension 'ros'
[0.192s] Level 1:colcon.colcon_core.package_identification:_identify(src/kookmin/MonoBleedingEdge/EmbedRuntime) by extensions ['cmake', 'python']
[0.192s] Level 1:colcon.colcon_core.package_identification:_identify(src/kookmin/MonoBleedingEdge/EmbedRuntime) by extension 'cmake'
[0.192s] Level 1:colcon.colcon_core.package_identification:_identify(src/kookmin/MonoBleedingEdge/EmbedRuntime) by extension 'python'
[0.192s] Level 1:colcon.colcon_core.package_identification:_identify(src/kookmin/MonoBleedingEdge/EmbedRuntime) by extensions ['python_setup_py']
[0.192s] Level 1:colcon.colcon_core.package_identification:_identify(src/kookmin/MonoBleedingEdge/EmbedRuntime) by extension 'python_setup_py'
[0.192s] Level 1:colcon.colcon_core.package_identification:_identify(src/kookmin/MonoBleedingEdge/etc) by extensions ['ignore', 'ignore_ament_install']
[0.192s] Level 1:colcon.colcon_core.package_identification:_identify(src/kookmin/MonoBleedingEdge/etc) by extension 'ignore'
[0.192s] Level 1:colcon.colcon_core.package_identification:_identify(src/kookmin/MonoBleedingEdge/etc) by extension 'ignore_ament_install'
[0.192s] Level 1:colcon.colcon_core.package_identification:_identify(src/kookmin/MonoBleedingEdge/etc) by extensions ['colcon_pkg']
[0.192s] Level 1:colcon.colcon_core.package_identification:_identify(src/kookmin/MonoBleedingEdge/etc) by extension 'colcon_pkg'
[0.192s] Level 1:colcon.colcon_core.package_identification:_identify(src/kookmin/MonoBleedingEdge/etc) by extensions ['colcon_meta']
[0.192s] Level 1:colcon.colcon_core.package_identification:_identify(src/kookmin/MonoBleedingEdge/etc) by extension 'colcon_meta'
[0.192s] Level 1:colcon.colcon_core.package_identification:_identify(src/kookmin/MonoBleedingEdge/etc) by extensions ['ros']
[0.192s] Level 1:colcon.colcon_core.package_identification:_identify(src/kookmin/MonoBleedingEdge/etc) by extension 'ros'
[0.192s] Level 1:colcon.colcon_core.package_identification:_identify(src/kookmin/MonoBleedingEdge/etc) by extensions ['cmake', 'python']
[0.192s] Level 1:colcon.colcon_core.package_identification:_identify(src/kookmin/MonoBleedingEdge/etc) by extension 'cmake'
[0.192s] Level 1:colcon.colcon_core.package_identification:_identify(src/kookmin/MonoBleedingEdge/etc) by extension 'python'
[0.192s] Level 1:colcon.colcon_core.package_identification:_identify(src/kookmin/MonoBleedingEdge/etc) by extensions ['python_setup_py']
[0.192s] Level 1:colcon.colcon_core.package_identification:_identify(src/kookmin/MonoBleedingEdge/etc) by extension 'python_setup_py'
[0.193s] Level 1:colcon.colcon_core.package_identification:_identify(src/kookmin/MonoBleedingEdge/etc/mono) by extensions ['ignore', 'ignore_ament_install']
[0.193s] Level 1:colcon.colcon_core.package_identification:_identify(src/kookmin/MonoBleedingEdge/etc/mono) by extension 'ignore'
[0.193s] Level 1:colcon.colcon_core.package_identification:_identify(src/kookmin/MonoBleedingEdge/etc/mono) by extension 'ignore_ament_install'
[0.193s] Level 1:colcon.colcon_core.package_identification:_identify(src/kookmin/MonoBleedingEdge/etc/mono) by extensions ['colcon_pkg']
[0.193s] Level 1:colcon.colcon_core.package_identification:_identify(src/kookmin/MonoBleedingEdge/etc/mono) by extension 'colcon_pkg'
[0.193s] Level 1:colcon.colcon_core.package_identification:_identify(src/kookmin/MonoBleedingEdge/etc/mono) by extensions ['colcon_meta']
[0.193s] Level 1:colcon.colcon_core.package_identification:_identify(src/kookmin/MonoBleedingEdge/etc/mono) by extension 'colcon_meta'
[0.193s] Level 1:colcon.colcon_core.package_identification:_identify(src/kookmin/MonoBleedingEdge/etc/mono) by extensions ['ros']
[0.193s] Level 1:colcon.colcon_core.package_identification:_identify(src/kookmin/MonoBleedingEdge/etc/mono) by extension 'ros'
[0.193s] Level 1:colcon.colcon_core.package_identification:_identify(src/kookmin/MonoBleedingEdge/etc/mono) by extensions ['cmake', 'python']
[0.193s] Level 1:colcon.colcon_core.package_identification:_identify(src/kookmin/MonoBleedingEdge/etc/mono) by extension 'cmake'
[0.193s] Level 1:colcon.colcon_core.package_identification:_identify(src/kookmin/MonoBleedingEdge/etc/mono) by extension 'python'
[0.193s] Level 1:colcon.colcon_core.package_identification:_identify(src/kookmin/MonoBleedingEdge/etc/mono) by extensions ['python_setup_py']
[0.193s] Level 1:colcon.colcon_core.package_identification:_identify(src/kookmin/MonoBleedingEdge/etc/mono) by extension 'python_setup_py'
[0.193s] Level 1:colcon.colcon_core.package_identification:_identify(src/kookmin/MonoBleedingEdge/etc/mono/2.0) by extensions ['ignore', 'ignore_ament_install']
[0.193s] Level 1:colcon.colcon_core.package_identification:_identify(src/kookmin/MonoBleedingEdge/etc/mono/2.0) by extension 'ignore'
[0.193s] Level 1:colcon.colcon_core.package_identification:_identify(src/kookmin/MonoBleedingEdge/etc/mono/2.0) by extension 'ignore_ament_install'
[0.193s] Level 1:colcon.colcon_core.package_identification:_identify(src/kookmin/MonoBleedingEdge/etc/mono/2.0) by extensions ['colcon_pkg']
[0.193s] Level 1:colcon.colcon_core.package_identification:_identify(src/kookmin/MonoBleedingEdge/etc/mono/2.0) by extension 'colcon_pkg'
[0.193s] Level 1:colcon.colcon_core.package_identification:_identify(src/kookmin/MonoBleedingEdge/etc/mono/2.0) by extensions ['colcon_meta']
[0.193s] Level 1:colcon.colcon_core.package_identification:_identify(src/kookmin/MonoBleedingEdge/etc/mono/2.0) by extension 'colcon_meta'
[0.193s] Level 1:colcon.colcon_core.package_identification:_identify(src/kookmin/MonoBleedingEdge/etc/mono/2.0) by extensions ['ros']
[0.193s] Level 1:colcon.colcon_core.package_identification:_identify(src/kookmin/MonoBleedingEdge/etc/mono/2.0) by extension 'ros'
[0.193s] Level 1:colcon.colcon_core.package_identification:_identify(src/kookmin/MonoBleedingEdge/etc/mono/2.0) by extensions ['cmake', 'python']
[0.193s] Level 1:colcon.colcon_core.package_identification:_identify(src/kookmin/MonoBleedingEdge/etc/mono/2.0) by extension 'cmake'
[0.193s] Level 1:colcon.colcon_core.package_identification:_identify(src/kookmin/MonoBleedingEdge/etc/mono/2.0) by extension 'python'
[0.193s] Level 1:colcon.colcon_core.package_identification:_identify(src/kookmin/MonoBleedingEdge/etc/mono/2.0) by extensions ['python_setup_py']
[0.193s] Level 1:colcon.colcon_core.package_identification:_identify(src/kookmin/MonoBleedingEdge/etc/mono/2.0) by extension 'python_setup_py'
[0.193s] Level 1:colcon.colcon_core.package_identification:_identify(src/kookmin/MonoBleedingEdge/etc/mono/2.0/Browsers) by extensions ['ignore', 'ignore_ament_install']
[0.193s] Level 1:colcon.colcon_core.package_identification:_identify(src/kookmin/MonoBleedingEdge/etc/mono/2.0/Browsers) by extension 'ignore'
[0.193s] Level 1:colcon.colcon_core.package_identification:_identify(src/kookmin/MonoBleedingEdge/etc/mono/2.0/Browsers) by extension 'ignore_ament_install'
[0.193s] Level 1:colcon.colcon_core.package_identification:_identify(src/kookmin/MonoBleedingEdge/etc/mono/2.0/Browsers) by extensions ['colcon_pkg']
[0.193s] Level 1:colcon.colcon_core.package_identification:_identify(src/kookmin/MonoBleedingEdge/etc/mono/2.0/Browsers) by extension 'colcon_pkg'
[0.193s] Level 1:colcon.colcon_core.package_identification:_identify(src/kookmin/MonoBleedingEdge/etc/mono/2.0/Browsers) by extensions ['colcon_meta']
[0.193s] Level 1:colcon.colcon_core.package_identification:_identify(src/kookmin/MonoBleedingEdge/etc/mono/2.0/Browsers) by extension 'colcon_meta'
[0.193s] Level 1:colcon.colcon_core.package_identification:_identify(src/kookmin/MonoBleedingEdge/etc/mono/2.0/Browsers) by extensions ['ros']
[0.193s] Level 1:colcon.colcon_core.package_identification:_identify(src/kookmin/MonoBleedingEdge/etc/mono/2.0/Browsers) by extension 'ros'
[0.193s] Level 1:colcon.colcon_core.package_identification:_identify(src/kookmin/MonoBleedingEdge/etc/mono/2.0/Browsers) by extensions ['cmake', 'python']
[0.193s] Level 1:colcon.colcon_core.package_identification:_identify(src/kookmin/MonoBleedingEdge/etc/mono/2.0/Browsers) by extension 'cmake'
[0.193s] Level 1:colcon.colcon_core.package_identification:_identify(src/kookmin/MonoBleedingEdge/etc/mono/2.0/Browsers) by extension 'python'
[0.193s] Level 1:colcon.colcon_core.package_identification:_identify(src/kookmin/MonoBleedingEdge/etc/mono/2.0/Browsers) by extensions ['python_setup_py']
[0.194s] Level 1:colcon.colcon_core.package_identification:_identify(src/kookmin/MonoBleedingEdge/etc/mono/2.0/Browsers) by extension 'python_setup_py'
[0.194s] Level 1:colcon.colcon_core.package_identification:_identify(src/kookmin/MonoBleedingEdge/etc/mono/4.0) by extensions ['ignore', 'ignore_ament_install']
[0.194s] Level 1:colcon.colcon_core.package_identification:_identify(src/kookmin/MonoBleedingEdge/etc/mono/4.0) by extension 'ignore'
[0.194s] Level 1:colcon.colcon_core.package_identification:_identify(src/kookmin/MonoBleedingEdge/etc/mono/4.0) by extension 'ignore_ament_install'
[0.194s] Level 1:colcon.colcon_core.package_identification:_identify(src/kookmin/MonoBleedingEdge/etc/mono/4.0) by extensions ['colcon_pkg']
[0.194s] Level 1:colcon.colcon_core.package_identification:_identify(src/kookmin/MonoBleedingEdge/etc/mono/4.0) by extension 'colcon_pkg'
[0.194s] Level 1:colcon.colcon_core.package_identification:_identify(src/kookmin/MonoBleedingEdge/etc/mono/4.0) by extensions ['colcon_meta']
[0.194s] Level 1:colcon.colcon_core.package_identification:_identify(src/kookmin/MonoBleedingEdge/etc/mono/4.0) by extension 'colcon_meta'
[0.194s] Level 1:colcon.colcon_core.package_identification:_identify(src/kookmin/MonoBleedingEdge/etc/mono/4.0) by extensions ['ros']
[0.194s] Level 1:colcon.colcon_core.package_identification:_identify(src/kookmin/MonoBleedingEdge/etc/mono/4.0) by extension 'ros'
[0.194s] Level 1:colcon.colcon_core.package_identification:_identify(src/kookmin/MonoBleedingEdge/etc/mono/4.0) by extensions ['cmake', 'python']
[0.194s] Level 1:colcon.colcon_core.package_identification:_identify(src/kookmin/MonoBleedingEdge/etc/mono/4.0) by extension 'cmake'
[0.194s] Level 1:colcon.colcon_core.package_identification:_identify(src/kookmin/MonoBleedingEdge/etc/mono/4.0) by extension 'python'
[0.194s] Level 1:colcon.colcon_core.package_identification:_identify(src/kookmin/MonoBleedingEdge/etc/mono/4.0) by extensions ['python_setup_py']
[0.194s] Level 1:colcon.colcon_core.package_identification:_identify(src/kookmin/MonoBleedingEdge/etc/mono/4.0) by extension 'python_setup_py'
[0.194s] Level 1:colcon.colcon_core.package_identification:_identify(src/kookmin/MonoBleedingEdge/etc/mono/4.0/Browsers) by extensions ['ignore', 'ignore_ament_install']
[0.194s] Level 1:colcon.colcon_core.package_identification:_identify(src/kookmin/MonoBleedingEdge/etc/mono/4.0/Browsers) by extension 'ignore'
[0.194s] Level 1:colcon.colcon_core.package_identification:_identify(src/kookmin/MonoBleedingEdge/etc/mono/4.0/Browsers) by extension 'ignore_ament_install'
[0.194s] Level 1:colcon.colcon_core.package_identification:_identify(src/kookmin/MonoBleedingEdge/etc/mono/4.0/Browsers) by extensions ['colcon_pkg']
[0.194s] Level 1:colcon.colcon_core.package_identification:_identify(src/kookmin/MonoBleedingEdge/etc/mono/4.0/Browsers) by extension 'colcon_pkg'
[0.194s] Level 1:colcon.colcon_core.package_identification:_identify(src/kookmin/MonoBleedingEdge/etc/mono/4.0/Browsers) by extensions ['colcon_meta']
[0.194s] Level 1:colcon.colcon_core.package_identification:_identify(src/kookmin/MonoBleedingEdge/etc/mono/4.0/Browsers) by extension 'colcon_meta'
[0.194s] Level 1:colcon.colcon_core.package_identification:_identify(src/kookmin/MonoBleedingEdge/etc/mono/4.0/Browsers) by extensions ['ros']
[0.194s] Level 1:colcon.colcon_core.package_identification:_identify(src/kookmin/MonoBleedingEdge/etc/mono/4.0/Browsers) by extension 'ros'
[0.194s] Level 1:colcon.colcon_core.package_identification:_identify(src/kookmin/MonoBleedingEdge/etc/mono/4.0/Browsers) by extensions ['cmake', 'python']
[0.194s] Level 1:colcon.colcon_core.package_identification:_identify(src/kookmin/MonoBleedingEdge/etc/mono/4.0/Browsers) by extension 'cmake'
[0.194s] Level 1:colcon.colcon_core.package_identification:_identify(src/kookmin/MonoBleedingEdge/etc/mono/4.0/Browsers) by extension 'python'
[0.194s] Level 1:colcon.colcon_core.package_identification:_identify(src/kookmin/MonoBleedingEdge/etc/mono/4.0/Browsers) by extensions ['python_setup_py']
[0.194s] Level 1:colcon.colcon_core.package_identification:_identify(src/kookmin/MonoBleedingEdge/etc/mono/4.0/Browsers) by extension 'python_setup_py'
[0.194s] Level 1:colcon.colcon_core.package_identification:_identify(src/kookmin/MonoBleedingEdge/etc/mono/4.5) by extensions ['ignore', 'ignore_ament_install']
[0.194s] Level 1:colcon.colcon_core.package_identification:_identify(src/kookmin/MonoBleedingEdge/etc/mono/4.5) by extension 'ignore'
[0.194s] Level 1:colcon.colcon_core.package_identification:_identify(src/kookmin/MonoBleedingEdge/etc/mono/4.5) by extension 'ignore_ament_install'
[0.194s] Level 1:colcon.colcon_core.package_identification:_identify(src/kookmin/MonoBleedingEdge/etc/mono/4.5) by extensions ['colcon_pkg']
[0.194s] Level 1:colcon.colcon_core.package_identification:_identify(src/kookmin/MonoBleedingEdge/etc/mono/4.5) by extension 'colcon_pkg'
[0.194s] Level 1:colcon.colcon_core.package_identification:_identify(src/kookmin/MonoBleedingEdge/etc/mono/4.5) by extensions ['colcon_meta']
[0.194s] Level 1:colcon.colcon_core.package_identification:_identify(src/kookmin/MonoBleedingEdge/etc/mono/4.5) by extension 'colcon_meta'
[0.194s] Level 1:colcon.colcon_core.package_identification:_identify(src/kookmin/MonoBleedingEdge/etc/mono/4.5) by extensions ['ros']
[0.194s] Level 1:colcon.colcon_core.package_identification:_identify(src/kookmin/MonoBleedingEdge/etc/mono/4.5) by extension 'ros'
[0.194s] Level 1:colcon.colcon_core.package_identification:_identify(src/kookmin/MonoBleedingEdge/etc/mono/4.5) by extensions ['cmake', 'python']
[0.194s] Level 1:colcon.colcon_core.package_identification:_identify(src/kookmin/MonoBleedingEdge/etc/mono/4.5) by extension 'cmake'
[0.194s] Level 1:colcon.colcon_core.package_identification:_identify(src/kookmin/MonoBleedingEdge/etc/mono/4.5) by extension 'python'
[0.194s] Level 1:colcon.colcon_core.package_identification:_identify(src/kookmin/MonoBleedingEdge/etc/mono/4.5) by extensions ['python_setup_py']
[0.194s] Level 1:colcon.colcon_core.package_identification:_identify(src/kookmin/MonoBleedingEdge/etc/mono/4.5) by extension 'python_setup_py'
[0.195s] Level 1:colcon.colcon_core.package_identification:_identify(src/kookmin/MonoBleedingEdge/etc/mono/4.5/Browsers) by extensions ['ignore', 'ignore_ament_install']
[0.195s] Level 1:colcon.colcon_core.package_identification:_identify(src/kookmin/MonoBleedingEdge/etc/mono/4.5/Browsers) by extension 'ignore'
[0.195s] Level 1:colcon.colcon_core.package_identification:_identify(src/kookmin/MonoBleedingEdge/etc/mono/4.5/Browsers) by extension 'ignore_ament_install'
[0.195s] Level 1:colcon.colcon_core.package_identification:_identify(src/kookmin/MonoBleedingEdge/etc/mono/4.5/Browsers) by extensions ['colcon_pkg']
[0.195s] Level 1:colcon.colcon_core.package_identification:_identify(src/kookmin/MonoBleedingEdge/etc/mono/4.5/Browsers) by extension 'colcon_pkg'
[0.195s] Level 1:colcon.colcon_core.package_identification:_identify(src/kookmin/MonoBleedingEdge/etc/mono/4.5/Browsers) by extensions ['colcon_meta']
[0.195s] Level 1:colcon.colcon_core.package_identification:_identify(src/kookmin/MonoBleedingEdge/etc/mono/4.5/Browsers) by extension 'colcon_meta'
[0.195s] Level 1:colcon.colcon_core.package_identification:_identify(src/kookmin/MonoBleedingEdge/etc/mono/4.5/Browsers) by extensions ['ros']
[0.195s] Level 1:colcon.colcon_core.package_identification:_identify(src/kookmin/MonoBleedingEdge/etc/mono/4.5/Browsers) by extension 'ros'
[0.195s] Level 1:colcon.colcon_core.package_identification:_identify(src/kookmin/MonoBleedingEdge/etc/mono/4.5/Browsers) by extensions ['cmake', 'python']
[0.195s] Level 1:colcon.colcon_core.package_identification:_identify(src/kookmin/MonoBleedingEdge/etc/mono/4.5/Browsers) by extension 'cmake'
[0.195s] Level 1:colcon.colcon_core.package_identification:_identify(src/kookmin/MonoBleedingEdge/etc/mono/4.5/Browsers) by extension 'python'
[0.195s] Level 1:colcon.colcon_core.package_identification:_identify(src/kookmin/MonoBleedingEdge/etc/mono/4.5/Browsers) by extensions ['python_setup_py']
[0.195s] Level 1:colcon.colcon_core.package_identification:_identify(src/kookmin/MonoBleedingEdge/etc/mono/4.5/Browsers) by extension 'python_setup_py'
[0.195s] Level 1:colcon.colcon_core.package_identification:_identify(src/kookmin/MonoBleedingEdge/etc/mono/mconfig) by extensions ['ignore', 'ignore_ament_install']
[0.195s] Level 1:colcon.colcon_core.package_identification:_identify(src/kookmin/MonoBleedingEdge/etc/mono/mconfig) by extension 'ignore'
[0.195s] Level 1:colcon.colcon_core.package_identification:_identify(src/kookmin/MonoBleedingEdge/etc/mono/mconfig) by extension 'ignore_ament_install'
[0.195s] Level 1:colcon.colcon_core.package_identification:_identify(src/kookmin/MonoBleedingEdge/etc/mono/mconfig) by extensions ['colcon_pkg']
[0.195s] Level 1:colcon.colcon_core.package_identification:_identify(src/kookmin/MonoBleedingEdge/etc/mono/mconfig) by extension 'colcon_pkg'
[0.195s] Level 1:colcon.colcon_core.package_identification:_identify(src/kookmin/MonoBleedingEdge/etc/mono/mconfig) by extensions ['colcon_meta']
[0.195s] Level 1:colcon.colcon_core.package_identification:_identify(src/kookmin/MonoBleedingEdge/etc/mono/mconfig) by extension 'colcon_meta'
[0.195s] Level 1:colcon.colcon_core.package_identification:_identify(src/kookmin/MonoBleedingEdge/etc/mono/mconfig) by extensions ['ros']
[0.195s] Level 1:colcon.colcon_core.package_identification:_identify(src/kookmin/MonoBleedingEdge/etc/mono/mconfig) by extension 'ros'
[0.195s] Level 1:colcon.colcon_core.package_identification:_identify(src/kookmin/MonoBleedingEdge/etc/mono/mconfig) by extensions ['cmake', 'python']
[0.195s] Level 1:colcon.colcon_core.package_identification:_identify(src/kookmin/MonoBleedingEdge/etc/mono/mconfig) by extension 'cmake'
[0.195s] Level 1:colcon.colcon_core.package_identification:_identify(src/kookmin/MonoBleedingEdge/etc/mono/mconfig) by extension 'python'
[0.195s] Level 1:colcon.colcon_core.package_identification:_identify(src/kookmin/MonoBleedingEdge/etc/mono/mconfig) by extensions ['python_setup_py']
[0.195s] Level 1:colcon.colcon_core.package_identification:_identify(src/kookmin/MonoBleedingEdge/etc/mono/mconfig) by extension 'python_setup_py'
[0.195s] Level 1:colcon.colcon_core.package_identification:_identify(src/kookmin/Park Simulator_Data) by extensions ['ignore', 'ignore_ament_install']
[0.195s] Level 1:colcon.colcon_core.package_identification:_identify(src/kookmin/Park Simulator_Data) by extension 'ignore'
[0.195s] Level 1:colcon.colcon_core.package_identification:_identify(src/kookmin/Park Simulator_Data) by extension 'ignore_ament_install'
[0.195s] Level 1:colcon.colcon_core.package_identification:_identify(src/kookmin/Park Simulator_Data) by extensions ['colcon_pkg']
[0.195s] Level 1:colcon.colcon_core.package_identification:_identify(src/kookmin/Park Simulator_Data) by extension 'colcon_pkg'
[0.195s] Level 1:colcon.colcon_core.package_identification:_identify(src/kookmin/Park Simulator_Data) by extensions ['colcon_meta']
[0.196s] Level 1:colcon.colcon_core.package_identification:_identify(src/kookmin/Park Simulator_Data) by extension 'colcon_meta'
[0.196s] Level 1:colcon.colcon_core.package_identification:_identify(src/kookmin/Park Simulator_Data) by extensions ['ros']
[0.196s] Level 1:colcon.colcon_core.package_identification:_identify(src/kookmin/Park Simulator_Data) by extension 'ros'
[0.196s] Level 1:colcon.colcon_core.package_identification:_identify(src/kookmin/Park Simulator_Data) by extensions ['cmake', 'python']
[0.196s] Level 1:colcon.colcon_core.package_identification:_identify(src/kookmin/Park Simulator_Data) by extension 'cmake'
[0.196s] Level 1:colcon.colcon_core.package_identification:_identify(src/kookmin/Park Simulator_Data) by extension 'python'
[0.196s] Level 1:colcon.colcon_core.package_identification:_identify(src/kookmin/Park Simulator_Data) by extensions ['python_setup_py']
[0.196s] Level 1:colcon.colcon_core.package_identification:_identify(src/kookmin/Park Simulator_Data) by extension 'python_setup_py'
[0.196s] Level 1:colcon.colcon_core.package_identification:_identify(src/kookmin/Park Simulator_Data/Managed) by extensions ['ignore', 'ignore_ament_install']
[0.196s] Level 1:colcon.colcon_core.package_identification:_identify(src/kookmin/Park Simulator_Data/Managed) by extension 'ignore'
[0.196s] Level 1:colcon.colcon_core.package_identification:_identify(src/kookmin/Park Simulator_Data/Managed) by extension 'ignore_ament_install'
[0.196s] Level 1:colcon.colcon_core.package_identification:_identify(src/kookmin/Park Simulator_Data/Managed) by extensions ['colcon_pkg']
[0.196s] Level 1:colcon.colcon_core.package_identification:_identify(src/kookmin/Park Simulator_Data/Managed) by extension 'colcon_pkg'
[0.196s] Level 1:colcon.colcon_core.package_identification:_identify(src/kookmin/Park Simulator_Data/Managed) by extensions ['colcon_meta']
[0.196s] Level 1:colcon.colcon_core.package_identification:_identify(src/kookmin/Park Simulator_Data/Managed) by extension 'colcon_meta'
[0.196s] Level 1:colcon.colcon_core.package_identification:_identify(src/kookmin/Park Simulator_Data/Managed) by extensions ['ros']
[0.196s] Level 1:colcon.colcon_core.package_identification:_identify(src/kookmin/Park Simulator_Data/Managed) by extension 'ros'
[0.196s] Level 1:colcon.colcon_core.package_identification:_identify(src/kookmin/Park Simulator_Data/Managed) by extensions ['cmake', 'python']
[0.196s] Level 1:colcon.colcon_core.package_identification:_identify(src/kookmin/Park Simulator_Data/Managed) by extension 'cmake'
[0.196s] Level 1:colcon.colcon_core.package_identification:_identify(src/kookmin/Park Simulator_Data/Managed) by extension 'python'
[0.196s] Level 1:colcon.colcon_core.package_identification:_identify(src/kookmin/Park Simulator_Data/Managed) by extensions ['python_setup_py']
[0.196s] Level 1:colcon.colcon_core.package_identification:_identify(src/kookmin/Park Simulator_Data/Managed) by extension 'python_setup_py'
[0.196s] Level 1:colcon.colcon_core.package_identification:_identify(src/kookmin/Park Simulator_Data/Plugins) by extensions ['ignore', 'ignore_ament_install']
[0.196s] Level 1:colcon.colcon_core.package_identification:_identify(src/kookmin/Park Simulator_Data/Plugins) by extension 'ignore'
[0.196s] Level 1:colcon.colcon_core.package_identification:_identify(src/kookmin/Park Simulator_Data/Plugins) by extension 'ignore_ament_install'
[0.196s] Level 1:colcon.colcon_core.package_identification:_identify(src/kookmin/Park Simulator_Data/Plugins) by extensions ['colcon_pkg']
[0.196s] Level 1:colcon.colcon_core.package_identification:_identify(src/kookmin/Park Simulator_Data/Plugins) by extension 'colcon_pkg'
[0.196s] Level 1:colcon.colcon_core.package_identification:_identify(src/kookmin/Park Simulator_Data/Plugins) by extensions ['colcon_meta']
[0.196s] Level 1:colcon.colcon_core.package_identification:_identify(src/kookmin/Park Simulator_Data/Plugins) by extension 'colcon_meta'
[0.196s] Level 1:colcon.colcon_core.package_identification:_identify(src/kookmin/Park Simulator_Data/Plugins) by extensions ['ros']
[0.196s] Level 1:colcon.colcon_core.package_identification:_identify(src/kookmin/Park Simulator_Data/Plugins) by extension 'ros'
[0.196s] Level 1:colcon.colcon_core.package_identification:_identify(src/kookmin/Park Simulator_Data/Plugins) by extensions ['cmake', 'python']
[0.196s] Level 1:colcon.colcon_core.package_identification:_identify(src/kookmin/Park Simulator_Data/Plugins) by extension 'cmake'
[0.196s] Level 1:colcon.colcon_core.package_identification:_identify(src/kookmin/Park Simulator_Data/Plugins) by extension 'python'
[0.196s] Level 1:colcon.colcon_core.package_identification:_identify(src/kookmin/Park Simulator_Data/Plugins) by extensions ['python_setup_py']
[0.196s] Level 1:colcon.colcon_core.package_identification:_identify(src/kookmin/Park Simulator_Data/Plugins) by extension 'python_setup_py'
[0.196s] Level 1:colcon.colcon_core.package_identification:_identify(src/kookmin/Park Simulator_Data/Plugins/x86_64) by extensions ['ignore', 'ignore_ament_install']
[0.196s] Level 1:colcon.colcon_core.package_identification:_identify(src/kookmin/Park Simulator_Data/Plugins/x86_64) by extension 'ignore'
[0.196s] Level 1:colcon.colcon_core.package_identification:_identify(src/kookmin/Park Simulator_Data/Plugins/x86_64) by extension 'ignore_ament_install'
[0.197s] Level 1:colcon.colcon_core.package_identification:_identify(src/kookmin/Park Simulator_Data/Plugins/x86_64) by extensions ['colcon_pkg']
[0.197s] Level 1:colcon.colcon_core.package_identification:_identify(src/kookmin/Park Simulator_Data/Plugins/x86_64) by extension 'colcon_pkg'
[0.197s] Level 1:colcon.colcon_core.package_identification:_identify(src/kookmin/Park Simulator_Data/Plugins/x86_64) by extensions ['colcon_meta']
[0.197s] Level 1:colcon.colcon_core.package_identification:_identify(src/kookmin/Park Simulator_Data/Plugins/x86_64) by extension 'colcon_meta'
[0.197s] Level 1:colcon.colcon_core.package_identification:_identify(src/kookmin/Park Simulator_Data/Plugins/x86_64) by extensions ['ros']
[0.197s] Level 1:colcon.colcon_core.package_identification:_identify(src/kookmin/Park Simulator_Data/Plugins/x86_64) by extension 'ros'
[0.197s] Level 1:colcon.colcon_core.package_identification:_identify(src/kookmin/Park Simulator_Data/Plugins/x86_64) by extensions ['cmake', 'python']
[0.197s] Level 1:colcon.colcon_core.package_identification:_identify(src/kookmin/Park Simulator_Data/Plugins/x86_64) by extension 'cmake'
[0.197s] Level 1:colcon.colcon_core.package_identification:_identify(src/kookmin/Park Simulator_Data/Plugins/x86_64) by extension 'python'
[0.197s] Level 1:colcon.colcon_core.package_identification:_identify(src/kookmin/Park Simulator_Data/Plugins/x86_64) by extensions ['python_setup_py']
[0.197s] Level 1:colcon.colcon_core.package_identification:_identify(src/kookmin/Park Simulator_Data/Plugins/x86_64) by extension 'python_setup_py'
[0.197s] Level 1:colcon.colcon_core.package_identification:_identify(src/kookmin/Park Simulator_Data/Resources) by extensions ['ignore', 'ignore_ament_install']
[0.197s] Level 1:colcon.colcon_core.package_identification:_identify(src/kookmin/Park Simulator_Data/Resources) by extension 'ignore'
[0.197s] Level 1:colcon.colcon_core.package_identification:_identify(src/kookmin/Park Simulator_Data/Resources) by extension 'ignore_ament_install'
[0.197s] Level 1:colcon.colcon_core.package_identification:_identify(src/kookmin/Park Simulator_Data/Resources) by extensions ['colcon_pkg']
[0.197s] Level 1:colcon.colcon_core.package_identification:_identify(src/kookmin/Park Simulator_Data/Resources) by extension 'colcon_pkg'
[0.197s] Level 1:colcon.colcon_core.package_identification:_identify(src/kookmin/Park Simulator_Data/Resources) by extensions ['colcon_meta']
[0.197s] Level 1:colcon.colcon_core.package_identification:_identify(src/kookmin/Park Simulator_Data/Resources) by extension 'colcon_meta'
[0.197s] Level 1:colcon.colcon_core.package_identification:_identify(src/kookmin/Park Simulator_Data/Resources) by extensions ['ros']
[0.197s] Level 1:colcon.colcon_core.package_identification:_identify(src/kookmin/Park Simulator_Data/Resources) by extension 'ros'
[0.197s] Level 1:colcon.colcon_core.package_identification:_identify(src/kookmin/Park Simulator_Data/Resources) by extensions ['cmake', 'python']
[0.197s] Level 1:colcon.colcon_core.package_identification:_identify(src/kookmin/Park Simulator_Data/Resources) by extension 'cmake'
[0.197s] Level 1:colcon.colcon_core.package_identification:_identify(src/kookmin/Park Simulator_Data/Resources) by extension 'python'
[0.197s] Level 1:colcon.colcon_core.package_identification:_identify(src/kookmin/Park Simulator_Data/Resources) by extensions ['python_setup_py']
[0.197s] Level 1:colcon.colcon_core.package_identification:_identify(src/kookmin/Park Simulator_Data/Resources) by extension 'python_setup_py'
[0.197s] Level 1:colcon.colcon_core.package_identification:_identify(src/kookmin/ROS-TCP-Endpoint) by extensions ['ignore', 'ignore_ament_install']
[0.197s] Level 1:colcon.colcon_core.package_identification:_identify(src/kookmin/ROS-TCP-Endpoint) by extension 'ignore'
[0.197s] Level 1:colcon.colcon_core.package_identification:_identify(src/kookmin/ROS-TCP-Endpoint) by extension 'ignore_ament_install'
[0.197s] Level 1:colcon.colcon_core.package_identification:_identify(src/kookmin/ROS-TCP-Endpoint) by extensions ['colcon_pkg']
[0.197s] Level 1:colcon.colcon_core.package_identification:_identify(src/kookmin/ROS-TCP-Endpoint) by extension 'colcon_pkg'
[0.197s] Level 1:colcon.colcon_core.package_identification:_identify(src/kookmin/ROS-TCP-Endpoint) by extensions ['colcon_meta']
[0.197s] Level 1:colcon.colcon_core.package_identification:_identify(src/kookmin/ROS-TCP-Endpoint) by extension 'colcon_meta'
[0.197s] Level 1:colcon.colcon_core.package_identification:_identify(src/kookmin/ROS-TCP-Endpoint) by extensions ['ros']
[0.197s] Level 1:colcon.colcon_core.package_identification:_identify(src/kookmin/ROS-TCP-Endpoint) by extension 'ros'
[0.199s] DEBUG:colcon.colcon_core.package_identification:Package 'src/kookmin/ROS-TCP-Endpoint' with type 'ros.catkin' and name 'ros_tcp_endpoint'
[0.199s] Level 1:colcon.colcon_core.package_identification:_identify(src/kookmin/driver) by extensions ['ignore', 'ignore_ament_install']
[0.199s] Level 1:colcon.colcon_core.package_identification:_identify(src/kookmin/driver) by extension 'ignore'
[0.199s] Level 1:colcon.colcon_core.package_identification:_identify(src/kookmin/driver) by extension 'ignore_ament_install'
[0.199s] Level 1:colcon.colcon_core.package_identification:_identify(src/kookmin/driver) by extensions ['colcon_pkg']
[0.199s] Level 1:colcon.colcon_core.package_identification:_identify(src/kookmin/driver) by extension 'colcon_pkg'
[0.199s] Level 1:colcon.colcon_core.package_identification:_identify(src/kookmin/driver) by extensions ['colcon_meta']
[0.199s] Level 1:colcon.colcon_core.package_identification:_identify(src/kookmin/driver) by extension 'colcon_meta'
[0.200s] Level 1:colcon.colcon_core.package_identification:_identify(src/kookmin/driver) by extensions ['ros']
[0.200s] Level 1:colcon.colcon_core.package_identification:_identify(src/kookmin/driver) by extension 'ros'
[0.200s] Level 1:colcon.colcon_core.package_identification:_identify(src/kookmin/driver) by extensions ['cmake', 'python']
[0.200s] Level 1:colcon.colcon_core.package_identification:_identify(src/kookmin/driver) by extension 'cmake'
[0.200s] Level 1:colcon.colcon_core.package_identification:_identify(src/kookmin/driver) by extension 'python'
[0.200s] Level 1:colcon.colcon_core.package_identification:_identify(src/kookmin/driver) by extensions ['python_setup_py']
[0.200s] Level 1:colcon.colcon_core.package_identification:_identify(src/kookmin/driver) by extension 'python_setup_py'
[0.200s] Level 1:colcon.colcon_core.package_identification:_identify(src/kookmin/xycar_msgs) by extensions ['ignore', 'ignore_ament_install']
[0.200s] Level 1:colcon.colcon_core.package_identification:_identify(src/kookmin/xycar_msgs) by extension 'ignore'
[0.200s] Level 1:colcon.colcon_core.package_identification:_identify(src/kookmin/xycar_msgs) by extension 'ignore_ament_install'
[0.200s] Level 1:colcon.colcon_core.package_identification:_identify(src/kookmin/xycar_msgs) by extensions ['colcon_pkg']
[0.200s] Level 1:colcon.colcon_core.package_identification:_identify(src/kookmin/xycar_msgs) by extension 'colcon_pkg'
[0.200s] Level 1:colcon.colcon_core.package_identification:_identify(src/kookmin/xycar_msgs) by extensions ['colcon_meta']
[0.200s] Level 1:colcon.colcon_core.package_identification:_identify(src/kookmin/xycar_msgs) by extension 'colcon_meta'
[0.200s] Level 1:colcon.colcon_core.package_identification:_identify(src/kookmin/xycar_msgs) by extensions ['ros']
[0.200s] Level 1:colcon.colcon_core.package_identification:_identify(src/kookmin/xycar_msgs) by extension 'ros'
[0.200s] DEBUG:colcon.colcon_core.package_identification:Package 'src/kookmin/xycar_msgs' with type 'ros.catkin' and name 'xycar_msgs'
[0.200s] Level 1:colcon.colcon_core.package_discovery:discover_packages(recursive) using defaults
[0.200s] Level 1:colcon.colcon_core.package_discovery:discover_packages(ignore) discover
[0.200s] Level 1:colcon.colcon_core.package_discovery:discover_packages(ignore) using defaults
[0.200s] Level 1:colcon.colcon_core.package_discovery:discover_packages(path) discover
[0.200s] Level 1:colcon.colcon_core.package_discovery:discover_packages(path) using defaults
[0.217s] Level 1:colcon.colcon_core.package_discovery:discover_packages(prefix_path) check parameters
[0.217s] Level 1:colcon.colcon_core.package_discovery:discover_packages(prefix_path) discover
[0.217s] Level 1:colcon.colcon_core.package_discovery:discover_packages(prefix_path) using defaults
[0.219s] Level 5:colcon.colcon_core.verb:set package 'ros_tcp_endpoint' build argument 'cmake_args' from command line to 'None'
[0.219s] Level 5:colcon.colcon_core.verb:set package 'ros_tcp_endpoint' build argument 'cmake_target' from command line to 'None'
[0.219s] Level 5:colcon.colcon_core.verb:set package 'ros_tcp_endpoint' build argument 'cmake_target_skip_unavailable' from command line to 'False'
[0.219s] Level 5:colcon.colcon_core.verb:set package 'ros_tcp_endpoint' build argument 'cmake_clean_cache' from command line to 'False'
[0.219s] Level 5:colcon.colcon_core.verb:set package 'ros_tcp_endpoint' build argument 'cmake_clean_first' from command line to 'False'
[0.219s] Level 5:colcon.colcon_core.verb:set package 'ros_tcp_endpoint' build argument 'cmake_force_configure' from command line to 'False'
[0.219s] Level 5:colcon.colcon_core.verb:set package 'ros_tcp_endpoint' build argument 'ament_cmake_args' from command line to 'None'
[0.219s] Level 5:colcon.colcon_core.verb:set package 'ros_tcp_endpoint' build argument 'catkin_cmake_args' from command line to 'None'
[0.219s] Level 5:colcon.colcon_core.verb:set package 'ros_tcp_endpoint' build argument 'catkin_skip_building_tests' from command line to 'False'
[0.219s] DEBUG:colcon.colcon_core.verb:Building package 'ros_tcp_endpoint' with the following arguments: {'ament_cmake_args': None, 'build_base': '/home/dylan/xytron/xycar_ws/build/ros_tcp_endpoint', 'catkin_cmake_args': None, 'catkin_skip_building_tests': False, 'cmake_args': None, 'cmake_clean_cache': False, 'cmake_clean_first': False, 'cmake_force_configure': False, 'cmake_target': None, 'cmake_target_skip_unavailable': False, 'install_base': '/home/dylan/xytron/xycar_ws/install/ros_tcp_endpoint', 'merge_install': False, 'path': '/home/dylan/xytron/xycar_ws/src/kookmin/ROS-TCP-Endpoint', 'symlink_install': False, 'test_result_base': None}
[0.220s] Level 5:colcon.colcon_core.verb:set package 'xycar_msgs' build argument 'cmake_args' from command line to 'None'
[0.220s] Level 5:colcon.colcon_core.verb:set package 'xycar_msgs' build argument 'cmake_target' from command line to 'None'
[0.220s] Level 5:colcon.colcon_core.verb:set package 'xycar_msgs' build argument 'cmake_target_skip_unavailable' from command line to 'False'
[0.220s] Level 5:colcon.colcon_core.verb:set package 'xycar_msgs' build argument 'cmake_clean_cache' from command line to 'False'
[0.220s] Level 5:colcon.colcon_core.verb:set package 'xycar_msgs' build argument 'cmake_clean_first' from command line to 'False'
[0.220s] Level 5:colcon.colcon_core.verb:set package 'xycar_msgs' build argument 'cmake_force_configure' from command line to 'False'
[0.220s] Level 5:colcon.colcon_core.verb:set package 'xycar_msgs' build argument 'ament_cmake_args' from command line to 'None'
[0.220s] Level 5:colcon.colcon_core.verb:set package 'xycar_msgs' build argument 'catkin_cmake_args' from command line to 'None'
[0.220s] Level 5:colcon.colcon_core.verb:set package 'xycar_msgs' build argument 'catkin_skip_building_tests' from command line to 'False'
[0.220s] DEBUG:colcon.colcon_core.verb:Building package 'xycar_msgs' with the following arguments: {'ament_cmake_args': None, 'build_base': '/home/dylan/xytron/xycar_ws/build/xycar_msgs', 'catkin_cmake_args': None, 'catkin_skip_building_tests': False, 'cmake_args': None, 'cmake_clean_cache': False, 'cmake_clean_first': False, 'cmake_force_configure': False, 'cmake_target': None, 'cmake_target_skip_unavailable': False, 'install_base': '/home/dylan/xytron/xycar_ws/install/xycar_msgs', 'merge_install': False, 'path': '/home/dylan/xytron/xycar_ws/src/kookmin/xycar_msgs', 'symlink_install': False, 'test_result_base': None}
[0.220s] INFO:colcon.colcon_core.executor:Executing jobs using 'parallel' executor
[0.221s] DEBUG:colcon.colcon_parallel_executor.executor.parallel:run_until_complete
[0.221s] INFO:colcon.colcon_ros.task.catkin.build:Building ROS package in '/home/dylan/xytron/xycar_ws/src/kookmin/ROS-TCP-Endpoint' with build type 'catkin'
[0.221s] INFO:colcon.colcon_cmake.task.cmake.build:Building CMake package in '/home/dylan/xytron/xycar_ws/src/kookmin/ROS-TCP-Endpoint'
[0.223s] INFO:colcon.colcon_core.plugin_system:Skipping extension 'colcon_core.shell.bat': Not used on non-Windows systems
[0.224s] INFO:colcon.colcon_core.shell:Skip shell extension 'powershell' for command environment: Not usable outside of PowerShell
[0.224s] DEBUG:colcon.colcon_core.shell:Skip shell extension 'dsv' for command environment
[0.227s] INFO:colcon.colcon_ros.task.catkin.build:Building ROS package in '/home/dylan/xytron/xycar_ws/src/kookmin/xycar_msgs' with build type 'catkin'
[0.227s] INFO:colcon.colcon_cmake.task.cmake.build:Building CMake package in '/home/dylan/xytron/xycar_ws/src/kookmin/xycar_msgs'
[0.227s] INFO:colcon.colcon_core.shell:Skip shell extension 'powershell' for command environment: Not usable outside of PowerShell
[0.228s] DEBUG:colcon.colcon_core.shell:Skip shell extension 'dsv' for command environment
[0.233s] DEBUG:colcon.colcon_core.event_handler.log_command:Invoking command in '/home/dylan/xytron/xycar_ws/build/ros_tcp_endpoint': /usr/bin/cmake /home/dylan/xytron/xycar_ws/src/kookmin/ROS-TCP-Endpoint -DCATKIN_INSTALL_INTO_PREFIX_ROOT=0 -DCMAKE_INSTALL_PREFIX=/home/dylan/xytron/xycar_ws/install/ros_tcp_endpoint
[0.243s] DEBUG:colcon.colcon_core.event_handler.log_command:Invoking command in '/home/dylan/xytron/xycar_ws/build/xycar_msgs': /usr/bin/cmake /home/dylan/xytron/xycar_ws/src/kookmin/xycar_msgs -DCATKIN_INSTALL_INTO_PREFIX_ROOT=0 -DCMAKE_INSTALL_PREFIX=/home/dylan/xytron/xycar_ws/install/xycar_msgs
[0.753s] DEBUG:colcon.colcon_core.event_handler.log_command:Invoked command in '/home/dylan/xytron/xycar_ws/build/xycar_msgs' returned '1': /usr/bin/cmake /home/dylan/xytron/xycar_ws/src/kookmin/xycar_msgs -DCATKIN_INSTALL_INTO_PREFIX_ROOT=0 -DCMAKE_INSTALL_PREFIX=/home/dylan/xytron/xycar_ws/install/xycar_msgs
[0.767s] Level 1:colcon.colcon_core.environment:create_environment_scripts_only(xycar_msgs)
[0.773s] Level 1:colcon.colcon_core.environment:checking '/home/dylan/xytron/xycar_ws/install/xycar_msgs' for CMake module files
[0.773s] Level 1:colcon.colcon_core.environment:checking '/home/dylan/xytron/xycar_ws/install/xycar_msgs' for CMake config files
[0.774s] Level 1:colcon.colcon_core.environment:checking '/home/dylan/xytron/xycar_ws/install/xycar_msgs/bin'
[0.774s] Level 1:colcon.colcon_core.environment:checking '/home/dylan/xytron/xycar_ws/install/xycar_msgs/lib/pkgconfig/xycar_msgs.pc'
[0.775s] Level 1:colcon.colcon_core.environment:checking '/home/dylan/xytron/xycar_ws/install/xycar_msgs/lib/python3.8/site-packages'
[0.775s] Level 1:colcon.colcon_core.environment:checking '/home/dylan/xytron/xycar_ws/install/xycar_msgs/bin'
[0.775s] INFO:colcon.colcon_core.shell:Creating package script '/home/dylan/xytron/xycar_ws/install/xycar_msgs/share/xycar_msgs/package.ps1'
[0.776s] INFO:colcon.colcon_core.shell:Creating package descriptor '/home/dylan/xytron/xycar_ws/install/xycar_msgs/share/xycar_msgs/package.dsv'
[0.776s] INFO:colcon.colcon_core.shell:Creating package script '/home/dylan/xytron/xycar_ws/install/xycar_msgs/share/xycar_msgs/package.sh'
[0.777s] INFO:colcon.colcon_core.shell:Creating package script '/home/dylan/xytron/xycar_ws/install/xycar_msgs/share/xycar_msgs/package.bash'
[0.777s] INFO:colcon.colcon_core.shell:Creating package script '/home/dylan/xytron/xycar_ws/install/xycar_msgs/share/xycar_msgs/package.zsh'
[0.778s] Level 1:colcon.colcon_core.environment:create_file_with_runtime_dependencies(/home/dylan/xytron/xycar_ws/install/xycar_msgs/share/colcon-core/packages/xycar_msgs)
[0.789s] DEBUG:colcon.colcon_parallel_executor.executor.parallel:closing loop
[0.789s] DEBUG:colcon.colcon_parallel_executor.executor.parallel:loop closed
[0.789s] DEBUG:colcon.colcon_parallel_executor.executor.parallel:run_until_complete finished with '1'
[0.790s] DEBUG:colcon.colcon_core.event_reactor:joining thread
[0.797s] INFO:colcon.colcon_core.plugin_system:Skipping extension 'colcon_notification.desktop_notification.terminal_notifier': Not used on non-Darwin systems
[0.797s] INFO:colcon.colcon_core.plugin_system:Skipping extension 'colcon_notification.desktop_notification.win32': Not used on non-Windows systems
[0.797s] INFO:colcon.colcon_notification.desktop_notification:Sending desktop notification using 'notify2'
[0.816s] DEBUG:colcon.colcon_core.event_reactor:joined thread
[0.816s] INFO:colcon.colcon_core.shell:Creating prefix script '/home/dylan/xytron/xycar_ws/install/local_setup.ps1'
[0.817s] INFO:colcon.colcon_core.shell:Creating prefix util module '/home/dylan/xytron/xycar_ws/install/_local_setup_util_ps1.py'
[0.819s] INFO:colcon.colcon_core.shell:Creating prefix chain script '/home/dylan/xytron/xycar_ws/install/setup.ps1'
[0.819s] INFO:colcon.colcon_core.shell:Creating prefix script '/home/dylan/xytron/xycar_ws/install/local_setup.sh'
[0.820s] INFO:colcon.colcon_core.shell:Creating prefix util module '/home/dylan/xytron/xycar_ws/install/_local_setup_util_sh.py'
[0.820s] INFO:colcon.colcon_core.shell:Creating prefix chain script '/home/dylan/xytron/xycar_ws/install/setup.sh'
[0.821s] INFO:colcon.colcon_core.shell:Creating prefix script '/home/dylan/xytron/xycar_ws/install/local_setup.bash'
[0.821s] INFO:colcon.colcon_core.shell:Creating prefix chain script '/home/dylan/xytron/xycar_ws/install/setup.bash'
[0.822s] INFO:colcon.colcon_core.shell:Creating prefix script '/home/dylan/xytron/xycar_ws/install/local_setup.zsh'
[0.823s] INFO:colcon.colcon_core.shell:Creating prefix chain script '/home/dylan/xytron/xycar_ws/install/setup.zsh'
