-- Using CATKIN_DEVEL_PREFIX: /home/dylan/xytron/xycar_ws/build/ros_tcp_endpoint/devel
-- Using CMAKE_PREFIX_PATH: /opt/ros/noetic
-- This workspace overlays: /opt/ros/noetic
-- Found PythonInterp: /usr/bin/python3 (found suitable version "3.8.10", minimum required is "3") 
-- Using PYTHON_EXECUTABLE: /usr/bin/python3
-- Using Debian Python package layout
-- Found PY_em: /usr/lib/python3/dist-packages/em.py  
-- Using empy: /usr/lib/python3/dist-packages/em.py
-- Using CATKIN_ENABLE_TESTING: ON
-- Call enable_testing()
-- Using CATKIN_TEST_RESULTS_DIR: /home/dylan/xytron/xycar_ws/build/ros_tcp_endpoint/test_results
-- Forcing gtest/gmock from source, though one was otherwise available.
-- Found gtest sources under '/usr/src/googletest': gtests will be built
-- Found gmock sources under '/usr/src/googletest': gmock will be built
-- Found PythonInterp: /usr/bin/python3 (found version "3.8.10") 
-- Found Threads: TRUE  
-- Using Python nosetests: /usr/bin/nosetests3
-- catkin 0.8.10
-- BUILD_SHARED_LIBS is on
-- Configuring done
-- Generating done
-- Build files have been written to: /home/dylan/xytron/xycar_ws/build/ros_tcp_endpoint
[35m[1mScanning dependencies of target tests[0m
Built target tests
-- Install configuration: ""
+ cd /home/dylan/xytron/xycar_ws/src/kookmin/ROS-TCP-Endpoint
+ mkdir -p /home/dylan/xytron/xycar_ws/install/ros_tcp_endpoint/lib/python3/dist-packages
+ /usr/bin/env PYTHONPATH=/home/dylan/xytron/xycar_ws/install/ros_tcp_endpoint/lib/python3/dist-packages:/home/dylan/xytron/xycar_ws/build/ros_tcp_endpoint/lib/python3/dist-packages:/opt/ros/noetic/lib/python3/dist-packages CATKIN_BINARY_DIR=/home/dylan/xytron/xycar_ws/build/ros_tcp_endpoint /usr/bin/python3 /home/dylan/xytron/xycar_ws/src/kookmin/ROS-TCP-Endpoint/setup.py egg_info --egg-base /home/dylan/xytron/xycar_ws/build/ros_tcp_endpoint build --build-base /home/dylan/xytron/xycar_ws/build/ros_tcp_endpoint install --root=/ --install-layout=deb --prefix=/home/dylan/xytron/xycar_ws/install/ros_tcp_endpoint --install-scripts=/home/dylan/xytron/xycar_ws/install/ros_tcp_endpoint/bin
