[0.011s] Invoking command in '/home/dylan/xytron/xycar_ws/build/ros_tcp_endpoint': /usr/bin/cmake /home/dylan/xytron/xycar_ws/src/kookmin/ROS-TCP-Endpoint -DCATKIN_INSTALL_INTO_PREFIX_ROOT=0 -DCMAKE_INSTALL_PREFIX=/home/dylan/xytron/xycar_ws/install/ros_tcp_endpoint
[0.084s] -- The C compiler identification is GNU 9.4.0
[0.139s] -- The CXX compiler identification is GNU 9.4.0
[0.144s] -- Check for working C compiler: /usr/bin/cc
[0.224s] -- Check for working C compiler: /usr/bin/cc -- works
[0.225s] -- Detecting C compiler ABI info
[0.319s] -- Detecting C compiler ABI info - done
[0.333s] -- Detecting C compile features
[0.334s] -- Detecting C compile features - done
[0.337s] -- Check for working CXX compiler: /usr/bin/c++
[0.433s] -- Check for working CXX compiler: /usr/bin/c++ -- works
[0.434s] -- Detecting CXX compiler ABI info
[0.523s] -- Detecting CXX compiler ABI info - done
[0.539s] -- Detecting CXX compile features
[0.540s] -- Detecting CXX compile features - done
[0.549s] CMake Error at CMakeLists.txt:4 (find_package):
[0.549s]   By not providing "Findcatkin.cmake" in CMAKE_MODULE_PATH this project has
[0.549s]   asked CMake to find a package configuration file provided by "catkin", but
[0.549s]   CMake did not find one.
[0.550s] 
[0.550s]   Could not find a package configuration file provided by "catkin" with any
[0.550s]   of the following names:
[0.550s] 
[0.550s]     catkinConfig.cmake
[0.551s]     catkin-config.cmake
[0.551s] 
[0.551s]   Add the installation prefix of "catkin" to CMAKE_PREFIX_PATH or set
[0.551s]   "catkin_DIR" to a directory containing one of the above files.  If "catkin"
[0.551s]   provides a separate development package or SDK, be sure it has been
[0.551s]   installed.
[0.552s] 
[0.552s] 
[0.552s] -- Configuring incomplete, errors occurred!
[0.553s] See also "/home/dylan/xytron/xycar_ws/build/ros_tcp_endpoint/CMakeFiles/CMakeOutput.log".
