-- Using CATKIN_DEVEL_PREFIX: /home/dylan/xytron/xycar_ws/build/xycar_msgs/devel
-- Using CMAKE_PREFIX_PATH: /opt/ros/noetic
-- This workspace overlays: /opt/ros/noetic
-- Found PythonInterp: /usr/bin/python3 (found suitable version "3.8.10", minimum required is "3") 
-- Using PYTHON_EXECUTABLE: /usr/bin/python3
-- Using Debian Python package layout
-- Found PY_em: /usr/lib/python3/dist-packages/em.py  
-- Using empy: /usr/lib/python3/dist-packages/em.py
-- Using CATKIN_ENABLE_TESTING: ON
-- Call enable_testing()
-- Using CATKIN_TEST_RESULTS_DIR: /home/dylan/xytron/xycar_ws/build/xycar_msgs/test_results
-- Forcing gtest/gmock from source, though one was otherwise available.
-- Found gtest sources under '/usr/src/googletest': gtests will be built
-- Found gmock sources under '/usr/src/googletest': gmock will be built
-- Found PythonInterp: /usr/bin/python3 (found version "3.8.10") 
-- Found Threads: TRUE  
-- Using Python nosetests: /usr/bin/nosetests3
-- catkin 0.8.10
-- BUILD_SHARED_LIBS is on
-- Using these message generators: gencpp;geneus;genlisp;gennodejs;genpy
-- xycar_msgs: 3 messages, 0 services
-- Configuring done
-- Generating done
-- Build files have been written to: /home/dylan/xytron/xycar_ws/build/xycar_msgs
[35m[1mScanning dependencies of target _xycar_msgs_generate_messages_check_deps_XycarUltrasonic[0m
[35m[1mScanning dependencies of target sensor_msgs_generate_messages_cpp[0m
[35m[1mScanning dependencies of target sensor_msgs_generate_messages_eus[0m
[35m[1mScanning dependencies of target std_msgs_generate_messages_py[0m
[35m[1mScanning dependencies of target sensor_msgs_generate_messages_lisp[0m
[35m[1mScanning dependencies of target std_msgs_generate_messages_cpp[0m
[35m[1mScanning dependencies of target std_msgs_generate_messages_nodejs[0m
[35m[1mScanning dependencies of target _xycar_msgs_generate_messages_check_deps_laneinfo[0m
[35m[1mScanning dependencies of target std_msgs_generate_messages_lisp[0m
[35m[1mScanning dependencies of target std_msgs_generate_messages_eus[0m
[35m[1mScanning dependencies of target sensor_msgs_generate_messages_py[0m
[35m[1mScanning dependencies of target _xycar_msgs_generate_messages_check_deps_XycarMotor[0m
[35m[1mScanning dependencies of target sensor_msgs_generate_messages_nodejs[0m
[  0%] Built target sensor_msgs_generate_messages_cpp
[  0%] Built target sensor_msgs_generate_messages_eus
[  0%] Built target sensor_msgs_generate_messages_lisp
[  0%] Built target std_msgs_generate_messages_lisp
[  0%] Built target std_msgs_generate_messages_cpp
[  0%] Built target std_msgs_generate_messages_py
[  0%] Built target std_msgs_generate_messages_nodejs
[  0%] Built target sensor_msgs_generate_messages_nodejs
[  0%] Built target sensor_msgs_generate_messages_py
[  0%] Built target std_msgs_generate_messages_eus
[  0%] Built target _xycar_msgs_generate_messages_check_deps_XycarMotor
[  0%] Built target _xycar_msgs_generate_messages_check_deps_laneinfo
[  0%] Built target _xycar_msgs_generate_messages_check_deps_XycarUltrasonic
[35m[1mScanning dependencies of target xycar_msgs_generate_messages_lisp[0m
[35m[1mScanning dependencies of target xycar_msgs_generate_messages_nodejs[0m
[35m[1mScanning dependencies of target xycar_msgs_generate_messages_eus[0m
[35m[1mScanning dependencies of target xycar_msgs_generate_messages_cpp[0m
[35m[1mScanning dependencies of target xycar_msgs_generate_messages_py[0m
[  5%] [34m[1mGenerating Javascript code from xycar_msgs/XycarMotor.msg[0m
[ 11%] [34m[1mGenerating Javascript code from xycar_msgs/laneinfo.msg[0m
[ 23%] [34m[1mGenerating Python from MSG xycar_msgs/XycarMotor[0m
[ 23%] [34m[1mGenerating Lisp code from xycar_msgs/XycarUltrasonic.msg[0m
[ 29%] [34m[1mGenerating Lisp code from xycar_msgs/laneinfo.msg[0m
[ 35%] [34m[1mGenerating EusLisp code from xycar_msgs/XycarUltrasonic.msg[0m
[ 41%] [34m[1mGenerating EusLisp code from xycar_msgs/laneinfo.msg[0m
[ 47%] [34m[1mGenerating EusLisp manifest code for xycar_msgs[0m
[ 52%] [34m[1mGenerating Lisp code from xycar_msgs/XycarMotor.msg[0m
[ 58%] [34m[1mGenerating Python from MSG xycar_msgs/laneinfo[0m
[ 64%] [34m[1mGenerating C++ code from xycar_msgs/XycarMotor.msg[0m
[ 70%] [34m[1mGenerating Javascript code from xycar_msgs/XycarUltrasonic.msg[0m
[ 76%] [34m[1mGenerating C++ code from xycar_msgs/XycarUltrasonic.msg[0m
[ 82%] [34m[1mGenerating Python from MSG xycar_msgs/XycarUltrasonic[0m
[ 88%] [34m[1mGenerating EusLisp code from xycar_msgs/XycarMotor.msg[0m
[ 94%] [34m[1mGenerating C++ code from xycar_msgs/laneinfo.msg[0m
[ 94%] Built target xycar_msgs_generate_messages_nodejs
[ 94%] Built target xycar_msgs_generate_messages_lisp
[100%] [34m[1mGenerating Python msg __init__.py for xycar_msgs[0m
[100%] Built target xycar_msgs_generate_messages_cpp
[100%] Built target xycar_msgs_generate_messages_eus
[100%] Built target xycar_msgs_generate_messages_py
[35m[1mScanning dependencies of target xycar_msgs_generate_messages[0m
[100%] Built target xycar_msgs_generate_messages
[35m[1mScanning dependencies of target tests[0m
Built target tests
-- Install configuration: ""
-- Installing: /home/dylan/xytron/xycar_ws/install/xycar_msgs/share/xycar_msgs/msg/XycarMotor.msg
-- Installing: /home/dylan/xytron/xycar_ws/install/xycar_msgs/share/xycar_msgs/msg/XycarUltrasonic.msg
-- Installing: /home/dylan/xytron/xycar_ws/install/xycar_msgs/share/xycar_msgs/msg/laneinfo.msg
-- Installing: /home/dylan/xytron/xycar_ws/install/xycar_msgs/share/xycar_msgs/cmake/xycar_msgs-msg-paths.cmake
-- Installing: /home/dylan/xytron/xycar_ws/install/xycar_msgs/include/xycar_msgs
-- Installing: /home/dylan/xytron/xycar_ws/install/xycar_msgs/include/xycar_msgs/laneinfo.h
-- Installing: /home/dylan/xytron/xycar_ws/install/xycar_msgs/include/xycar_msgs/XycarUltrasonic.h
-- Installing: /home/dylan/xytron/xycar_ws/install/xycar_msgs/include/xycar_msgs/XycarMotor.h
-- Installing: /home/dylan/xytron/xycar_ws/install/xycar_msgs/share/roseus/ros/xycar_msgs
-- Installing: /home/dylan/xytron/xycar_ws/install/xycar_msgs/share/roseus/ros/xycar_msgs/manifest.l
-- Installing: /home/dylan/xytron/xycar_ws/install/xycar_msgs/share/roseus/ros/xycar_msgs/msg
-- Installing: /home/dylan/xytron/xycar_ws/install/xycar_msgs/share/roseus/ros/xycar_msgs/msg/laneinfo.l
-- Installing: /home/dylan/xytron/xycar_ws/install/xycar_msgs/share/roseus/ros/xycar_msgs/msg/XycarUltrasonic.l
-- Installing: /home/dylan/xytron/xycar_ws/install/xycar_msgs/share/roseus/ros/xycar_msgs/msg/XycarMotor.l
-- Installing: /home/dylan/xytron/xycar_ws/install/xycar_msgs/share/common-lisp/ros/xycar_msgs
-- Installing: /home/dylan/xytron/xycar_ws/install/xycar_msgs/share/common-lisp/ros/xycar_msgs/msg
-- Installing: /home/dylan/xytron/xycar_ws/install/xycar_msgs/share/common-lisp/ros/xycar_msgs/msg/_package_XycarMotor.lisp
-- Installing: /home/dylan/xytron/xycar_ws/install/xycar_msgs/share/common-lisp/ros/xycar_msgs/msg/_package.lisp
-- Installing: /home/dylan/xytron/xycar_ws/install/xycar_msgs/share/common-lisp/ros/xycar_msgs/msg/laneinfo.lisp
-- Installing: /home/dylan/xytron/xycar_ws/install/xycar_msgs/share/common-lisp/ros/xycar_msgs/msg/XycarMotor.lisp
-- Installing: /home/dylan/xytron/xycar_ws/install/xycar_msgs/share/common-lisp/ros/xycar_msgs/msg/_package_XycarUltrasonic.lisp
-- Installing: /home/dylan/xytron/xycar_ws/install/xycar_msgs/share/common-lisp/ros/xycar_msgs/msg/XycarUltrasonic.lisp
-- Installing: /home/dylan/xytron/xycar_ws/install/xycar_msgs/share/common-lisp/ros/xycar_msgs/msg/_package_laneinfo.lisp
-- Installing: /home/dylan/xytron/xycar_ws/install/xycar_msgs/share/common-lisp/ros/xycar_msgs/msg/xycar_msgs-msg.asd
-- Installing: /home/dylan/xytron/xycar_ws/install/xycar_msgs/share/gennodejs/ros/xycar_msgs
-- Installing: /home/dylan/xytron/xycar_ws/install/xycar_msgs/share/gennodejs/ros/xycar_msgs/_index.js
-- Installing: /home/dylan/xytron/xycar_ws/install/xycar_msgs/share/gennodejs/ros/xycar_msgs/msg
-- Installing: /home/dylan/xytron/xycar_ws/install/xycar_msgs/share/gennodejs/ros/xycar_msgs/msg/laneinfo.js
-- Installing: /home/dylan/xytron/xycar_ws/install/xycar_msgs/share/gennodejs/ros/xycar_msgs/msg/XycarUltrasonic.js
-- Installing: /home/dylan/xytron/xycar_ws/install/xycar_msgs/share/gennodejs/ros/xycar_msgs/msg/_index.js
-- Installing: /home/dylan/xytron/xycar_ws/install/xycar_msgs/share/gennodejs/ros/xycar_msgs/msg/XycarMotor.js
Listing '/home/dylan/xytron/xycar_ws/build/xycar_msgs/devel/lib/python3/dist-packages/xycar_msgs'...
Compiling '/home/dylan/xytron/xycar_ws/build/xycar_msgs/devel/lib/python3/dist-packages/xycar_msgs/__init__.py'...
Listing '/home/dylan/xytron/xycar_ws/build/xycar_msgs/devel/lib/python3/dist-packages/xycar_msgs/msg'...
Compiling '/home/dylan/xytron/xycar_ws/build/xycar_msgs/devel/lib/python3/dist-packages/xycar_msgs/msg/_XycarMotor.py'...
Compiling '/home/dylan/xytron/xycar_ws/build/xycar_msgs/devel/lib/python3/dist-packages/xycar_msgs/msg/_XycarUltrasonic.py'...
Compiling '/home/dylan/xytron/xycar_ws/build/xycar_msgs/devel/lib/python3/dist-packages/xycar_msgs/msg/__init__.py'...
Compiling '/home/dylan/xytron/xycar_ws/build/xycar_msgs/devel/lib/python3/dist-packages/xycar_msgs/msg/_laneinfo.py'...
-- Installing: /home/dylan/xytron/xycar_ws/install/xycar_msgs/lib/python3/dist-packages/xycar_msgs
-- Installing: /home/dylan/xytron/xycar_ws/install/xycar_msgs/lib/python3/dist-packages/xycar_msgs/__pycache__
-- Installing: /home/dylan/xytron/xycar_ws/install/xycar_msgs/lib/python3/dist-packages/xycar_msgs/__pycache__/__init__.cpython-38.pyc
-- Installing: /home/dylan/xytron/xycar_ws/install/xycar_msgs/lib/python3/dist-packages/xycar_msgs/msg
-- Installing: /home/dylan/xytron/xycar_ws/install/xycar_msgs/lib/python3/dist-packages/xycar_msgs/msg/_XycarUltrasonic.py
-- Installing: /home/dylan/xytron/xycar_ws/install/xycar_msgs/lib/python3/dist-packages/xycar_msgs/msg/__pycache__
-- Installing: /home/dylan/xytron/xycar_ws/install/xycar_msgs/lib/python3/dist-packages/xycar_msgs/msg/__pycache__/__init__.cpython-38.pyc
-- Installing: /home/dylan/xytron/xycar_ws/install/xycar_msgs/lib/python3/dist-packages/xycar_msgs/msg/__pycache__/_laneinfo.cpython-38.pyc
-- Installing: /home/dylan/xytron/xycar_ws/install/xycar_msgs/lib/python3/dist-packages/xycar_msgs/msg/__pycache__/_XycarUltrasonic.cpython-38.pyc
-- Installing: /home/dylan/xytron/xycar_ws/install/xycar_msgs/lib/python3/dist-packages/xycar_msgs/msg/__pycache__/_XycarMotor.cpython-38.pyc
-- Installing: /home/dylan/xytron/xycar_ws/install/xycar_msgs/lib/python3/dist-packages/xycar_msgs/msg/__init__.py
-- Installing: /home/dylan/xytron/xycar_ws/install/xycar_msgs/lib/python3/dist-packages/xycar_msgs/msg/_laneinfo.py
-- Installing: /home/dylan/xytron/xycar_ws/install/xycar_msgs/lib/python3/dist-packages/xycar_msgs/msg/_XycarMotor.py
-- Installing: /home/dylan/xytron/xycar_ws/install/xycar_msgs/lib/python3/dist-packages/xycar_msgs/__init__.py
-- Installing: /home/dylan/xytron/xycar_ws/install/xycar_msgs/lib/pkgconfig/xycar_msgs.pc
-- Installing: /home/dylan/xytron/xycar_ws/install/xycar_msgs/share/xycar_msgs/cmake/xycar_msgs-msg-extras.cmake
-- Installing: /home/dylan/xytron/xycar_ws/install/xycar_msgs/share/xycar_msgs/cmake/xycar_msgsConfig.cmake
-- Installing: /home/dylan/xytron/xycar_ws/install/xycar_msgs/share/xycar_msgs/cmake/xycar_msgsConfig-version.cmake
-- Installing: /home/dylan/xytron/xycar_ws/install/xycar_msgs/share/xycar_msgs/package.xml
