[0.013s] Invoking command in '/home/dylan/xytron/xycar_ws/build/xycar_msgs': /usr/bin/cmake /home/dylan/xytron/xycar_ws/src/kookmin/xycar_msgs -DCATKIN_INSTALL_INTO_PREFIX_ROOT=0 -DCMAKE_INSTALL_PREFIX=/home/dylan/xytron/xycar_ws/install/xycar_msgs
[0.028s] -- Using CATKIN_DEVEL_PREFIX: /home/dylan/xytron/xycar_ws/build/xycar_msgs/devel
[0.028s] -- Using CMAKE_PREFIX_PATH: /opt/ros/noetic
[0.028s] -- This workspace overlays: /opt/ros/noetic
[0.047s] -- Found PythonInterp: /usr/bin/python3 (found suitable version "3.8.10", minimum required is "3") 
[0.047s] -- Using PYTHON_EXECUTABLE: /usr/bin/python3
[0.048s] -- Using Debian Python package layout
[0.073s] -- Found PY_em: /usr/lib/python3/dist-packages/em.py  
[0.073s] -- Using empy: /usr/lib/python3/dist-packages/em.py
[0.170s] -- Using CATKIN_ENABLE_TESTING: ON
[0.170s] -- Call enable_testing()
[0.174s] -- Using CATKIN_TEST_RESULTS_DIR: /home/dylan/xytron/xycar_ws/build/xycar_msgs/test_results
[0.481s] -- Forcing gtest/gmock from source, though one was otherwise available.
[0.481s] -- Found gtest sources under '/usr/src/googletest': gtests will be built
[0.481s] -- Found gmock sources under '/usr/src/googletest': gmock will be built
[0.510s] -- Found PythonInterp: /usr/bin/python3 (found version "3.8.10") 
[0.512s] -- Found Threads: TRUE  
[0.516s] -- Using Python nosetests: /usr/bin/nosetests3
[0.576s] -- catkin 0.8.10
[0.576s] -- BUILD_SHARED_LIBS is on
[0.715s] -- Using these message generators: gencpp;geneus;genlisp;gennodejs;genpy
[0.884s] -- xycar_msgs: 3 messages, 0 services
[1.037s] -- Configuring done
[1.049s] -- Generating done
[1.054s] -- Build files have been written to: /home/dylan/xytron/xycar_ws/build/xycar_msgs
[1.058s] Invoked command in '/home/dylan/xytron/xycar_ws/build/xycar_msgs' returned '0': /usr/bin/cmake /home/dylan/xytron/xycar_ws/src/kookmin/xycar_msgs -DCATKIN_INSTALL_INTO_PREFIX_ROOT=0 -DCMAKE_INSTALL_PREFIX=/home/dylan/xytron/xycar_ws/install/xycar_msgs
[1.061s] Invoking command in '/home/dylan/xytron/xycar_ws/build/xycar_msgs': /usr/bin/cmake --build /home/dylan/xytron/xycar_ws/build/xycar_msgs -- -j16 -l16
[1.143s] [35m[1mScanning dependencies of target _xycar_msgs_generate_messages_check_deps_XycarUltrasonic[0m
[1.149s] [35m[1mScanning dependencies of target sensor_msgs_generate_messages_cpp[0m
[1.151s] [35m[1mScanning dependencies of target sensor_msgs_generate_messages_eus[0m
[1.153s] [35m[1mScanning dependencies of target std_msgs_generate_messages_py[0m
[1.155s] [35m[1mScanning dependencies of target sensor_msgs_generate_messages_lisp[0m
[1.156s] [35m[1mScanning dependencies of target std_msgs_generate_messages_cpp[0m
[1.158s] [35m[1mScanning dependencies of target std_msgs_generate_messages_nodejs[0m
[1.159s] [35m[1mScanning dependencies of target _xycar_msgs_generate_messages_check_deps_laneinfo[0m
[1.160s] [35m[1mScanning dependencies of target std_msgs_generate_messages_lisp[0m
[1.161s] [35m[1mScanning dependencies of target std_msgs_generate_messages_eus[0m
[1.163s] [35m[1mScanning dependencies of target sensor_msgs_generate_messages_py[0m
[1.166s] [35m[1mScanning dependencies of target _xycar_msgs_generate_messages_check_deps_XycarMotor[0m
[1.168s] [35m[1mScanning dependencies of target sensor_msgs_generate_messages_nodejs[0m
[1.205s] [  0%] Built target sensor_msgs_generate_messages_cpp
[1.206s] [  0%] Built target sensor_msgs_generate_messages_eus
[1.207s] [  0%] Built target sensor_msgs_generate_messages_lisp
[1.211s] [  0%] Built target std_msgs_generate_messages_lisp
[1.211s] [  0%] Built target std_msgs_generate_messages_cpp
[1.215s] [  0%] Built target std_msgs_generate_messages_py
[1.215s] [  0%] Built target std_msgs_generate_messages_nodejs
[1.218s] [  0%] Built target sensor_msgs_generate_messages_nodejs
[1.220s] [  0%] Built target sensor_msgs_generate_messages_py
[1.225s] [  0%] Built target std_msgs_generate_messages_eus
[1.258s] [  0%] Built target _xycar_msgs_generate_messages_check_deps_XycarMotor
[1.258s] [  0%] Built target _xycar_msgs_generate_messages_check_deps_laneinfo
[1.271s] [  0%] Built target _xycar_msgs_generate_messages_check_deps_XycarUltrasonic
[1.307s] [35m[1mScanning dependencies of target xycar_msgs_generate_messages_lisp[0m
[1.308s] [35m[1mScanning dependencies of target xycar_msgs_generate_messages_nodejs[0m
[1.308s] [35m[1mScanning dependencies of target xycar_msgs_generate_messages_eus[0m
[1.312s] [35m[1mScanning dependencies of target xycar_msgs_generate_messages_cpp[0m
[1.313s] [35m[1mScanning dependencies of target xycar_msgs_generate_messages_py[0m
[1.341s] [  5%] [34m[1mGenerating Javascript code from xycar_msgs/XycarMotor.msg[0m
[1.353s] [ 11%] [34m[1mGenerating Javascript code from xycar_msgs/laneinfo.msg[0m
[1.356s] [ 23%] [34m[1mGenerating Python from MSG xycar_msgs/XycarMotor[0m
[1.356s] [ 23%] [34m[1mGenerating Lisp code from xycar_msgs/XycarUltrasonic.msg[0m
[1.364s] [ 29%] [34m[1mGenerating Lisp code from xycar_msgs/laneinfo.msg[0m
[1.367s] [ 35%] [34m[1mGenerating EusLisp code from xycar_msgs/XycarUltrasonic.msg[0m
[1.369s] [ 41%] [34m[1mGenerating EusLisp code from xycar_msgs/laneinfo.msg[0m
[1.370s] [ 47%] [34m[1mGenerating EusLisp manifest code for xycar_msgs[0m
[1.375s] [ 52%] [34m[1mGenerating Lisp code from xycar_msgs/XycarMotor.msg[0m
[1.376s] [ 58%] [34m[1mGenerating Python from MSG xycar_msgs/laneinfo[0m
[1.376s] [ 64%] [34m[1mGenerating C++ code from xycar_msgs/XycarMotor.msg[0m
[1.376s] [ 70%] [34m[1mGenerating Javascript code from xycar_msgs/XycarUltrasonic.msg[0m
[1.376s] [ 76%] [34m[1mGenerating C++ code from xycar_msgs/XycarUltrasonic.msg[0m
[1.386s] [ 82%] [34m[1mGenerating Python from MSG xycar_msgs/XycarUltrasonic[0m
[1.389s] [ 88%] [34m[1mGenerating EusLisp code from xycar_msgs/XycarMotor.msg[0m
[1.398s] [ 94%] [34m[1mGenerating C++ code from xycar_msgs/laneinfo.msg[0m
[1.607s] [ 94%] Built target xycar_msgs_generate_messages_nodejs
[1.621s] [ 94%] Built target xycar_msgs_generate_messages_lisp
[1.803s] [100%] [34m[1mGenerating Python msg __init__.py for xycar_msgs[0m
[1.807s] [100%] Built target xycar_msgs_generate_messages_cpp
[1.950s] [100%] Built target xycar_msgs_generate_messages_eus
[1.958s] [100%] Built target xycar_msgs_generate_messages_py
[1.972s] [35m[1mScanning dependencies of target xycar_msgs_generate_messages[0m
[1.984s] [100%] Built target xycar_msgs_generate_messages
[1.996s] Invoked command in '/home/dylan/xytron/xycar_ws/build/xycar_msgs' returned '0': /usr/bin/cmake --build /home/dylan/xytron/xycar_ws/build/xycar_msgs -- -j16 -l16
[2.000s] Invoking command in '/home/dylan/xytron/xycar_ws/build/xycar_msgs': /usr/bin/cmake --build /home/dylan/xytron/xycar_ws/build/xycar_msgs --target tests -- -j16 -l16
[2.056s] [35m[1mScanning dependencies of target tests[0m
[2.069s] Built target tests
[2.080s] Invoked command in '/home/dylan/xytron/xycar_ws/build/xycar_msgs' returned '0': /usr/bin/cmake --build /home/dylan/xytron/xycar_ws/build/xycar_msgs --target tests -- -j16 -l16
[2.083s] Invoking command in '/home/dylan/xytron/xycar_ws/build/xycar_msgs': /usr/bin/cmake --install /home/dylan/xytron/xycar_ws/build/xycar_msgs
[2.092s] -- Install configuration: ""
[2.092s] -- Installing: /home/dylan/xytron/xycar_ws/install/xycar_msgs/share/xycar_msgs/msg/XycarMotor.msg
[2.092s] -- Installing: /home/dylan/xytron/xycar_ws/install/xycar_msgs/share/xycar_msgs/msg/XycarUltrasonic.msg
[2.092s] -- Installing: /home/dylan/xytron/xycar_ws/install/xycar_msgs/share/xycar_msgs/msg/laneinfo.msg
[2.093s] -- Installing: /home/dylan/xytron/xycar_ws/install/xycar_msgs/share/xycar_msgs/cmake/xycar_msgs-msg-paths.cmake
[2.093s] -- Installing: /home/dylan/xytron/xycar_ws/install/xycar_msgs/include/xycar_msgs
[2.093s] -- Installing: /home/dylan/xytron/xycar_ws/install/xycar_msgs/include/xycar_msgs/laneinfo.h
[2.093s] -- Installing: /home/dylan/xytron/xycar_ws/install/xycar_msgs/include/xycar_msgs/XycarUltrasonic.h
[2.093s] -- Installing: /home/dylan/xytron/xycar_ws/install/xycar_msgs/include/xycar_msgs/XycarMotor.h
[2.093s] -- Installing: /home/dylan/xytron/xycar_ws/install/xycar_msgs/share/roseus/ros/xycar_msgs
[2.093s] -- Installing: /home/dylan/xytron/xycar_ws/install/xycar_msgs/share/roseus/ros/xycar_msgs/manifest.l
[2.093s] -- Installing: /home/dylan/xytron/xycar_ws/install/xycar_msgs/share/roseus/ros/xycar_msgs/msg
[2.094s] -- Installing: /home/dylan/xytron/xycar_ws/install/xycar_msgs/share/roseus/ros/xycar_msgs/msg/laneinfo.l
[2.094s] -- Installing: /home/dylan/xytron/xycar_ws/install/xycar_msgs/share/roseus/ros/xycar_msgs/msg/XycarUltrasonic.l
[2.094s] -- Installing: /home/dylan/xytron/xycar_ws/install/xycar_msgs/share/roseus/ros/xycar_msgs/msg/XycarMotor.l
[2.094s] -- Installing: /home/dylan/xytron/xycar_ws/install/xycar_msgs/share/common-lisp/ros/xycar_msgs
[2.094s] -- Installing: /home/dylan/xytron/xycar_ws/install/xycar_msgs/share/common-lisp/ros/xycar_msgs/msg
[2.094s] -- Installing: /home/dylan/xytron/xycar_ws/install/xycar_msgs/share/common-lisp/ros/xycar_msgs/msg/_package_XycarMotor.lisp
[2.094s] -- Installing: /home/dylan/xytron/xycar_ws/install/xycar_msgs/share/common-lisp/ros/xycar_msgs/msg/_package.lisp
[2.094s] -- Installing: /home/dylan/xytron/xycar_ws/install/xycar_msgs/share/common-lisp/ros/xycar_msgs/msg/laneinfo.lisp
[2.094s] -- Installing: /home/dylan/xytron/xycar_ws/install/xycar_msgs/share/common-lisp/ros/xycar_msgs/msg/XycarMotor.lisp
[2.094s] -- Installing: /home/dylan/xytron/xycar_ws/install/xycar_msgs/share/common-lisp/ros/xycar_msgs/msg/_package_XycarUltrasonic.lisp
[2.094s] -- Installing: /home/dylan/xytron/xycar_ws/install/xycar_msgs/share/common-lisp/ros/xycar_msgs/msg/XycarUltrasonic.lisp
[2.095s] -- Installing: /home/dylan/xytron/xycar_ws/install/xycar_msgs/share/common-lisp/ros/xycar_msgs/msg/_package_laneinfo.lisp
[2.095s] -- Installing: /home/dylan/xytron/xycar_ws/install/xycar_msgs/share/common-lisp/ros/xycar_msgs/msg/xycar_msgs-msg.asd
[2.095s] -- Installing: /home/dylan/xytron/xycar_ws/install/xycar_msgs/share/gennodejs/ros/xycar_msgs
[2.095s] -- Installing: /home/dylan/xytron/xycar_ws/install/xycar_msgs/share/gennodejs/ros/xycar_msgs/_index.js
[2.095s] -- Installing: /home/dylan/xytron/xycar_ws/install/xycar_msgs/share/gennodejs/ros/xycar_msgs/msg
[2.095s] -- Installing: /home/dylan/xytron/xycar_ws/install/xycar_msgs/share/gennodejs/ros/xycar_msgs/msg/laneinfo.js
[2.095s] -- Installing: /home/dylan/xytron/xycar_ws/install/xycar_msgs/share/gennodejs/ros/xycar_msgs/msg/XycarUltrasonic.js
[2.095s] -- Installing: /home/dylan/xytron/xycar_ws/install/xycar_msgs/share/gennodejs/ros/xycar_msgs/msg/_index.js
[2.095s] -- Installing: /home/dylan/xytron/xycar_ws/install/xycar_msgs/share/gennodejs/ros/xycar_msgs/msg/XycarMotor.js
[2.130s] Listing '/home/dylan/xytron/xycar_ws/build/xycar_msgs/devel/lib/python3/dist-packages/xycar_msgs'...
[2.130s] Compiling '/home/dylan/xytron/xycar_ws/build/xycar_msgs/devel/lib/python3/dist-packages/xycar_msgs/__init__.py'...
[2.130s] Listing '/home/dylan/xytron/xycar_ws/build/xycar_msgs/devel/lib/python3/dist-packages/xycar_msgs/msg'...
[2.130s] Compiling '/home/dylan/xytron/xycar_ws/build/xycar_msgs/devel/lib/python3/dist-packages/xycar_msgs/msg/_XycarMotor.py'...
[2.130s] Compiling '/home/dylan/xytron/xycar_ws/build/xycar_msgs/devel/lib/python3/dist-packages/xycar_msgs/msg/_XycarUltrasonic.py'...
[2.130s] Compiling '/home/dylan/xytron/xycar_ws/build/xycar_msgs/devel/lib/python3/dist-packages/xycar_msgs/msg/__init__.py'...
[2.130s] Compiling '/home/dylan/xytron/xycar_ws/build/xycar_msgs/devel/lib/python3/dist-packages/xycar_msgs/msg/_laneinfo.py'...
[2.134s] -- Installing: /home/dylan/xytron/xycar_ws/install/xycar_msgs/lib/python3/dist-packages/xycar_msgs
[2.134s] -- Installing: /home/dylan/xytron/xycar_ws/install/xycar_msgs/lib/python3/dist-packages/xycar_msgs/__pycache__
[2.134s] -- Installing: /home/dylan/xytron/xycar_ws/install/xycar_msgs/lib/python3/dist-packages/xycar_msgs/__pycache__/__init__.cpython-38.pyc
[2.134s] -- Installing: /home/dylan/xytron/xycar_ws/install/xycar_msgs/lib/python3/dist-packages/xycar_msgs/msg
[2.134s] -- Installing: /home/dylan/xytron/xycar_ws/install/xycar_msgs/lib/python3/dist-packages/xycar_msgs/msg/_XycarUltrasonic.py
[2.134s] -- Installing: /home/dylan/xytron/xycar_ws/install/xycar_msgs/lib/python3/dist-packages/xycar_msgs/msg/__pycache__
[2.135s] -- Installing: /home/dylan/xytron/xycar_ws/install/xycar_msgs/lib/python3/dist-packages/xycar_msgs/msg/__pycache__/__init__.cpython-38.pyc
[2.135s] -- Installing: /home/dylan/xytron/xycar_ws/install/xycar_msgs/lib/python3/dist-packages/xycar_msgs/msg/__pycache__/_laneinfo.cpython-38.pyc
[2.135s] -- Installing: /home/dylan/xytron/xycar_ws/install/xycar_msgs/lib/python3/dist-packages/xycar_msgs/msg/__pycache__/_XycarUltrasonic.cpython-38.pyc
[2.135s] -- Installing: /home/dylan/xytron/xycar_ws/install/xycar_msgs/lib/python3/dist-packages/xycar_msgs/msg/__pycache__/_XycarMotor.cpython-38.pyc
[2.135s] -- Installing: /home/dylan/xytron/xycar_ws/install/xycar_msgs/lib/python3/dist-packages/xycar_msgs/msg/__init__.py
[2.135s] -- Installing: /home/dylan/xytron/xycar_ws/install/xycar_msgs/lib/python3/dist-packages/xycar_msgs/msg/_laneinfo.py
[2.135s] -- Installing: /home/dylan/xytron/xycar_ws/install/xycar_msgs/lib/python3/dist-packages/xycar_msgs/msg/_XycarMotor.py
[2.135s] -- Installing: /home/dylan/xytron/xycar_ws/install/xycar_msgs/lib/python3/dist-packages/xycar_msgs/__init__.py
[2.135s] -- Installing: /home/dylan/xytron/xycar_ws/install/xycar_msgs/lib/pkgconfig/xycar_msgs.pc
[2.135s] -- Installing: /home/dylan/xytron/xycar_ws/install/xycar_msgs/share/xycar_msgs/cmake/xycar_msgs-msg-extras.cmake
[2.135s] -- Installing: /home/dylan/xytron/xycar_ws/install/xycar_msgs/share/xycar_msgs/cmake/xycar_msgsConfig.cmake
[2.135s] -- Installing: /home/dylan/xytron/xycar_ws/install/xycar_msgs/share/xycar_msgs/cmake/xycar_msgsConfig-version.cmake
[2.136s] -- Installing: /home/dylan/xytron/xycar_ws/install/xycar_msgs/share/xycar_msgs/package.xml
[2.138s] Invoked command in '/home/dylan/xytron/xycar_ws/build/xycar_msgs' returned '0': /usr/bin/cmake --install /home/dylan/xytron/xycar_ws/build/xycar_msgs
