[0.016s] Invoking command in '/home/dylan/xytron/xycar_ws/build/xycar_msgs': /usr/bin/cmake /home/dylan/xytron/xycar_ws/src/kookmin/xycar_msgs -DCATKIN_INSTALL_INTO_PREFIX_ROOT=0 -DCMAKE_INSTALL_PREFIX=/home/dylan/xytron/xycar_ws/install/xycar_msgs
[0.078s] -- The C compiler identification is GNU 9.4.0
[0.135s] -- The CXX compiler identification is GNU 9.4.0
[0.140s] -- Check for working C compiler: /usr/bin/cc
[0.228s] -- Check for working C compiler: /usr/bin/cc -- works
[0.229s] -- Detecting C compiler ABI info
[0.316s] -- Detecting C compiler ABI info - done
[0.331s] -- Detecting C compile features
[0.332s] -- Detecting C compile features - done
[0.335s] -- Check for working CXX compiler: /usr/bin/c++
[0.417s] -- Check for working CXX compiler: /usr/bin/c++ -- works
[0.419s] -- Detecting CXX compiler ABI info
[0.503s] -- Detecting CXX compiler ABI info - done
[0.514s] -- Detecting CXX compile features
[0.514s] -- Detecting CXX compile features - done
[0.523s] CMake Error at CMakeLists.txt:5 (find_package):
[0.523s]   By not providing "Findcatkin.cmake" in CMAKE_MODULE_PATH this project has
[0.524s]   asked CMake to find a package configuration file provided by "catkin", but
[0.524s]   CMake did not find one.
[0.524s] 
[0.524s]   Could not find a package configuration file provided by "catkin" with any
[0.524s]   of the following names:
[0.524s] 
[0.524s]     catkinConfig.cmake
[0.524s]     catkin-config.cmake
[0.524s] 
[0.524s]   Add the installation prefix of "catkin" to CMAKE_PREFIX_PATH or set
[0.524s]   "catkin_DIR" to a directory containing one of the above files.  If "catkin"
[0.525s]   provides a separate development package or SDK, be sure it has been
[0.525s]   installed.
[0.525s] 
[0.525s] 
[0.525s] -- Configuring incomplete, errors occurred!
[0.525s] See also "/home/dylan/xytron/xycar_ws/build/xycar_msgs/CMakeFiles/CMakeOutput.log".
[0.526s] Invoked command in '/home/dylan/xytron/xycar_ws/build/xycar_msgs' returned '1': /usr/bin/cmake /home/dylan/xytron/xycar_ws/src/kookmin/xycar_msgs -DCATKIN_INSTALL_INTO_PREFIX_ROOT=0 -DCMAKE_INSTALL_PREFIX=/home/dylan/xytron/xycar_ws/install/xycar_msgs
